{"level":"info","message":{"body":"","method":"GET","params":{},"query":{},"url":"/api/customer/getAll"},"timestamp":"2023-04-04 17:42:26"}
{"level":"info","message":{"body":"","method":"PUT","params":{},"query":"","url":"/api/customer/create/p"},"timestamp":"2023-04-04 17:44:45"}
{"level":"info","message":{"body":"","method":"PUT","params":{},"query":"","url":"/api/customer/create/c"},"timestamp":"2023-04-04 17:44:56"}
{"level":"info","message":{"body":"","method":"GET","params":{},"query":{},"url":"/api/customer/getAll"},"timestamp":"2023-04-04 17:45:32"}
{"level":"info","message":{"body":"","method":"PUT","params":{},"query":"","url":"/api/customer/create/c"},"timestamp":"2023-04-04 17:55:36"}
{"level":"info","message":{"body":"","method":"GET","params":{},"query":{},"url":"/api/company/getAll"},"timestamp":"2023-04-04 17:56:19"}
{"level":"info","message":{"body":"","method":"GET","params":{},"query":{},"url":"/api/user/getAll"},"timestamp":"2023-04-04 17:56:31"}
{"level":"info","message":{"body":"","method":"GET","params":{},"query":{},"url":"/api/person/getAll"},"timestamp":"2023-04-04 17:59:57"}
{"level":"info","message":{"body":"","method":"PUT","params":{},"query":"","url":"/api/customer/create/p"},"timestamp":"2023-04-04 18:02:40"}
{"level":"info","message":{"body":"","method":"GET","params":{},"query":{},"url":"/api/person/getAll"},"timestamp":"2023-04-04 18:03:08"}
{"level":"info","message":{"body":"","method":"GET","params":{},"query":{},"url":"/api/user/getAll"},"timestamp":"2023-04-04 18:03:41"}
{"level":"info","message":{"body":"","method":"GET","params":{},"query":{},"url":"/api/company/getAll"},"timestamp":"2023-04-04 18:08:17"}
{"level":"info","message":{"body":"","method":"PUT","params":{},"query":"","url":"/api/customer/update/d68c7507-260c-4efe-b51f-5a27c2c6d9c0"},"timestamp":"2023-04-04 18:08:45"}
{"level":"info","message":{"body":"","method":"PUT","params":{},"query":"","url":"/api/customer/update/5afb9afc-5972-410f-8b51-f78ca19e4529"},"timestamp":"2023-04-04 18:09:53"}
{"level":"info","message":{"body":"","method":"GET","params":{},"query":{},"url":"/api/person/getAll"},"timestamp":"2023-04-04 18:28:42"}
{"level":"info","message":{"body":"","method":"GET","params":{},"query":{},"url":"/api/company/getAll"},"timestamp":"2023-04-04 18:44:15"}
{"level":"info","message":{"body":{"email":"willypruebas6@gmail.com","password":"2345678"},"method":"POST","params":"","query":"","url":"/api/user/validate"},"timestamp":"2023-04-04 18:48:42"}
{"level":"info","message":{"body":{"email":"willypruebas6@gmail.com","password":"957902342"},"method":"POST","params":"","query":"","url":"/api/user/validate"},"timestamp":"2023-04-04 18:48:54"}
{"level":"info","message":{"body":{"email":"Dellis@gmail.com","password":"957902342"},"method":"POST","params":"","query":"","url":"/api/user/validate"},"timestamp":"2023-04-04 18:49:03"}
{"level":"info","message":{"body":"","method":"GET","params":{},"query":{},"url":"/api/person/getAll"},"timestamp":"2023-04-04 18:49:11"}
{"level":"info","message":{"body":{"email":"gatorade@gmail.com","password":"957902342"},"method":"POST","params":"","query":"","url":"/api/user/validate"},"timestamp":"2023-04-04 18:49:41"}
