{"level":"info","message":{"body":"","method":"GET","params":{},"query":{},"url":"/api/customer/getAll"},"timestamp":"2023-04-18 01:34:59"}
{"level":"info","message":{"body":"","method":"GET","params":{},"query":{},"url":"/api/customer/getById/87239dcf-3e64-4874-a8ae-321addc7d026"},"timestamp":"2023-04-18 01:35:00"}
{"level":"info","message":{"body":"","method":"GET","params":{},"query":{},"url":"/api/customer/getAll"},"timestamp":"2023-04-18 01:35:00"}
{"level":"info","message":{"body":"","method":"GET","params":{},"query":{},"url":"/api/customer/getAll"},"timestamp":"2023-04-18 01:35:01"}
{"level":"info","message":{"body":"","method":"GET","params":{},"query":{},"url":"/api/customer/getById/87239dcf-3e64-4874-a8ae-321addc7d026"},"timestamp":"2023-04-18 01:35:02"}
{"level":"info","message":{"body":"","method":"GET","params":{},"query":{},"url":"/api/customer/getAll"},"timestamp":"2023-04-18 01:35:02"}
{"level":"info","message":{"body":"","method":"GET","params":{},"query":{},"url":"/api/customer/getAll"},"timestamp":"2023-04-18 01:35:04"}
{"level":"info","message":{"body":"","method":"GET","params":{},"query":{},"url":"/api/customer/getAll"},"timestamp":"2023-04-18 01:35:05"}
{"level":"info","message":{"body":"","method":"GET","params":{},"query":{},"url":"/api/customer/getById/f31523d6-3db7-43eb-ad09-4e9e5fb075a5"},"timestamp":"2023-04-18 01:35:05"}
{"level":"info","message":{"body":"","method":"GET","params":{},"query":{},"url":"/api/customer/getAll"},"timestamp":"2023-04-18 01:35:06"}
{"level":"info","message":{"body":"","method":"GET","params":{},"query":{},"url":"/api/customer/getAll"},"timestamp":"2023-04-18 01:35:07"}
{"level":"info","message":{"body":"","method":"GET","params":{},"query":{},"url":"/api/customer/getById/87239dcf-3e64-4874-a8ae-321addc7d026"},"timestamp":"2023-04-18 01:35:07"}
{"level":"info","message":{"body":"","method":"GET","params":{},"query":{},"url":"/api/customer/getAll"},"timestamp":"2023-04-18 01:35:40"}
{"level":"info","message":{"body":"","method":"GET","params":{},"query":{},"url":"/api/customer/getById/f31523d6-3db7-43eb-ad09-4e9e5fb075a5"},"timestamp":"2023-04-18 01:35:41"}
{"level":"info","message":{"body":"","method":"GET","params":{},"query":{},"url":"/api/customer/getAll"},"timestamp":"2023-04-18 01:35:41"}
{"level":"info","message":{"body":"","method":"GET","params":{},"query":{},"url":"/api/customer/getAll"},"timestamp":"2023-04-18 01:36:05"}
{"level":"info","message":{"body":"","method":"GET","params":{},"query":{},"url":"/api/customer/getAll"},"timestamp":"2023-04-18 01:36:08"}
{"level":"info","message":{"body":"","method":"GET","params":{},"query":{},"url":"/api/customer/getById/87239dcf-3e64-4874-a8ae-321addc7d026"},"timestamp":"2023-04-18 01:36:08"}
{"level":"info","message":{"body":"","method":"GET","params":{},"query":{},"url":"/api/customer/getAll"},"timestamp":"2023-04-18 01:36:17"}
{"level":"info","message":{"body":"","method":"GET","params":{},"query":{},"url":"/api/customer/getAll"},"timestamp":"2023-04-18 01:36:21"}
{"level":"info","message":{"body":"","method":"GET","params":{},"query":{},"url":"/api/customer/getById/f31523d6-3db7-43eb-ad09-4e9e5fb075a5"},"timestamp":"2023-04-18 01:36:21"}
{"level":"info","message":{"body":"","method":"GET","params":{},"query":{},"url":"/api/customer/getAll"},"timestamp":"2023-04-18 01:37:02"}
{"level":"info","message":{"body":"","method":"GET","params":{},"query":{},"url":"/api/customer/getAll"},"timestamp":"2023-04-18 01:37:04"}
{"level":"info","message":{"body":"","method":"GET","params":{},"query":{},"url":"/api/customer/getById/87239dcf-3e64-4874-a8ae-321addc7d026"},"timestamp":"2023-04-18 01:37:04"}
{"level":"info","message":{"body":"","method":"GET","params":{},"query":{},"url":"/api/customer/getAll"},"timestamp":"2023-04-18 01:37:59"}
{"level":"info","message":{"body":"","method":"GET","params":{},"query":{},"url":"/api/customer/getById/f31523d6-3db7-43eb-ad09-4e9e5fb075a5"},"timestamp":"2023-04-18 01:38:11"}
{"level":"info","message":{"body":"","method":"GET","params":{},"query":{},"url":"/api/customer/getAll"},"timestamp":"2023-04-18 01:38:11"}
{"level":"info","message":{"body":{"email":"Alexa@gmail.com","password":"957902342"},"method":"POST","params":"","query":"","url":"/api/user/validate"},"timestamp":"2023-04-18 15:45:19"}
{"level":"info","message":{"body":"","method":"GET","params":{},"query":{},"url":"/api/user/getAll"},"timestamp":"2023-04-18 15:45:56"}
{"level":"info","message":{"body":"","method":"GET","params":{},"query":{},"url":"/api/user/getAll"},"timestamp":"2023-04-18 15:45:56"}
{"level":"info","message":{"body":"","method":"GET","params":{},"query":{},"url":"/api/user/getAll"},"timestamp":"2023-04-18 15:45:58"}
{"level":"info","message":{"body":"","method":"GET","params":{},"query":{},"url":"/api/user/getById/d5bdc691-5af4-4332-bb2f-61b119272ac9"},"timestamp":"2023-04-18 15:45:58"}
{"level":"info","message":{"body":"","method":"GET","params":{},"query":{},"url":"/api/user/getAll"},"timestamp":"2023-04-18 15:46:11"}
{"level":"info","message":{"body":"","method":"GET","params":{},"query":{},"url":"/api/user/getAll"},"timestamp":"2023-04-18 15:46:19"}
{"level":"info","message":{"body":"","method":"GET","params":{},"query":{},"url":"/api/user/getById/6dda2a71-749c-486c-b5b1-8dbbb57c6068"},"timestamp":"2023-04-18 15:46:19"}
{"level":"info","message":{"body":"","method":"GET","params":{},"query":{},"url":"/api/user/getAll"},"timestamp":"2023-04-18 15:46:24"}
{"level":"info","message":{"body":"","method":"GET","params":{},"query":{},"url":"/api/user/getById/8d74569b-8fd3-4b66-a468-e394e7b6c1c2"},"timestamp":"2023-04-18 15:46:25"}
{"level":"info","message":{"body":"","method":"GET","params":{},"query":{},"url":"/api/user/getAll"},"timestamp":"2023-04-18 15:46:25"}
{"level":"info","message":{"body":"","method":"GET","params":{},"query":{},"url":"/api/user/getAll"},"timestamp":"2023-04-18 15:46:27"}
{"level":"info","message":{"body":"","method":"GET","params":{},"query":{},"url":"/api/user/getAll"},"timestamp":"2023-04-18 15:46:28"}
{"level":"info","message":{"body":"","method":"GET","params":{},"query":{},"url":"/api/user/getById/d5bdc691-5af4-4332-bb2f-61b119272ac9"},"timestamp":"2023-04-18 15:46:28"}
{"level":"info","message":{"body":"","method":"GET","params":{},"query":{},"url":"/api/user/getAll"},"timestamp":"2023-04-18 15:46:32"}
{"level":"info","message":{"body":"","method":"GET","params":{},"query":{},"url":"/api/customer/getAll"},"timestamp":"2023-04-18 15:46:36"}
{"level":"info","message":{"body":"","method":"GET","params":{},"query":{},"url":"/api/customer/getAll"},"timestamp":"2023-04-18 15:46:37"}
{"level":"info","message":{"body":"","method":"GET","params":{},"query":{},"url":"/api/customer/getAll"},"timestamp":"2023-04-18 15:46:39"}
{"level":"info","message":{"body":"","method":"GET","params":{},"query":{},"url":"/api/customer/getById/f31523d6-3db7-43eb-ad09-4e9e5fb075a5"},"timestamp":"2023-04-18 15:46:39"}
{"level":"info","message":{"body":"","method":"GET","params":{},"query":{},"url":"/api/user/getAll"},"timestamp":"2023-04-18 15:48:10"}
{"level":"info","message":{"body":"","method":"GET","params":{},"query":{},"url":"/api/user/getAll"},"timestamp":"2023-04-18 15:48:11"}
{"level":"info","message":{"body":"","method":"GET","params":{},"query":{},"url":"/api/user/getAll"},"timestamp":"2023-04-18 15:48:12"}
{"level":"info","message":{"body":"","method":"GET","params":{},"query":{},"url":"/api/user/getById/8d74569b-8fd3-4b66-a468-e394e7b6c1c2"},"timestamp":"2023-04-18 15:48:12"}
{"level":"info","message":{"body":"","method":"GET","params":{},"query":{},"url":"/api/user/getAll"},"timestamp":"2023-04-18 15:48:16"}
{"level":"info","message":{"body":"","method":"GET","params":{},"query":{},"url":"/api/customer/getAll"},"timestamp":"2023-04-18 15:48:18"}
{"level":"info","message":{"body":"","method":"GET","params":{},"query":{},"url":"/api/customer/getAll"},"timestamp":"2023-04-18 15:48:18"}
{"level":"info","message":{"body":"","method":"GET","params":{},"query":{},"url":"/api/customer/getAll"},"timestamp":"2023-04-18 15:48:20"}
{"level":"info","message":{"body":"","method":"GET","params":{},"query":{},"url":"/api/customer/getById/f31523d6-3db7-43eb-ad09-4e9e5fb075a5"},"timestamp":"2023-04-18 15:48:20"}
{"level":"info","message":{"body":"","method":"GET","params":{},"query":{},"url":"/api/customer/getAll"},"timestamp":"2023-04-18 15:49:24"}
{"level":"info","message":{"body":"","method":"GET","params":{},"query":{},"url":"/api/customer/getAll"},"timestamp":"2023-04-18 15:49:33"}
{"level":"info","message":{"body":"","method":"GET","params":{},"query":{},"url":"/api/customer/getAll"},"timestamp":"2023-04-18 15:55:22"}
{"level":"info","message":{"body":"","method":"GET","params":{},"query":{},"url":"/api/customer/getAll"},"timestamp":"2023-04-18 15:55:23"}
{"level":"info","message":{"body":"","method":"GET","params":{},"query":{},"url":"/api/customer/getById/f31523d6-3db7-43eb-ad09-4e9e5fb075a5"},"timestamp":"2023-04-18 15:55:24"}
{"level":"info","message":{"body":"","method":"GET","params":{},"query":{},"url":"/api/customer/getAll"},"timestamp":"2023-04-18 15:55:29"}
{"level":"info","message":{"body":"","method":"GET","params":{},"query":{},"url":"/api/customer/getAll"},"timestamp":"2023-04-18 15:55:31"}
{"level":"info","message":{"body":"","method":"GET","params":{},"query":{},"url":"/api/customer/getAll"},"timestamp":"2023-04-18 15:55:41"}
{"level":"info","message":{"body":"","method":"GET","params":{},"query":{},"url":"/api/customer/getAll"},"timestamp":"2023-04-18 15:55:43"}
{"level":"info","message":{"body":"","method":"GET","params":{},"query":{},"url":"/api/customer/getById/f31523d6-3db7-43eb-ad09-4e9e5fb075a5"},"timestamp":"2023-04-18 15:55:43"}
{"level":"info","message":{"body":"","method":"GET","params":{},"query":{},"url":"/api/customer/getAll"},"timestamp":"2023-04-18 15:55:44"}
{"level":"info","message":{"body":"","method":"GET","params":{},"query":{},"url":"/api/customer/getById/87239dcf-3e64-4874-a8ae-321addc7d026"},"timestamp":"2023-04-18 15:55:45"}
{"level":"info","message":{"body":"","method":"GET","params":{},"query":{},"url":"/api/customer/getAll"},"timestamp":"2023-04-18 15:55:45"}
{"level":"info","message":{"body":"","method":"GET","params":{},"query":{},"url":"/api/customer/getAll"},"timestamp":"2023-04-18 15:55:47"}
{"level":"info","message":{"body":"","method":"GET","params":{},"query":{},"url":"/api/customer/getById/87239dcf-3e64-4874-a8ae-321addc7d026"},"timestamp":"2023-04-18 15:55:47"}
{"level":"info","message":{"body":"","method":"GET","params":{},"query":{},"url":"/api/customer/getAll"},"timestamp":"2023-04-18 15:55:47"}
{"level":"info","message":{"body":"","method":"GET","params":{},"query":{},"url":"/api/customer/getAll"},"timestamp":"2023-04-18 15:55:48"}
{"level":"info","message":{"body":"","method":"GET","params":{},"query":{},"url":"/api/customer/getAll"},"timestamp":"2023-04-18 15:55:49"}
{"level":"info","message":{"body":"","method":"GET","params":{},"query":{},"url":"/api/customer/getById/f31523d6-3db7-43eb-ad09-4e9e5fb075a5"},"timestamp":"2023-04-18 15:55:49"}
{"level":"info","message":{"body":"","method":"GET","params":{},"query":{},"url":"/api/customer/getAll"},"timestamp":"2023-04-18 15:55:50"}
{"level":"info","message":{"body":"","method":"GET","params":{},"query":{},"url":"/api/customer/getAll"},"timestamp":"2023-04-18 15:55:52"}
{"level":"info","message":{"body":"","method":"GET","params":{},"query":{},"url":"/api/customer/getAll"},"timestamp":"2023-04-18 15:55:52"}
{"level":"info","message":{"body":"","method":"GET","params":{},"query":{},"url":"/api/customer/getById/f31523d6-3db7-43eb-ad09-4e9e5fb075a5"},"timestamp":"2023-04-18 15:55:53"}
{"level":"info","message":{"body":"","method":"GET","params":{},"query":{},"url":"/api/customer/getAll"},"timestamp":"2023-04-18 15:55:53"}
{"level":"info","message":{"body":"","method":"GET","params":{},"query":{},"url":"/api/customer/getAll"},"timestamp":"2023-04-18 15:55:56"}
{"level":"info","message":{"body":"","method":"GET","params":{},"query":{},"url":"/api/customer/getById/f31523d6-3db7-43eb-ad09-4e9e5fb075a5"},"timestamp":"2023-04-18 15:55:58"}
{"level":"info","message":{"body":"","method":"GET","params":{},"query":{},"url":"/api/customer/getAll"},"timestamp":"2023-04-18 15:55:58"}
{"level":"info","message":{"body":"","method":"GET","params":{},"query":{},"url":"/api/customer/getAll"},"timestamp":"2023-04-18 15:56:42"}
{"level":"info","message":{"body":"","method":"GET","params":{},"query":{},"url":"/api/customer/getAll"},"timestamp":"2023-04-18 15:56:44"}
{"level":"info","message":{"body":"","method":"GET","params":{},"query":{},"url":"/api/customer/getById/f31523d6-3db7-43eb-ad09-4e9e5fb075a5"},"timestamp":"2023-04-18 15:56:44"}
{"level":"info","message":{"body":"","method":"GET","params":{},"query":{},"url":"/api/customer/getAll"},"timestamp":"2023-04-18 15:56:45"}
{"level":"info","message":{"body":"","method":"GET","params":{},"query":{},"url":"/api/customer/getById/87239dcf-3e64-4874-a8ae-321addc7d026"},"timestamp":"2023-04-18 15:56:46"}
{"level":"info","message":{"body":"","method":"GET","params":{},"query":{},"url":"/api/customer/getAll"},"timestamp":"2023-04-18 15:56:46"}
{"level":"info","message":{"body":"","method":"GET","params":{},"query":{},"url":"/api/customer/getAll"},"timestamp":"2023-04-18 15:56:48"}
{"level":"info","message":{"body":"","method":"GET","params":{},"query":{},"url":"/api/customer/getAll"},"timestamp":"2023-04-18 15:56:50"}
{"level":"info","message":{"body":"","method":"GET","params":{},"query":{},"url":"/api/customer/getAll"},"timestamp":"2023-04-18 15:56:57"}
{"level":"info","message":{"body":"","method":"GET","params":{},"query":{},"url":"/api/customer/getAll"},"timestamp":"2023-04-18 15:57:19"}
{"level":"info","message":{"body":"","method":"GET","params":{},"query":{},"url":"/api/customer/getAll"},"timestamp":"2023-04-18 15:57:20"}
{"level":"info","message":{"body":"","method":"GET","params":{},"query":{},"url":"/api/customer/getAll"},"timestamp":"2023-04-18 15:57:24"}
{"level":"info","message":{"body":"","method":"GET","params":{},"query":{},"url":"/api/customer/getById/f31523d6-3db7-43eb-ad09-4e9e5fb075a5"},"timestamp":"2023-04-18 15:57:24"}
{"level":"info","message":{"body":"","method":"GET","params":{},"query":{},"url":"/api/customer/getAll"},"timestamp":"2023-04-18 15:57:36"}
{"level":"info","message":{"body":"","method":"GET","params":{},"query":{},"url":"/api/customer/getAll"},"timestamp":"2023-04-18 15:57:40"}
{"level":"info","message":{"body":"","method":"GET","params":{},"query":{},"url":"/api/customer/getById/f31523d6-3db7-43eb-ad09-4e9e5fb075a5"},"timestamp":"2023-04-18 15:57:41"}
{"level":"info","message":{"body":"","method":"GET","params":{},"query":{},"url":"/api/customer/getAll"},"timestamp":"2023-04-18 15:57:43"}
{"level":"info","message":{"body":"","method":"GET","params":{},"query":{},"url":"/api/customer/getAll"},"timestamp":"2023-04-18 15:57:43"}
{"level":"info","message":{"body":"","method":"GET","params":{},"query":{},"url":"/api/customer/getAll"},"timestamp":"2023-04-18 15:58:06"}
{"level":"info","message":{"body":"","method":"GET","params":{},"query":{},"url":"/api/customer/getAll"},"timestamp":"2023-04-18 15:58:07"}
{"level":"info","message":{"body":"","method":"GET","params":{},"query":{},"url":"/api/customer/getAll"},"timestamp":"2023-04-18 15:59:21"}
{"level":"info","message":{"body":"","method":"GET","params":{},"query":{},"url":"/api/customer/getAll"},"timestamp":"2023-04-18 15:59:23"}
{"level":"info","message":{"body":"","method":"GET","params":{},"query":{},"url":"/api/customer/getById/f31523d6-3db7-43eb-ad09-4e9e5fb075a5"},"timestamp":"2023-04-18 15:59:23"}
{"level":"info","message":{"body":"","method":"GET","params":{},"query":{},"url":"/api/customer/getAll"},"timestamp":"2023-04-18 15:59:26"}
{"level":"info","message":{"body":"","method":"GET","params":{},"query":{},"url":"/api/customer/getAll"},"timestamp":"2023-04-18 15:59:27"}
{"level":"info","message":{"body":"","method":"GET","params":{},"query":{},"url":"/api/customer/getAll"},"timestamp":"2023-04-18 15:59:29"}
{"level":"info","message":{"body":"","method":"GET","params":{},"query":{},"url":"/api/customer/getAll"},"timestamp":"2023-04-18 15:59:30"}
{"level":"info","message":{"body":"","method":"GET","params":{},"query":{},"url":"/api/customer/getById/87239dcf-3e64-4874-a8ae-321addc7d026"},"timestamp":"2023-04-18 15:59:30"}
{"level":"info","message":{"body":"","method":"GET","params":{},"query":{},"url":"/api/customer/getAll"},"timestamp":"2023-04-18 15:59:33"}
{"level":"info","message":{"body":"","method":"GET","params":{},"query":{},"url":"/api/customer/getAll"},"timestamp":"2023-04-18 15:59:33"}
{"level":"info","message":{"body":"","method":"GET","params":{},"query":{},"url":"/api/customer/getById/f31523d6-3db7-43eb-ad09-4e9e5fb075a5"},"timestamp":"2023-04-18 15:59:33"}
{"level":"info","message":{"body":"","method":"GET","params":{},"query":{},"url":"/api/customer/getAll"},"timestamp":"2023-04-18 15:59:36"}
{"level":"info","message":{"body":"","method":"GET","params":{},"query":{},"url":"/api/customer/getAll"},"timestamp":"2023-04-18 15:59:37"}
{"level":"info","message":{"body":"","method":"GET","params":{},"query":{},"url":"/api/customer/getById/87239dcf-3e64-4874-a8ae-321addc7d026"},"timestamp":"2023-04-18 15:59:37"}
{"level":"info","message":{"body":"","method":"GET","params":{},"query":{},"url":"/api/customer/getAll"},"timestamp":"2023-04-18 15:59:41"}
{"level":"info","message":{"body":"","method":"GET","params":{},"query":{},"url":"/api/customer/getAll"},"timestamp":"2023-04-18 15:59:41"}
{"level":"info","message":{"body":"","method":"GET","params":{},"query":{},"url":"/api/customer/getAll"},"timestamp":"2023-04-18 16:00:31"}
{"level":"info","message":{"body":"","method":"GET","params":{},"query":{},"url":"/api/customer/getAll"},"timestamp":"2023-04-18 16:00:32"}
{"level":"info","message":{"body":"","method":"GET","params":{},"query":{},"url":"/api/customer/getAll"},"timestamp":"2023-04-18 16:00:34"}
{"level":"info","message":{"body":"","method":"GET","params":{},"query":{},"url":"/api/customer/getById/f31523d6-3db7-43eb-ad09-4e9e5fb075a5"},"timestamp":"2023-04-18 16:00:34"}
{"level":"info","message":{"body":"","method":"GET","params":{},"query":{},"url":"/api/customer/getAll"},"timestamp":"2023-04-18 16:00:34"}
{"level":"info","message":{"body":"","method":"GET","params":{},"query":{},"url":"/api/customer/getAll"},"timestamp":"2023-04-18 16:00:36"}
{"level":"info","message":{"body":"","method":"GET","params":{},"query":{},"url":"/api/customer/getAll"},"timestamp":"2023-04-18 16:00:49"}
{"level":"info","message":{"body":"","method":"GET","params":{},"query":{},"url":"/api/customer/getById/f31523d6-3db7-43eb-ad09-4e9e5fb075a5"},"timestamp":"2023-04-18 16:00:51"}
{"level":"info","message":{"body":"","method":"GET","params":{},"query":{},"url":"/api/customer/getAll"},"timestamp":"2023-04-18 16:00:51"}
{"level":"info","message":{"body":"","method":"GET","params":{},"query":{},"url":"/api/customer/getAll"},"timestamp":"2023-04-18 16:00:52"}
{"level":"info","message":{"body":"","method":"GET","params":{},"query":{},"url":"/api/customer/getAll"},"timestamp":"2023-04-18 16:00:53"}
{"level":"info","message":{"body":"","method":"GET","params":{},"query":{},"url":"/api/customer/getById/f31523d6-3db7-43eb-ad09-4e9e5fb075a5"},"timestamp":"2023-04-18 16:01:04"}
{"level":"info","message":{"body":"","method":"GET","params":{},"query":{},"url":"/api/customer/getAll"},"timestamp":"2023-04-18 16:01:04"}
{"level":"info","message":{"body":"","method":"GET","params":{},"query":{},"url":"/api/customer/getAll"},"timestamp":"2023-04-18 16:01:05"}
{"level":"info","message":{"body":"","method":"GET","params":{},"query":{},"url":"/api/customer/getAll"},"timestamp":"2023-04-18 16:01:06"}
{"level":"info","message":{"body":"","method":"GET","params":{},"query":{},"url":"/api/customer/getAll"},"timestamp":"2023-04-18 16:01:07"}
{"level":"info","message":{"body":"","method":"GET","params":{},"query":{},"url":"/api/user/getAll"},"timestamp":"2023-04-18 16:01:25"}
{"level":"info","message":{"body":"","method":"GET","params":{},"query":{},"url":"/api/user/getAll"},"timestamp":"2023-04-18 16:01:25"}
{"level":"info","message":{"body":"","method":"GET","params":{},"query":{},"url":"/api/user/getAll"},"timestamp":"2023-04-18 16:01:27"}
{"level":"info","message":{"body":"","method":"GET","params":{},"query":{},"url":"/api/user/getById/4d3e22ff-829a-4271-b76d-dd0cf970ef3b"},"timestamp":"2023-04-18 16:01:27"}
{"level":"info","message":{"body":"","method":"GET","params":{},"query":{},"url":"/api/user/getAll"},"timestamp":"2023-04-18 16:01:32"}
{"level":"info","message":{"body":"","method":"GET","params":{},"query":{},"url":"/api/user/getAll"},"timestamp":"2023-04-18 16:01:33"}
{"level":"info","message":{"body":"","method":"GET","params":{},"query":{},"url":"/api/user/getAll"},"timestamp":"2023-04-18 16:01:36"}
{"level":"info","message":{"body":"","method":"GET","params":{},"query":{},"url":"/api/customer/getAll"},"timestamp":"2023-04-18 16:01:38"}
{"level":"info","message":{"body":"","method":"GET","params":{},"query":{},"url":"/api/customer/getAll"},"timestamp":"2023-04-18 16:01:38"}
{"level":"info","message":{"body":"","method":"GET","params":{},"query":{},"url":"/api/customer/getAll"},"timestamp":"2023-04-18 16:01:39"}
{"level":"info","message":{"body":"","method":"GET","params":{},"query":{},"url":"/api/customer/getAll"},"timestamp":"2023-04-18 16:03:07"}
{"level":"info","message":{"body":"","method":"GET","params":{},"query":{},"url":"/api/customer/getById/f31523d6-3db7-43eb-ad09-4e9e5fb075a5"},"timestamp":"2023-04-18 16:03:08"}
{"level":"info","message":{"body":"","method":"GET","params":{},"query":{},"url":"/api/customer/getAll"},"timestamp":"2023-04-18 16:03:08"}
{"level":"info","message":{"body":"","method":"GET","params":{},"query":{},"url":"/api/customer/getAll"},"timestamp":"2023-04-18 16:03:11"}
{"level":"info","message":{"body":"","method":"GET","params":{},"query":{},"url":"/api/customer/getById/87239dcf-3e64-4874-a8ae-321addc7d026"},"timestamp":"2023-04-18 16:03:13"}
{"level":"info","message":{"body":"","method":"GET","params":{},"query":{},"url":"/api/customer/getAll"},"timestamp":"2023-04-18 16:03:13"}
{"level":"info","message":{"body":"","method":"GET","params":{},"query":{},"url":"/api/customer/getAll"},"timestamp":"2023-04-18 16:03:17"}
{"level":"info","message":{"body":"","method":"GET","params":{},"query":{},"url":"/api/customer/getAll"},"timestamp":"2023-04-18 16:03:18"}
{"level":"info","message":{"body":"","method":"GET","params":{},"query":{},"url":"/api/customer/getAll"},"timestamp":"2023-04-18 16:03:48"}
{"level":"info","message":{"body":"","method":"GET","params":{},"query":{},"url":"/api/customer/getAll"},"timestamp":"2023-04-18 16:03:52"}
{"level":"info","message":{"body":"","method":"GET","params":{},"query":{},"url":"/api/customer/getById/f31523d6-3db7-43eb-ad09-4e9e5fb075a5"},"timestamp":"2023-04-18 16:03:52"}
{"level":"info","message":{"body":"","method":"GET","params":{},"query":{},"url":"/api/customer/getById/f31523d6-3db7-43eb-ad09-4e9e5fb075a5"},"timestamp":"2023-04-18 16:07:05"}
{"level":"info","message":{"body":"","method":"GET","params":{},"query":{},"url":"/api/customer/getAll"},"timestamp":"2023-04-18 16:07:05"}
{"level":"info","message":{"body":"","method":"GET","params":{},"query":{},"url":"/api/customer/getAll"},"timestamp":"2023-04-18 16:07:06"}
{"level":"info","message":{"body":"","method":"GET","params":{},"query":{},"url":"/api/customer/getById/f31523d6-3db7-43eb-ad09-4e9e5fb075a5"},"timestamp":"2023-04-18 16:07:06"}
{"level":"info","message":{"body":"","method":"GET","params":{},"query":{},"url":"/api/customer/getAll"},"timestamp":"2023-04-18 16:07:23"}
{"level":"info","message":{"body":"","method":"GET","params":{},"query":{},"url":"/api/customer/getById/f31523d6-3db7-43eb-ad09-4e9e5fb075a5"},"timestamp":"2023-04-18 16:07:25"}
{"level":"info","message":{"body":"","method":"GET","params":{},"query":{},"url":"/api/customer/getAll"},"timestamp":"2023-04-18 16:07:25"}
{"level":"info","message":{"body":"","method":"GET","params":{},"query":{},"url":"/api/customer/getAll"},"timestamp":"2023-04-18 16:07:29"}
{"level":"info","message":{"body":"","method":"GET","params":{},"query":{},"url":"/api/customer/getAll"},"timestamp":"2023-04-18 16:07:30"}
{"level":"info","message":{"body":"","method":"GET","params":{},"query":{},"url":"/api/customer/getById/f31523d6-3db7-43eb-ad09-4e9e5fb075a5"},"timestamp":"2023-04-18 16:07:30"}
{"level":"info","message":{"body":"","method":"GET","params":{},"query":{},"url":"/api/customer/getAll"},"timestamp":"2023-04-18 16:07:35"}
{"level":"info","message":{"body":"","method":"GET","params":{},"query":{},"url":"/api/customer/getAll"},"timestamp":"2023-04-18 16:07:36"}
{"level":"info","message":{"body":"","method":"GET","params":{},"query":{},"url":"/api/customer/getById/f31523d6-3db7-43eb-ad09-4e9e5fb075a5"},"timestamp":"2023-04-18 16:07:36"}
{"level":"info","message":{"body":"","method":"GET","params":{},"query":{},"url":"/api/customer/getAll"},"timestamp":"2023-04-18 16:07:38"}
{"level":"info","message":{"body":"","method":"GET","params":{},"query":{},"url":"/api/customer/getAll"},"timestamp":"2023-04-18 16:07:40"}
{"level":"info","message":{"body":"","method":"GET","params":{},"query":{},"url":"/api/customer/getById/87239dcf-3e64-4874-a8ae-321addc7d026"},"timestamp":"2023-04-18 16:07:40"}
{"level":"info","message":{"body":"","method":"GET","params":{},"query":{},"url":"/api/customer/getAll"},"timestamp":"2023-04-18 16:07:46"}
{"level":"info","message":{"body":"","method":"GET","params":{},"query":{},"url":"/api/customer/getAll"},"timestamp":"2023-04-18 16:07:47"}
{"level":"info","message":{"body":"","method":"GET","params":{},"query":{},"url":"/api/customer/getById/f31523d6-3db7-43eb-ad09-4e9e5fb075a5"},"timestamp":"2023-04-18 16:07:47"}
{"level":"info","message":{"body":"","method":"GET","params":{},"query":{},"url":"/api/customer/getAll"},"timestamp":"2023-04-18 16:07:50"}
{"level":"info","message":{"body":"","method":"GET","params":{},"query":{},"url":"/api/customer/getById/f31523d6-3db7-43eb-ad09-4e9e5fb075a5"},"timestamp":"2023-04-18 16:07:51"}
{"level":"info","message":{"body":"","method":"GET","params":{},"query":{},"url":"/api/customer/getAll"},"timestamp":"2023-04-18 16:07:51"}
{"level":"info","message":{"body":"","method":"GET","params":{},"query":{},"url":"/api/customer/getAll"},"timestamp":"2023-04-18 16:07:56"}
{"level":"info","message":{"body":"","method":"GET","params":{},"query":{},"url":"/api/customer/getAll"},"timestamp":"2023-04-18 16:07:57"}
{"level":"info","message":{"body":"","method":"GET","params":{},"query":{},"url":"/api/customer/getById/87239dcf-3e64-4874-a8ae-321addc7d026"},"timestamp":"2023-04-18 16:07:57"}
{"level":"info","message":{"body":"","method":"GET","params":{},"query":{},"url":"/api/customer/getAll"},"timestamp":"2023-04-18 16:08:09"}
{"level":"info","message":{"body":"","method":"GET","params":{},"query":{},"url":"/api/customer/getAll"},"timestamp":"2023-04-18 16:08:11"}
{"level":"info","message":{"body":"","method":"GET","params":{},"query":{},"url":"/api/customer/getAll"},"timestamp":"2023-04-18 16:08:15"}
{"level":"info","message":{"body":"","method":"GET","params":{},"query":{},"url":"/api/user/getAll"},"timestamp":"2023-04-18 16:08:26"}
{"level":"info","message":{"body":"","method":"GET","params":{},"query":{},"url":"/api/user/getAll"},"timestamp":"2023-04-18 16:08:27"}
{"level":"info","message":{"body":"","method":"GET","params":{},"query":{},"url":"/api/customer/getAll"},"timestamp":"2023-04-18 16:08:29"}
{"level":"info","message":{"body":"","method":"GET","params":{},"query":{},"url":"/api/customer/getAll"},"timestamp":"2023-04-18 16:08:29"}
{"level":"info","message":{"body":"","method":"GET","params":{},"query":{},"url":"/api/customer/getAll"},"timestamp":"2023-04-18 16:08:31"}
{"level":"info","message":{"body":"","method":"GET","params":{},"query":{},"url":"/api/customer/getById/f31523d6-3db7-43eb-ad09-4e9e5fb075a5"},"timestamp":"2023-04-18 16:08:31"}
{"level":"info","message":{"body":"","method":"GET","params":{},"query":{},"url":"/api/customer/getAll"},"timestamp":"2023-04-18 16:09:11"}
{"level":"info","message":{"body":"","method":"GET","params":{},"query":{},"url":"/api/customer/getById/f31523d6-3db7-43eb-ad09-4e9e5fb075a5"},"timestamp":"2023-04-18 16:09:13"}
{"level":"info","message":{"body":"","method":"GET","params":{},"query":{},"url":"/api/customer/getAll"},"timestamp":"2023-04-18 16:09:13"}
{"level":"info","message":{"body":"","method":"GET","params":{},"query":{},"url":"/api/user/getAll"},"timestamp":"2023-04-18 16:11:28"}
{"level":"info","message":{"body":"","method":"GET","params":{},"query":{},"url":"/api/user/getAll"},"timestamp":"2023-04-18 16:11:29"}
{"level":"info","message":{"body":"","method":"GET","params":{},"query":{},"url":"/api/user/getAll"},"timestamp":"2023-04-18 16:11:31"}
{"level":"info","message":{"body":"","method":"GET","params":{},"query":{},"url":"/api/user/getById/7f276c04-b8a6-456f-b4c8-cedbdaa55722"},"timestamp":"2023-04-18 16:11:31"}
{"level":"info","message":{"body":"","method":"GET","params":{},"query":{},"url":"/api/user/getAll"},"timestamp":"2023-04-18 16:11:33"}
{"level":"info","message":{"body":"","method":"GET","params":{},"query":{},"url":"/api/user/getById/7f276c04-b8a6-456f-b4c8-cedbdaa55722"},"timestamp":"2023-04-18 16:11:49"}
{"level":"info","message":{"body":"","method":"GET","params":{},"query":{},"url":"/api/user/getAll"},"timestamp":"2023-04-18 16:11:49"}
{"level":"info","message":{"body":"","method":"GET","params":{},"query":{},"url":"/api/user/getAll"},"timestamp":"2023-04-18 16:11:53"}
{"level":"info","message":{"body":"","method":"GET","params":{},"query":{},"url":"/api/user/getAll"},"timestamp":"2023-04-18 16:17:06"}
{"level":"info","message":{"body":{"email":"Alexa@gmail.com","password":"957902342"},"method":"POST","params":"","query":"","url":"/api/user/validate"},"timestamp":"2023-04-18 16:23:04"}
{"level":"info","message":{"body":"","method":"GET","params":{},"query":{},"url":"/api/customer/getAll"},"timestamp":"2023-04-18 16:23:31"}
{"level":"info","message":{"body":"","method":"GET","params":{},"query":{},"url":"/api/customer/getAll"},"timestamp":"2023-04-18 16:23:31"}
{"level":"info","message":{"body":"","method":"GET","params":{},"query":{},"url":"/api/customer/getById/f31523d6-3db7-43eb-ad09-4e9e5fb075a5"},"timestamp":"2023-04-18 16:23:40"}
{"level":"info","message":{"body":"","method":"GET","params":{},"query":{},"url":"/api/customer/getAll"},"timestamp":"2023-04-18 16:23:40"}
{"level":"info","message":{"body":"","method":"GET","params":{},"query":{},"url":"/api/customer/getAll"},"timestamp":"2023-04-18 16:23:47"}
{"level":"info","message":{"body":"","method":"GET","params":{},"query":{},"url":"/api/customer/getAll"},"timestamp":"2023-04-18 16:23:48"}
{"level":"info","message":{"body":"","method":"GET","params":{},"query":{},"url":"/api/customer/getById/87239dcf-3e64-4874-a8ae-321addc7d026"},"timestamp":"2023-04-18 16:23:48"}
{"level":"info","message":{"body":"","method":"GET","params":{},"query":{},"url":"/api/customer/getAll"},"timestamp":"2023-04-18 16:23:57"}
{"level":"info","message":{"body":"","method":"GET","params":{},"query":{},"url":"/api/customer/getAll"},"timestamp":"2023-04-18 16:23:58"}
{"level":"info","message":{"body":"","method":"GET","params":{},"query":{},"url":"/api/customer/getById/f31523d6-3db7-43eb-ad09-4e9e5fb075a5"},"timestamp":"2023-04-18 16:23:58"}
{"level":"info","message":{"body":"","method":"GET","params":{},"query":{},"url":"/api/customer/getAll"},"timestamp":"2023-04-18 16:24:00"}
{"level":"info","message":{"body":"","method":"GET","params":{},"query":{},"url":"/api/customer/getAll"},"timestamp":"2023-04-18 16:24:00"}
{"level":"info","message":{"body":"","method":"GET","params":{},"query":{},"url":"/api/customer/getById/87239dcf-3e64-4874-a8ae-321addc7d026"},"timestamp":"2023-04-18 16:24:00"}
{"level":"info","message":{"body":"","method":"GET","params":{},"query":{},"url":"/api/customer/getAll"},"timestamp":"2023-04-18 16:24:03"}
{"level":"info","message":{"body":"","method":"GET","params":{},"query":{},"url":"/api/customer/getAll"},"timestamp":"2023-04-18 16:24:04"}
{"level":"info","message":{"body":"","method":"GET","params":{},"query":{},"url":"/api/customer/getById/f31523d6-3db7-43eb-ad09-4e9e5fb075a5"},"timestamp":"2023-04-18 16:24:04"}
{"level":"info","message":{"body":"","method":"GET","params":{},"query":{},"url":"/api/customer/getAll"},"timestamp":"2023-04-18 16:24:25"}
{"level":"info","message":{"body":"","method":"GET","params":{},"query":{},"url":"/api/customer/getAll"},"timestamp":"2023-04-18 16:24:26"}
{"level":"info","message":{"body":"","method":"GET","params":{},"query":{},"url":"/api/customer/getById/87239dcf-3e64-4874-a8ae-321addc7d026"},"timestamp":"2023-04-18 16:24:26"}
{"level":"info","message":{"body":"","method":"GET","params":{},"query":{},"url":"/api/customer/getAll"},"timestamp":"2023-04-18 16:24:31"}
{"level":"info","message":{"body":"","method":"GET","params":{},"query":{},"url":"/api/customer/getById/f31523d6-3db7-43eb-ad09-4e9e5fb075a5"},"timestamp":"2023-04-18 16:24:32"}
{"level":"info","message":{"body":"","method":"GET","params":{},"query":{},"url":"/api/customer/getAll"},"timestamp":"2023-04-18 16:24:32"}
{"level":"info","message":{"body":"","method":"GET","params":{},"query":{},"url":"/api/customer/getById/f31523d6-3db7-43eb-ad09-4e9e5fb075a5"},"timestamp":"2023-04-18 16:25:03"}
{"level":"info","message":{"body":"","method":"GET","params":{},"query":{},"url":"/api/customer/getAll"},"timestamp":"2023-04-18 16:25:03"}
{"level":"info","message":{"body":{"email":"Alexa@gmail.com","password":"957902342"},"method":"POST","params":"","query":"","url":"/api/user/validate"},"timestamp":"2023-04-18 16:25:16"}
{"level":"info","message":{"body":"","method":"GET","params":{},"query":{},"url":"/api/customer/getById/f31523d6-3db7-43eb-ad09-4e9e5fb075a5"},"timestamp":"2023-04-18 16:25:32"}
{"level":"info","message":{"body":"","method":"GET","params":{},"query":{},"url":"/api/customer/getAll"},"timestamp":"2023-04-18 16:25:32"}
{"level":"info","message":{"body":"","method":"GET","params":{},"query":{},"url":"/api/customer/getById/f31523d6-3db7-43eb-ad09-4e9e5fb075a5"},"timestamp":"2023-04-18 16:25:32"}
{"level":"info","message":{"body":"","method":"GET","params":{},"query":{},"url":"/api/customer/getAll"},"timestamp":"2023-04-18 16:25:33"}
{"level":"info","message":{"body":"","method":"GET","params":{},"query":{},"url":"/api/customer/getAll"},"timestamp":"2023-04-18 16:25:37"}
{"level":"info","message":{"body":"","method":"GET","params":{},"query":{},"url":"/api/customer/getAll"},"timestamp":"2023-04-18 16:25:40"}
{"level":"info","message":{"body":"","method":"GET","params":{},"query":{},"url":"/api/customer/getById/f31523d6-3db7-43eb-ad09-4e9e5fb075a5"},"timestamp":"2023-04-18 16:25:40"}
{"level":"info","message":{"body":"","method":"GET","params":{},"query":{},"url":"/api/customer/getAll"},"timestamp":"2023-04-18 16:25:44"}
{"level":"info","message":{"body":"","method":"GET","params":{},"query":{},"url":"/api/customer/getAll"},"timestamp":"2023-04-18 16:25:45"}
{"level":"info","message":{"body":"","method":"GET","params":{},"query":{},"url":"/api/customer/getById/87239dcf-3e64-4874-a8ae-321addc7d026"},"timestamp":"2023-04-18 16:25:45"}
{"level":"info","message":{"body":"","method":"GET","params":{},"query":{},"url":"/api/customer/getAll"},"timestamp":"2023-04-18 16:25:51"}
{"level":"info","message":{"body":"","method":"GET","params":{},"query":{},"url":"/api/customer/getAll"},"timestamp":"2023-04-18 16:25:52"}
{"level":"info","message":{"body":"","method":"GET","params":{},"query":{},"url":"/api/customer/getAll"},"timestamp":"2023-04-18 16:25:55"}
{"level":"info","message":{"body":"","method":"GET","params":{},"query":{},"url":"/api/customer/getById/f31523d6-3db7-43eb-ad09-4e9e5fb075a5"},"timestamp":"2023-04-18 16:25:56"}
{"level":"info","message":{"body":"","method":"GET","params":{},"query":{},"url":"/api/customer/getAll"},"timestamp":"2023-04-18 16:25:56"}
{"level":"info","message":{"body":"","method":"GET","params":{},"query":{},"url":"/api/customer/getAll"},"timestamp":"2023-04-18 16:26:04"}
{"level":"info","message":{"body":"","method":"GET","params":{},"query":{},"url":"/api/customer/getAll"},"timestamp":"2023-04-18 16:26:05"}
{"level":"info","message":{"body":"","method":"GET","params":{},"query":{},"url":"/api/customer/getById/87239dcf-3e64-4874-a8ae-321addc7d026"},"timestamp":"2023-04-18 16:26:05"}
{"level":"info","message":{"body":"","method":"GET","params":{},"query":{},"url":"/api/customer/getAll"},"timestamp":"2023-04-18 16:26:16"}
{"level":"info","message":{"body":"","method":"GET","params":{},"query":{},"url":"/api/customer/getAll"},"timestamp":"2023-04-18 16:26:18"}
{"level":"info","message":{"body":"","method":"GET","params":{},"query":{},"url":"/api/customer/getById/87239dcf-3e64-4874-a8ae-321addc7d026"},"timestamp":"2023-04-18 16:26:18"}
{"level":"info","message":{"body":"","method":"GET","params":{},"query":{},"url":"/api/customer/getAll"},"timestamp":"2023-04-18 16:26:19"}
{"level":"info","message":{"body":"","method":"GET","params":{},"query":{},"url":"/api/customer/getAll"},"timestamp":"2023-04-18 16:26:20"}
{"level":"info","message":{"body":"","method":"GET","params":{},"query":{},"url":"/api/customer/getById/f31523d6-3db7-43eb-ad09-4e9e5fb075a5"},"timestamp":"2023-04-18 16:26:20"}
{"level":"info","message":{"body":"","method":"GET","params":{},"query":{},"url":"/api/customer/getById/f31523d6-3db7-43eb-ad09-4e9e5fb075a5"},"timestamp":"2023-04-18 16:29:13"}
{"level":"info","message":{"body":"","method":"GET","params":{},"query":{},"url":"/api/customer/getAll"},"timestamp":"2023-04-18 16:29:13"}
{"level":"info","message":{"body":"","method":"GET","params":{},"query":{},"url":"/api/customer/getAll"},"timestamp":"2023-04-18 16:29:13"}
{"level":"info","message":{"body":"","method":"GET","params":{},"query":{},"url":"/api/customer/getById/f31523d6-3db7-43eb-ad09-4e9e5fb075a5"},"timestamp":"2023-04-18 16:29:13"}
{"level":"info","message":{"body":"","method":"GET","params":{},"query":{},"url":"/api/customer/getAll"},"timestamp":"2023-04-18 16:30:50"}
{"level":"info","message":{"body":"","method":"GET","params":{},"query":{},"url":"/api/customer/getAll"},"timestamp":"2023-04-18 16:30:51"}
{"level":"info","message":{"body":"","method":"GET","params":{},"query":{},"url":"/api/customer/getAll"},"timestamp":"2023-04-18 16:30:53"}
{"level":"info","message":{"body":"","method":"GET","params":{},"query":{},"url":"/api/customer/getAll"},"timestamp":"2023-04-18 16:30:54"}
{"level":"info","message":{"body":"","method":"GET","params":{},"query":{},"url":"/api/customer/getById/f31523d6-3db7-43eb-ad09-4e9e5fb075a5"},"timestamp":"2023-04-18 16:30:54"}
{"level":"info","message":{"body":"","method":"GET","params":{},"query":{},"url":"/api/customer/getAll"},"timestamp":"2023-04-18 16:31:04"}
{"level":"info","message":{"body":"","method":"GET","params":{},"query":{},"url":"/api/customer/getAll"},"timestamp":"2023-04-18 16:33:15"}
{"level":"info","message":{"body":"","method":"GET","params":{},"query":{},"url":"/api/customer/getAll"},"timestamp":"2023-04-18 16:33:17"}
{"level":"info","message":{"body":"","method":"GET","params":{},"query":{},"url":"/api/customer/getAll"},"timestamp":"2023-04-18 16:33:18"}
{"level":"info","message":{"body":"","method":"GET","params":{},"query":{},"url":"/api/customer/getById/f31523d6-3db7-43eb-ad09-4e9e5fb075a5"},"timestamp":"2023-04-18 16:33:18"}
{"level":"info","message":{"body":"","method":"GET","params":{},"query":{},"url":"/api/customer/getAll"},"timestamp":"2023-04-18 16:33:20"}
{"level":"info","message":{"body":"","method":"GET","params":{},"query":{},"url":"/api/customer/getById/87239dcf-3e64-4874-a8ae-321addc7d026"},"timestamp":"2023-04-18 16:33:21"}
{"level":"info","message":{"body":"","method":"GET","params":{},"query":{},"url":"/api/customer/getAll"},"timestamp":"2023-04-18 16:33:21"}
{"level":"info","message":{"body":"","method":"GET","params":{},"query":{},"url":"/api/customer/getAll"},"timestamp":"2023-04-18 16:33:23"}
{"level":"info","message":{"body":"","method":"GET","params":{},"query":{},"url":"/api/customer/getAll"},"timestamp":"2023-04-18 16:33:24"}
{"level":"info","message":{"body":"","method":"GET","params":{},"query":{},"url":"/api/customer/getById/f31523d6-3db7-43eb-ad09-4e9e5fb075a5"},"timestamp":"2023-04-18 16:33:24"}
{"level":"info","message":{"body":"","method":"GET","params":{},"query":{},"url":"/api/customer/getAll"},"timestamp":"2023-04-18 16:33:25"}
{"level":"info","message":{"body":"","method":"GET","params":{},"query":{},"url":"/api/customer/getAll"},"timestamp":"2023-04-18 16:33:45"}
{"level":"info","message":{"body":"","method":"GET","params":{},"query":{},"url":"/api/customer/getAll"},"timestamp":"2023-04-18 16:33:45"}
{"level":"info","message":{"body":"","method":"GET","params":{},"query":{},"url":"/api/customer/getAll"},"timestamp":"2023-04-18 16:33:47"}
{"level":"info","message":{"body":"","method":"GET","params":{},"query":{},"url":"/api/customer/getById/f31523d6-3db7-43eb-ad09-4e9e5fb075a5"},"timestamp":"2023-04-18 16:33:47"}
{"level":"info","message":{"body":{"email":"Alexa@gmail.com","password":"957902342"},"method":"POST","params":"","query":"","url":"/api/user/validate"},"timestamp":"2023-04-18 16:34:01"}
{"level":"info","message":{"body":"","method":"GET","params":{},"query":{},"url":"/api/customer/getById/f31523d6-3db7-43eb-ad09-4e9e5fb075a5"},"timestamp":"2023-04-18 16:34:17"}
{"level":"info","message":{"body":"","method":"GET","params":{},"query":{},"url":"/api/customer/getAll"},"timestamp":"2023-04-18 16:34:17"}
{"level":"info","message":{"body":"","method":"GET","params":{},"query":{},"url":"/api/customer/getById/f31523d6-3db7-43eb-ad09-4e9e5fb075a5"},"timestamp":"2023-04-18 16:34:17"}
{"level":"info","message":{"body":"","method":"GET","params":{},"query":{},"url":"/api/customer/getAll"},"timestamp":"2023-04-18 16:34:17"}
{"level":"info","message":{"body":"","method":"GET","params":{},"query":{},"url":"/api/customer/getAll"},"timestamp":"2023-04-18 16:37:30"}
{"level":"info","message":{"body":"","method":"GET","params":{},"query":{},"url":"/api/customer/getAll"},"timestamp":"2023-04-18 16:37:34"}
{"level":"info","message":{"body":"","method":"GET","params":{},"query":{},"url":"/api/customer/getById/87239dcf-3e64-4874-a8ae-321addc7d026"},"timestamp":"2023-04-18 16:37:34"}
{"level":"info","message":{"body":"","method":"GET","params":{},"query":{},"url":"/api/customer/getAll"},"timestamp":"2023-04-18 16:37:53"}
{"level":"info","message":{"body":"","method":"GET","params":{},"query":{},"url":"/api/customer/getAll"},"timestamp":"2023-04-18 16:37:55"}
{"level":"info","message":{"body":"","method":"GET","params":{},"query":{},"url":"/api/customer/getById/f31523d6-3db7-43eb-ad09-4e9e5fb075a5"},"timestamp":"2023-04-18 16:37:55"}
{"level":"info","message":{"body":"","method":"GET","params":{},"query":{},"url":"/api/customer/getAll"},"timestamp":"2023-04-18 16:39:02"}
{"level":"info","message":{"body":"","method":"GET","params":{},"query":{},"url":"/api/customer/getAll"},"timestamp":"2023-04-18 16:39:03"}
{"level":"info","message":{"body":"","method":"GET","params":{},"query":{},"url":"/api/customer/getById/87239dcf-3e64-4874-a8ae-321addc7d026"},"timestamp":"2023-04-18 16:39:03"}
{"level":"info","message":{"body":"","method":"GET","params":{},"query":{},"url":"/api/customer/getAll"},"timestamp":"2023-04-18 16:39:07"}
{"level":"info","message":{"body":"","method":"GET","params":{},"query":{},"url":"/api/customer/getAll"},"timestamp":"2023-04-18 16:39:09"}
{"level":"info","message":{"body":"","method":"GET","params":{},"query":{},"url":"/api/customer/getById/f31523d6-3db7-43eb-ad09-4e9e5fb075a5"},"timestamp":"2023-04-18 16:39:09"}
{"level":"info","message":{"body":"","method":"GET","params":{},"query":{},"url":"/api/customer/getAll"},"timestamp":"2023-04-18 16:41:10"}
{"level":"info","message":{"body":"","method":"GET","params":{},"query":{},"url":"/api/customer/getAll"},"timestamp":"2023-04-18 16:41:12"}
{"level":"info","message":{"body":"","method":"GET","params":{},"query":{},"url":"/api/customer/getById/f31523d6-3db7-43eb-ad09-4e9e5fb075a5"},"timestamp":"2023-04-18 16:41:12"}
{"level":"info","message":{"body":"","method":"GET","params":{},"query":{},"url":"/api/customer/getAll"},"timestamp":"2023-04-18 16:42:20"}
{"level":"info","message":{"body":"","method":"GET","params":{},"query":{},"url":"/api/customer/getAll"},"timestamp":"2023-04-18 16:42:23"}
{"level":"info","message":{"body":"","method":"GET","params":{},"query":{},"url":"/api/customer/getById/87239dcf-3e64-4874-a8ae-321addc7d026"},"timestamp":"2023-04-18 16:42:23"}
{"level":"info","message":{"body":"","method":"GET","params":{},"query":{},"url":"/api/customer/getAll"},"timestamp":"2023-04-18 16:42:26"}
{"level":"info","message":{"body":"","method":"GET","params":{},"query":{},"url":"/api/customer/getAll"},"timestamp":"2023-04-18 16:42:27"}
{"level":"info","message":{"body":"","method":"GET","params":{},"query":{},"url":"/api/customer/getById/f31523d6-3db7-43eb-ad09-4e9e5fb075a5"},"timestamp":"2023-04-18 16:42:27"}
{"level":"info","message":{"body":"","method":"GET","params":{},"query":{},"url":"/api/customer/getAll"},"timestamp":"2023-04-18 16:42:30"}
{"level":"info","message":{"body":"","method":"GET","params":{},"query":{},"url":"/api/customer/getById/f31523d6-3db7-43eb-ad09-4e9e5fb075a5"},"timestamp":"2023-04-18 16:42:54"}
{"level":"info","message":{"body":"","method":"GET","params":{},"query":{},"url":"/api/customer/getAll"},"timestamp":"2023-04-18 16:42:54"}
{"level":"info","message":{"body":"","method":"GET","params":{},"query":{},"url":"/api/customer/getAll"},"timestamp":"2023-04-18 16:42:59"}
{"level":"info","message":{"body":"","method":"GET","params":{},"query":{},"url":"/api/customer/getAll"},"timestamp":"2023-04-18 16:43:01"}
{"level":"info","message":{"body":"","method":"GET","params":{},"query":{},"url":"/api/customer/getAll"},"timestamp":"2023-04-18 16:43:11"}
{"level":"info","message":{"body":"","method":"GET","params":{},"query":{},"url":"/api/customer/getById/87239dcf-3e64-4874-a8ae-321addc7d026"},"timestamp":"2023-04-18 16:43:47"}
{"level":"info","message":{"body":"","method":"GET","params":{},"query":{},"url":"/api/customer/getAll"},"timestamp":"2023-04-18 16:43:47"}
{"level":"info","message":{"body":"","method":"GET","params":{},"query":{},"url":"/api/customer/getAll"},"timestamp":"2023-04-18 16:44:19"}
{"level":"info","message":{"body":"","method":"GET","params":{},"query":{},"url":"/api/customer/getAll"},"timestamp":"2023-04-18 16:44:23"}
{"level":"info","message":{"body":"","method":"GET","params":{},"query":{},"url":"/api/customer/getById/f31523d6-3db7-43eb-ad09-4e9e5fb075a5"},"timestamp":"2023-04-18 16:44:23"}
{"level":"info","message":{"body":"","method":"GET","params":{},"query":{},"url":"/api/customer/getAll"},"timestamp":"2023-04-18 16:44:27"}
{"level":"info","message":{"body":"","method":"GET","params":{},"query":{},"url":"/api/customer/getAll"},"timestamp":"2023-04-18 16:44:28"}
{"level":"info","message":{"body":"","method":"GET","params":{},"query":{},"url":"/api/customer/getById/87239dcf-3e64-4874-a8ae-321addc7d026"},"timestamp":"2023-04-18 16:44:28"}
{"level":"info","message":{"body":"","method":"GET","params":{},"query":{},"url":"/api/customer/getAll"},"timestamp":"2023-04-18 16:44:31"}
{"level":"info","message":{"body":"","method":"GET","params":{},"query":{},"url":"/api/customer/getById/87239dcf-3e64-4874-a8ae-321addc7d026"},"timestamp":"2023-04-18 16:44:48"}
{"level":"info","message":{"body":"","method":"GET","params":{},"query":{},"url":"/api/customer/getAll"},"timestamp":"2023-04-18 16:44:48"}
{"level":"info","message":{"body":"","method":"GET","params":{},"query":{},"url":"/api/customer/getAll"},"timestamp":"2023-04-18 16:44:56"}
{"level":"info","message":{"body":"","method":"GET","params":{},"query":{},"url":"/api/customer/getAll"},"timestamp":"2023-04-18 16:44:57"}
{"level":"info","message":{"body":"","method":"GET","params":{},"query":{},"url":"/api/customer/getById/f31523d6-3db7-43eb-ad09-4e9e5fb075a5"},"timestamp":"2023-04-18 16:44:57"}
{"level":"info","message":{"body":"","method":"GET","params":{},"query":{},"url":"/api/customer/getAll"},"timestamp":"2023-04-18 16:46:06"}
{"level":"info","message":{"body":"","method":"GET","params":{},"query":{},"url":"/api/customer/getAll"},"timestamp":"2023-04-18 16:46:07"}
{"level":"info","message":{"body":"","method":"GET","params":{},"query":{},"url":"/api/customer/getAll"},"timestamp":"2023-04-18 16:51:49"}
{"level":"info","message":{"body":"","method":"GET","params":{},"query":{},"url":"/api/customer/getAll"},"timestamp":"2023-04-18 16:51:50"}
{"level":"info","message":{"body":"","method":"GET","params":{},"query":{},"url":"/api/customer/getAll"},"timestamp":"2023-04-18 16:52:18"}
{"level":"info","message":{"body":"","method":"GET","params":{},"query":{},"url":"/api/customer/getAll"},"timestamp":"2023-04-18 16:52:21"}
{"level":"info","message":{"body":"","method":"GET","params":{},"query":{},"url":"/api/customer/getAll"},"timestamp":"2023-04-18 16:52:33"}
{"level":"info","message":{"body":"","method":"GET","params":{},"query":{},"url":"/api/customer/getAll"},"timestamp":"2023-04-18 16:52:33"}
{"level":"info","message":{"body":"","method":"GET","params":{},"query":{},"url":"/api/customer/getAll"},"timestamp":"2023-04-18 16:53:04"}
{"level":"info","message":{"body":"","method":"GET","params":{},"query":{},"url":"/api/customer/getAll"},"timestamp":"2023-04-18 16:53:05"}
{"level":"info","message":{"body":"","method":"GET","params":{},"query":{},"url":"/api/customer/getAll"},"timestamp":"2023-04-18 16:53:10"}
{"level":"info","message":{"body":"","method":"GET","params":{},"query":{},"url":"/api/customer/getAll"},"timestamp":"2023-04-18 16:53:11"}
{"level":"info","message":{"body":"","method":"GET","params":{},"query":{},"url":"/api/customer/getById/f31523d6-3db7-43eb-ad09-4e9e5fb075a5"},"timestamp":"2023-04-18 16:53:11"}
{"level":"info","message":{"body":"","method":"GET","params":{},"query":{},"url":"/api/customer/getAll"},"timestamp":"2023-04-18 16:53:12"}
{"level":"info","message":{"body":"","method":"GET","params":{},"query":{},"url":"/api/customer/getAll"},"timestamp":"2023-04-18 16:53:13"}
{"level":"info","message":{"body":"","method":"GET","params":{},"query":{},"url":"/api/customer/getById/87239dcf-3e64-4874-a8ae-321addc7d026"},"timestamp":"2023-04-18 16:53:13"}
{"level":"info","message":{"body":"","method":"GET","params":{},"query":{},"url":"/api/customer/getAll"},"timestamp":"2023-04-18 16:53:14"}
