{"level":"info","message":{"body":"","method":"GET","params":{},"query":{},"url":"/api/user/getAll"},"timestamp":"2023-03-31 15:29:57"}
{"level":"info","message":{"body":"","method":"GET","params":{},"query":{},"url":"/api/user/getAll"},"timestamp":"2023-03-31 15:30:24"}
{"level":"info","message":{"body":"","method":"GET","params":{},"query":{},"url":"/api/person/getAll"},"timestamp":"2023-03-31 15:46:09"}
{"level":"info","message":{"body":{"address":"Santiago","district":"San Miguel","email":"Abad@gmail.com","maternalLastName":"Huamani","name":"Abad","paternalLastName":"Quispe","phone":"+569 4988 5135","rut":"95790234-8"},"method":"POST","params":"","query":"","url":"/api/person/create"},"timestamp":"2023-03-31 15:55:20"}
{"level":"info","message":{"body":{"address":"Santiago","district":"San Miguel","email":"Abad@gmail.com","maternalLastName":"Huamani","name":"Abad","paternalLastName":"Quispe","phone":"+569 4988 5135","rut":"95790234-8"},"method":"POST","params":"","query":"","url":"/api/person/create"},"timestamp":"2023-03-31 15:55:39"}
{"level":"error","message":{"error":"no hay restricción única o de exclusión que coincida con la especificación ON CONFLICT","model":"person/create"},"timestamp":"2023-03-31 15:55:39"}
{"level":"info","message":{"body":{"address":"Santiago","district":"San Miguel","email":"Abad@gmail.com","maternalLastName":"Huamani","name":"Abad","paternalLastName":"Quispe","phone":"+569 4988 5135","rut":"95790234-8"},"method":"POST","params":"","query":"","url":"/api/person/create"},"timestamp":"2023-03-31 16:13:25"}
{"level":"info","message":{"body":"","method":"GET","params":{},"query":{},"url":"/api/person/getAll"},"timestamp":"2023-03-31 16:16:02"}
{"level":"info","message":{"body":"","method":"PUT","params":{},"query":"","url":"/api/person/update/7b3b0707-7b08-4a3b-9ac6-e698c3ef583e"},"timestamp":"2023-03-31 16:23:27"}
{"level":"info","message":{"body":"","method":"PUT","params":{},"query":"","url":"/api/person/update/7b3b0707-7b08-4a3b-9ac6-e698c3ef583"},"timestamp":"2023-03-31 16:23:52"}
{"level":"error","message":{"error":"la sintaxis de entrada no es válida para tipo uuid: «7b3b0707-7b08-4a3b-9ac6-e698c3ef583»","model":"person/update"},"timestamp":"2023-03-31 16:23:52"}
{"level":"info","message":{"body":"","method":"PUT","params":{},"query":"","url":"/api/person/update/7b3b0707-7b08-4a3b-9ac6-e698c3ef583e"},"timestamp":"2023-03-31 16:24:02"}
{"level":"info","message":{"body":"","method":"DELETE","params":{},"query":"","url":"/api/person/deleteById/a2dacb40-6cc0-491a-bbe6-c3f5df8e8ad7"},"timestamp":"2023-03-31 16:31:16"}
{"level":"info","message":{"body":"","method":"DELETE","params":{},"query":"","url":"/api/person/deleteById/a2dacb40-6cc0-491a-bbe6-c3f5df8e8ad7"},"timestamp":"2023-03-31 16:31:40"}
{"level":"info","message":{"body":"","method":"DELETE","params":{},"query":"","url":"/api/person/deleteById/a2dacb40-6cc0-491a-bbe6-c3f5df8e8ad7"},"timestamp":"2023-03-31 16:31:46"}
{"level":"info","message":{"body":"","method":"DELETE","params":{},"query":"","url":"/api/person/deleteById/a2dacb40-6cc0-491a-bbe6-c3f5df8e8ad"},"timestamp":"2023-03-31 16:31:57"}
{"level":"error","message":{"error":"la sintaxis de entrada no es válida para tipo uuid: «a2dacb40-6cc0-491a-bbe6-c3f5df8e8ad»","model":"person/update"},"timestamp":"2023-03-31 16:31:57"}
{"level":"info","message":{"body":"","method":"DELETE","params":{},"query":"","url":"/api/person/deleteById/a2dacb40-6cc0-491a-bbe6-c3f5df8e8ad7"},"timestamp":"2023-03-31 16:32:00"}
{"level":"info","message":{"body":"","method":"GET","params":{},"query":{},"url":"/api/person/getAll"},"timestamp":"2023-03-31 16:40:37"}
{"level":"info","message":{"body":"","method":"GET","params":{},"query":{},"url":"/api/person/getAll"},"timestamp":"2023-03-31 16:40:43"}
{"level":"info","message":{"body":"","method":"GET","params":{},"query":{},"url":"/api/user/create"},"timestamp":"2023-03-31 16:56:57"}
{"level":"info","message":{"body":{"address":"Santiago","district":"San","email":"willypruebas6@gmail.com","maternalLastName":"Huamani","name":"Abad","password":"willy","paternalLastName":"Quispe","phone":"+569 4988 5135","rut":"95790234-8"},"method":"POST","params":"","query":"","url":"/api/user/create"},"timestamp":"2023-03-31 16:57:28"}
{"level":"info","message":{"body":{"address":"Santiago","district":"San","email":"willypruebas6@gmail.com","maternalLastName":"Huamani","name":"Abad","password":"willy","paternalLastName":"Quispe","phone":"+569 4988 5135","rut":"95790234-8"},"method":"POST","params":"","query":"","url":"/api/user/create"},"timestamp":"2023-03-31 16:59:59"}
{"level":"info","message":{"body":{"address":"Santiago","district":"San","email":"willypruebas6@gmail.com","maternalLastName":"Huamani","name":"Abad","password":"willy","paternalLastName":"Quispe","phone":"+569 4988 5135","rut":"95790234-8"},"method":"POST","params":"","query":"","url":"/api/user/create"},"timestamp":"2023-03-31 17:00:46"}
{"level":"info","message":{"body":{"address":"Santiago","district":"San","email":"willypruebas6@gmail.com","maternalLastName":"Huamani","name":"Abad","password":"willy","paternalLastName":"Quispe","phone":"+569 4988 5135","rut":"95790234-8"},"method":"POST","params":"","query":"","url":"/api/user/create"},"timestamp":"2023-03-31 17:01:56"}
{"level":"info","message":{"body":{"address":"Santiago","district":"San","email":"willypruebas6@gmail.com","maternalLastName":"Huamani","name":"Abad","password":"willy","paternalLastName":"Quispe","phone":"+569 4988 5135","rut":"95790234-8"},"method":"POST","params":"","query":"","url":"/api/user/create"},"timestamp":"2023-03-31 17:02:30"}
{"level":"info","message":{"body":{"address":"Santiago","district":"San","email":"willypruebas6@gmail.com","maternalLastName":"Huamani","name":"Abad","password":"willy","paternalLastName":"Quispe","phone":"+569 4988 5135","rut":"95790234-8"},"method":"POST","params":"","query":"","url":"/api/user/create"},"timestamp":"2023-03-31 17:03:10"}
{"level":"info","message":{"body":{"address":"Santiago","district":"San","email":"willypruebas6@gmail.com","maternalLastName":"Huamani","name":"Abad","password":"willy","paternalLastName":"Quispe","phone":"+569 4988 5135","rut":"95790234-8"},"method":"POST","params":"","query":"","url":"/api/user/create"},"timestamp":"2023-03-31 17:04:17"}
{"level":"info","message":{"body":{"address":"Santiago","district":"San","email":"willypruebas6@gmail.com","maternalLastName":"Huamani","name":"Abad","password":"willy","paternalLastName":"Quispe","phone":"+569 4988 5135","rut":"95790234-8"},"method":"POST","params":"","query":"","url":"/api/user/create"},"timestamp":"2023-03-31 17:05:31"}
{"level":"info","message":{"body":{"address":"Santiago","district":"San","email":"willypruebas6@gmail.com","maternalLastName":"Huamani","name":"Abad","password":"willy","paternalLastName":"Quispe","phone":"+569 4988 5135","rut":"95790234-8"},"method":"POST","params":"","query":"","url":"/api/user/create"},"timestamp":"2023-03-31 17:07:01"}
{"level":"info","message":{"body":{"address":"Santiago","district":"San","email":"willypruebas6@gmail.com","maternalLastName":"Huamani","name":"Abad","password":"willy","paternalLastName":"Quispe","phone":"+569 4988 5135","rut":"95790234-8"},"method":"POST","params":"","query":"","url":"/api/user/create"},"timestamp":"2023-03-31 17:07:38"}
{"level":"info","message":{"body":"","method":"GET","params":{},"query":{},"url":"/api/person/getAll"},"timestamp":"2023-03-31 17:10:28"}
{"level":"info","message":{"body":"","method":"GET","params":{},"query":{},"url":"/api/person/getByEmail/Maicol@gmail.com"},"timestamp":"2023-03-31 17:25:33"}
{"level":"info","message":{"body":{"email":"Jose@gmail.com","password":"32544"},"method":"POST","params":"","query":"","url":"/api/user/validate"},"timestamp":"2023-03-31 17:34:34"}
{"level":"info","message":{"body":{"address":"Santiago","district":"San","email":"willypruebas6@gmail.com","maternalLastName":"Huamani","name":"Abad","password":"willy","paternalLastName":"Quispe","phone":"+569 4988 5135","rut":"27648009-k"},"method":"POST","params":"","query":"","url":"/api/user/create"},"timestamp":"2023-03-31 17:35:09"}
{"level":"info","message":{"body":{"email":"willypruebas6@gmail.com","password":"32544"},"method":"POST","params":"","query":"","url":"/api/user/validate"},"timestamp":"2023-03-31 17:36:04"}
{"level":"info","message":{"body":{"address":"Santiago","district":"San","email":"willy@gmail.com","maternalLastName":"Huamani","name":"Abad","password":"willy","paternalLastName":"Quispe","phone":"+569 4988 5135","rut":"27648009-k"},"method":"POST","params":"","query":"","url":"/api/user/create"},"timestamp":"2023-03-31 17:37:25"}
{"level":"info","message":{"body":{"email":"willy@gmail.com","password":"32544"},"method":"POST","params":"","query":"","url":"/api/user/validate"},"timestamp":"2023-03-31 17:37:56"}
{"level":"info","message":{"body":{"email":"willy@gmail.com","password":"32544"},"method":"POST","params":"","query":"","url":"/api/user/validate"},"timestamp":"2023-03-31 17:39:10"}
{"level":"info","message":{"body":"","method":"GET","params":{},"query":{},"url":"/api/person/getByEmail/willy@gmail.com"},"timestamp":"2023-03-31 17:39:31"}
{"level":"info","message":{"body":{"email":"willy@gmail.com","password":"32544"},"method":"POST","params":"","query":"","url":"/api/user/validate"},"timestamp":"2023-03-31 17:40:30"}
{"level":"info","message":{"body":{"email":"willy@gmail.com","password":"32544"},"method":"POST","params":"","query":"","url":"/api/user/validate"},"timestamp":"2023-03-31 17:41:15"}
{"level":"info","message":{"body":{"email":"willy@gmail.com","password":"32544"},"method":"POST","params":"","query":"","url":"/api/user/validate"},"timestamp":"2023-03-31 17:42:42"}
{"level":"info","message":{"body":{"email":"willy@gmail.com","password":"32544"},"method":"POST","params":"","query":"","url":"/api/user/validate"},"timestamp":"2023-03-31 17:43:54"}
{"level":"info","message":{"body":{"email":"willy@gmail.com","password":"32544"},"method":"POST","params":"","query":"","url":"/api/user/validate"},"timestamp":"2023-03-31 17:46:07"}
{"level":"info","message":{"body":{"email":"willy@gmail.com","password":"32544"},"method":"POST","params":"","query":"","url":"/api/user/validate"},"timestamp":"2023-03-31 17:47:21"}
{"level":"info","message":{"body":{"email":"willy@gmail.com","password":"32544"},"method":"POST","params":"","query":"","url":"/api/user/validate"},"timestamp":"2023-03-31 17:47:50"}
{"level":"info","message":{"body":{"email":"willy@gmail.com","password":"32544"},"method":"POST","params":"","query":"","url":"/api/user/validate"},"timestamp":"2023-03-31 17:49:05"}
{"level":"info","message":{"body":{"email":"willy@gmail.com","password":"willy"},"method":"POST","params":"","query":"","url":"/api/user/validate"},"timestamp":"2023-03-31 17:49:29"}
{"level":"info","message":{"body":{"email":"willypruebas6@gmail.com"},"method":"POST","params":"","query":"","url":"/api/user/recoveryPassword"},"timestamp":"2023-03-31 17:54:29"}
{"level":"info","message":{"body":{"email":"willypruebas6@gmail.com"},"method":"POST","params":"","query":"","url":"/api/user/recoveryPassword"},"timestamp":"2023-03-31 17:55:22"}
{"level":"error","message":{"error":"error de sintaxis en o cerca de «=»","model":"user/assignPassword"},"timestamp":"2023-03-31 17:55:39"}
{"level":"info","message":{"body":{"email":"willypruebas6@gmail.com"},"method":"POST","params":"","query":"","url":"/api/user/recoveryPassword"},"timestamp":"2023-03-31 17:59:41"}
{"level":"info","message":{"body":{"email":"willypruebas6@gmail.com","password":"willy"},"method":"POST","params":"","query":"","url":"/api/user/validate"},"timestamp":"2023-03-31 18:01:20"}
{"level":"info","message":{"body":{"email":"willypruebas6@gmail.com","password":"2345678"},"method":"POST","params":"","query":"","url":"/api/user/validate"},"timestamp":"2023-03-31 18:01:58"}
