{"level":"info","message":{"body":"","method":"GET","params":{},"query":{},"url":"/api/user/getById/d5bdc691-5af4-4332-bb2f-61b119272ac9"},"timestamp":"2023-04-17 15:53:05"}
{"level":"info","message":{"body":"","method":"GET","params":{},"query":{},"url":"/api/user/getById/d5bdc691-5af4-4332-bb2f-61b119272ac9"},"timestamp":"2023-04-17 15:53:05"}
{"level":"info","message":{"body":"","method":"GET","params":{},"query":{},"url":"/api/user/getById/d5bdc691-5af4-4332-bb2f-61b119272ac9"},"timestamp":"2023-04-17 15:53:05"}
{"level":"info","message":{"body":"","method":"GET","params":{},"query":{},"url":"/api/user/getById/d5bdc691-5af4-4332-bb2f-61b119272ac9"},"timestamp":"2023-04-17 15:53:21"}
{"level":"info","message":{"body":{"email":"Daniel@gmail.com","password":"957902342"},"method":"POST","params":"","query":"","url":"/api/user/validate"},"timestamp":"2023-04-17 15:57:03"}
{"level":"info","message":{"body":"","method":"GET","params":{},"query":{},"url":"/api/user/getById/d5bdc691-5af4-4332-bb2f-61b119272ac9"},"timestamp":"2023-04-17 15:57:19"}
{"level":"info","message":{"body":"","method":"GET","params":{},"query":{},"url":"/api/user/getById/d5bdc691-5af4-4332-bb2f-61b119272ac9"},"timestamp":"2023-04-17 15:57:19"}
{"level":"info","message":{"body":"","method":"GET","params":{},"query":{},"url":"/api/user/getAll"},"timestamp":"2023-04-17 15:58:10"}
{"level":"info","message":{"body":"","method":"GET","params":{},"query":{},"url":"/api/customer/getAll"},"timestamp":"2023-04-17 15:58:10"}
{"level":"info","message":{"body":"","method":"GET","params":{},"query":{},"url":"/api/user/getById/6dda2a71-749c-486c-b5b1-8dbbb57c6068"},"timestamp":"2023-04-17 15:58:19"}
{"level":"info","message":{"body":"","method":"GET","params":{},"query":{},"url":"/api/user/getById/6dda2a71-749c-486c-b5b1-8dbbb57c6068"},"timestamp":"2023-04-17 15:58:19"}
{"level":"info","message":{"body":{"email":"Daniel@gmail.com","password":"957902342"},"method":"POST","params":"","query":"","url":"/api/user/validate"},"timestamp":"2023-04-17 16:01:00"}
{"level":"info","message":{"body":"","method":"GET","params":{},"query":{},"url":"/api/user/getById/6dda2a71-749c-486c-b5b1-8dbbb57c6068"},"timestamp":"2023-04-17 16:01:17"}
{"level":"info","message":{"body":"","method":"GET","params":{},"query":{},"url":"/api/user/getById/6dda2a71-749c-486c-b5b1-8dbbb57c6068"},"timestamp":"2023-04-17 16:01:17"}
{"level":"info","message":{"body":{"email":"Daniel@gmail.com","password":"957902342"},"method":"POST","params":"","query":"","url":"/api/user/validate"},"timestamp":"2023-04-17 16:06:20"}
{"level":"info","message":{"body":"","method":"GET","params":{},"query":{},"url":"/api/user/getById/6dda2a71-749c-486c-b5b1-8dbbb57c6068"},"timestamp":"2023-04-17 16:06:35"}
{"level":"info","message":{"body":"","method":"GET","params":{},"query":{},"url":"/api/user/getById/6dda2a71-749c-486c-b5b1-8dbbb57c6068"},"timestamp":"2023-04-17 16:06:35"}
{"level":"info","message":{"body":{"email":"Daniel@gmail.com","password":"957902342"},"method":"POST","params":"","query":"","url":"/api/user/validate"},"timestamp":"2023-04-17 16:07:23"}
{"level":"info","message":{"body":"","method":"GET","params":{},"query":{},"url":"/api/user/getAll"},"timestamp":"2023-04-17 16:07:44"}
{"level":"info","message":{"body":"","method":"GET","params":{},"query":{},"url":"/api/customer/getAll"},"timestamp":"2023-04-17 16:07:44"}
{"level":"info","message":{"body":"","method":"GET","params":{},"query":{},"url":"/api/user/getById/6dda2a71-749c-486c-b5b1-8dbbb57c6068"},"timestamp":"2023-04-17 16:07:47"}
{"level":"info","message":{"body":"","method":"GET","params":{},"query":{},"url":"/api/user/getById/6dda2a71-749c-486c-b5b1-8dbbb57c6068"},"timestamp":"2023-04-17 16:07:47"}
{"level":"info","message":{"body":"","method":"GET","params":{},"query":{},"url":"/api/user/getById/6dda2a71-749c-486c-b5b1-8dbbb57c6068"},"timestamp":"2023-04-17 16:08:11"}
{"level":"info","message":{"body":"","method":"GET","params":{},"query":{},"url":"/api/user/getById/6dda2a71-749c-486c-b5b1-8dbbb57c6068"},"timestamp":"2023-04-17 16:08:11"}
{"level":"info","message":{"body":{"email":"Daniel@gmail.com","password":"957902342"},"method":"POST","params":"","query":"","url":"/api/user/validate"},"timestamp":"2023-04-17 16:08:36"}
{"level":"info","message":{"body":"","method":"GET","params":{},"query":{},"url":"/api/user/getById/6dda2a71-749c-486c-b5b1-8dbbb57c6068"},"timestamp":"2023-04-17 16:08:51"}
{"level":"info","message":{"body":"","method":"GET","params":{},"query":{},"url":"/api/user/getById/6dda2a71-749c-486c-b5b1-8dbbb57c6068"},"timestamp":"2023-04-17 16:08:51"}
{"level":"info","message":{"body":"","method":"GET","params":{},"query":{},"url":"/api/user/getAll"},"timestamp":"2023-04-17 16:09:06"}
{"level":"info","message":{"body":"","method":"GET","params":{},"query":{},"url":"/api/customer/getAll"},"timestamp":"2023-04-17 16:09:06"}
{"level":"info","message":{"body":"","method":"GET","params":{},"query":{},"url":"/api/user/getById/6dda2a71-749c-486c-b5b1-8dbbb57c6068"},"timestamp":"2023-04-17 16:09:08"}
{"level":"info","message":{"body":"","method":"GET","params":{},"query":{},"url":"/api/user/getById/6dda2a71-749c-486c-b5b1-8dbbb57c6068"},"timestamp":"2023-04-17 16:09:08"}
{"level":"info","message":{"body":"","method":"GET","params":{},"query":{},"url":"/api/user/getById/6dda2a71-749c-486c-b5b1-8dbbb57c6068"},"timestamp":"2023-04-17 16:09:32"}
{"level":"info","message":{"body":"","method":"GET","params":{},"query":{},"url":"/api/user/getAll"},"timestamp":"2023-04-17 16:09:38"}
{"level":"info","message":{"body":"","method":"GET","params":{},"query":{},"url":"/api/customer/getAll"},"timestamp":"2023-04-17 16:09:38"}
{"level":"info","message":{"body":"","method":"GET","params":{},"query":{},"url":"/api/user/getById/d5bdc691-5af4-4332-bb2f-61b119272ac9"},"timestamp":"2023-04-17 16:09:40"}
{"level":"info","message":{"body":"","method":"GET","params":{},"query":{},"url":"/api/user/getById/d5bdc691-5af4-4332-bb2f-61b119272ac9"},"timestamp":"2023-04-17 16:09:40"}
{"level":"info","message":{"body":"","method":"GET","params":{},"query":{},"url":"/api/user/getById/d5bdc691-5af4-4332-bb2f-61b119272ac9"},"timestamp":"2023-04-17 16:09:56"}
{"level":"info","message":{"body":"","method":"GET","params":{},"query":{},"url":"/api/user/getById/e7b42ec5-3d55-41f4-85aa-c578d5e7ddcd"},"timestamp":"2023-04-17 16:11:44"}
{"level":"info","message":{"body":"","method":"GET","params":{},"query":{},"url":"/api/user/getById/e7b42ec5-3d55-41f4-85aa-c578d5e7ddcd"},"timestamp":"2023-04-17 16:11:44"}
{"level":"info","message":{"body":"","method":"GET","params":{},"query":{},"url":"/api/user/getById/2057a55f-26ac-4bd5-a071-8ffb58c153f0"},"timestamp":"2023-04-17 16:11:50"}
{"level":"info","message":{"body":"","method":"GET","params":{},"query":{},"url":"/api/user/getById/2057a55f-26ac-4bd5-a071-8ffb58c153f0"},"timestamp":"2023-04-17 16:11:50"}
{"level":"info","message":{"body":"","method":"GET","params":{},"query":{},"url":"/api/user/getById/d5bdc691-5af4-4332-bb2f-61b119272ac9"},"timestamp":"2023-04-17 16:14:38"}
{"level":"info","message":{"body":"","method":"GET","params":{},"query":{},"url":"/api/user/getById/d5bdc691-5af4-4332-bb2f-61b119272ac9"},"timestamp":"2023-04-17 16:14:39"}
{"level":"info","message":{"body":"","method":"GET","params":{},"query":{},"url":"/api/user/getById/6dda2a71-749c-486c-b5b1-8dbbb57c6068"},"timestamp":"2023-04-17 16:14:43"}
{"level":"info","message":{"body":"","method":"GET","params":{},"query":{},"url":"/api/user/getById/6dda2a71-749c-486c-b5b1-8dbbb57c6068"},"timestamp":"2023-04-17 16:14:43"}
{"level":"info","message":{"body":"","method":"GET","params":{},"query":{},"url":"/api/user/getById/6dda2a71-749c-486c-b5b1-8dbbb57c6068"},"timestamp":"2023-04-17 16:16:01"}
{"level":"info","message":{"body":"","method":"GET","params":{},"query":{},"url":"/api/user/getById/6dda2a71-749c-486c-b5b1-8dbbb57c6068"},"timestamp":"2023-04-17 16:16:02"}
{"level":"info","message":{"body":"","method":"GET","params":{},"query":{},"url":"/api/user/getById/d5bdc691-5af4-4332-bb2f-61b119272ac9"},"timestamp":"2023-04-17 16:16:05"}
{"level":"info","message":{"body":"","method":"GET","params":{},"query":{},"url":"/api/user/getById/d5bdc691-5af4-4332-bb2f-61b119272ac9"},"timestamp":"2023-04-17 16:16:05"}
{"level":"info","message":{"body":"","method":"GET","params":{},"query":{},"url":"/api/user/getById/e7b42ec5-3d55-41f4-85aa-c578d5e7ddcd"},"timestamp":"2023-04-17 16:17:28"}
{"level":"info","message":{"body":"","method":"GET","params":{},"query":{},"url":"/api/user/getById/e7b42ec5-3d55-41f4-85aa-c578d5e7ddcd"},"timestamp":"2023-04-17 16:17:28"}
{"level":"info","message":{"body":"","method":"GET","params":{},"query":{},"url":"/api/user/getById/d5bdc691-5af4-4332-bb2f-61b119272ac9"},"timestamp":"2023-04-17 16:17:32"}
{"level":"info","message":{"body":"","method":"GET","params":{},"query":{},"url":"/api/user/getById/d5bdc691-5af4-4332-bb2f-61b119272ac9"},"timestamp":"2023-04-17 16:17:32"}
{"level":"info","message":{"body":"","method":"GET","params":{},"query":{},"url":"/api/user/getById/e7b42ec5-3d55-41f4-85aa-c578d5e7ddcd"},"timestamp":"2023-04-17 16:18:15"}
{"level":"info","message":{"body":"","method":"GET","params":{},"query":{},"url":"/api/user/getById/e7b42ec5-3d55-41f4-85aa-c578d5e7ddcd"},"timestamp":"2023-04-17 16:18:16"}
{"level":"info","message":{"body":"","method":"GET","params":{},"query":{},"url":"/api/user/getById/e7b42ec5-3d55-41f4-85aa-c578d5e7ddcd"},"timestamp":"2023-04-17 16:19:37"}
{"level":"info","message":{"body":"","method":"GET","params":{},"query":{},"url":"/api/user/getById/e7b42ec5-3d55-41f4-85aa-c578d5e7ddcd"},"timestamp":"2023-04-17 16:19:38"}
{"level":"info","message":{"body":"","method":"GET","params":{},"query":{},"url":"/api/user/getById/d5bdc691-5af4-4332-bb2f-61b119272ac9"},"timestamp":"2023-04-17 16:19:56"}
{"level":"info","message":{"body":"","method":"GET","params":{},"query":{},"url":"/api/user/getById/d5bdc691-5af4-4332-bb2f-61b119272ac9"},"timestamp":"2023-04-17 16:19:56"}
{"level":"info","message":{"body":"","method":"GET","params":{},"query":{},"url":"/api/user/getById/2057a55f-26ac-4bd5-a071-8ffb58c153f0"},"timestamp":"2023-04-17 16:20:00"}
{"level":"info","message":{"body":"","method":"GET","params":{},"query":{},"url":"/api/user/getById/2057a55f-26ac-4bd5-a071-8ffb58c153f0"},"timestamp":"2023-04-17 16:20:00"}
{"level":"info","message":{"body":"","method":"GET","params":{},"query":{},"url":"/api/user/getById/6dda2a71-749c-486c-b5b1-8dbbb57c6068"},"timestamp":"2023-04-17 16:20:02"}
{"level":"info","message":{"body":"","method":"GET","params":{},"query":{},"url":"/api/user/getById/6dda2a71-749c-486c-b5b1-8dbbb57c6068"},"timestamp":"2023-04-17 16:20:02"}
{"level":"info","message":{"body":"","method":"GET","params":{},"query":{},"url":"/api/user/getById/e7b42ec5-3d55-41f4-85aa-c578d5e7ddcd"},"timestamp":"2023-04-17 16:20:05"}
{"level":"info","message":{"body":"","method":"GET","params":{},"query":{},"url":"/api/user/getById/e7b42ec5-3d55-41f4-85aa-c578d5e7ddcd"},"timestamp":"2023-04-17 16:20:05"}
{"level":"info","message":{"body":"","method":"GET","params":{},"query":{},"url":"/api/user/getById/2057a55f-26ac-4bd5-a071-8ffb58c153f0"},"timestamp":"2023-04-17 16:20:07"}
{"level":"info","message":{"body":"","method":"GET","params":{},"query":{},"url":"/api/user/getById/2057a55f-26ac-4bd5-a071-8ffb58c153f0"},"timestamp":"2023-04-17 16:20:07"}
{"level":"info","message":{"body":"","method":"GET","params":{},"query":{},"url":"/api/user/getById/6dda2a71-749c-486c-b5b1-8dbbb57c6068"},"timestamp":"2023-04-17 16:20:10"}
{"level":"info","message":{"body":"","method":"GET","params":{},"query":{},"url":"/api/user/getById/6dda2a71-749c-486c-b5b1-8dbbb57c6068"},"timestamp":"2023-04-17 16:20:10"}
{"level":"info","message":{"body":"","method":"GET","params":{},"query":{},"url":"/api/user/getById/6dda2a71-749c-486c-b5b1-8dbbb57c6068"},"timestamp":"2023-04-17 16:20:34"}
{"level":"info","message":{"body":"","method":"GET","params":{},"query":{},"url":"/api/user/getById/6dda2a71-749c-486c-b5b1-8dbbb57c6068"},"timestamp":"2023-04-17 16:20:34"}
{"level":"info","message":{"body":"","method":"GET","params":{},"query":{},"url":"/api/user/getById/6dda2a71-749c-486c-b5b1-8dbbb57c6068"},"timestamp":"2023-04-17 16:21:19"}
{"level":"info","message":{"body":"","method":"GET","params":{},"query":{},"url":"/api/user/getById/6dda2a71-749c-486c-b5b1-8dbbb57c6068"},"timestamp":"2023-04-17 16:21:34"}
{"level":"info","message":{"body":"","method":"GET","params":{},"query":{},"url":"/api/user/getById/6dda2a71-749c-486c-b5b1-8dbbb57c6068"},"timestamp":"2023-04-17 16:21:34"}
{"level":"info","message":{"body":"","method":"GET","params":{},"query":{},"url":"/api/user/getById/e7b42ec5-3d55-41f4-85aa-c578d5e7ddcd"},"timestamp":"2023-04-17 16:21:36"}
{"level":"info","message":{"body":"","method":"GET","params":{},"query":{},"url":"/api/user/getById/e7b42ec5-3d55-41f4-85aa-c578d5e7ddcd"},"timestamp":"2023-04-17 16:21:37"}
{"level":"info","message":{"body":"","method":"GET","params":{},"query":{},"url":"/api/user/getById/e7b42ec5-3d55-41f4-85aa-c578d5e7ddcd"},"timestamp":"2023-04-17 16:22:08"}
{"level":"info","message":{"body":"","method":"GET","params":{},"query":{},"url":"/api/user/getById/2057a55f-26ac-4bd5-a071-8ffb58c153f0"},"timestamp":"2023-04-17 16:22:25"}
{"level":"info","message":{"body":"","method":"GET","params":{},"query":{},"url":"/api/user/getById/2057a55f-26ac-4bd5-a071-8ffb58c153f0"},"timestamp":"2023-04-17 16:22:25"}
{"level":"info","message":{"body":"","method":"GET","params":{},"query":{},"url":"/api/user/getById/6dda2a71-749c-486c-b5b1-8dbbb57c6068"},"timestamp":"2023-04-17 16:22:27"}
{"level":"info","message":{"body":"","method":"GET","params":{},"query":{},"url":"/api/user/getById/6dda2a71-749c-486c-b5b1-8dbbb57c6068"},"timestamp":"2023-04-17 16:22:27"}
{"level":"info","message":{"body":"","method":"GET","params":{},"query":{},"url":"/api/user/getById/2057a55f-26ac-4bd5-a071-8ffb58c153f0"},"timestamp":"2023-04-17 16:23:04"}
{"level":"info","message":{"body":"","method":"GET","params":{},"query":{},"url":"/api/user/getById/2057a55f-26ac-4bd5-a071-8ffb58c153f0"},"timestamp":"2023-04-17 16:23:05"}
{"level":"info","message":{"body":"","method":"GET","params":{},"query":{},"url":"/api/user/getById/e7b42ec5-3d55-41f4-85aa-c578d5e7ddcd"},"timestamp":"2023-04-17 16:23:08"}
{"level":"info","message":{"body":"","method":"GET","params":{},"query":{},"url":"/api/user/getById/e7b42ec5-3d55-41f4-85aa-c578d5e7ddcd"},"timestamp":"2023-04-17 16:23:08"}
{"level":"info","message":{"body":"","method":"GET","params":{},"query":{},"url":"/api/user/getById/2057a55f-26ac-4bd5-a071-8ffb58c153f0"},"timestamp":"2023-04-17 16:23:42"}
{"level":"info","message":{"body":"","method":"GET","params":{},"query":{},"url":"/api/user/getById/2057a55f-26ac-4bd5-a071-8ffb58c153f0"},"timestamp":"2023-04-17 16:23:43"}
{"level":"info","message":{"body":"","method":"GET","params":{},"query":{},"url":"/api/user/getById/2057a55f-26ac-4bd5-a071-8ffb58c153f0"},"timestamp":"2023-04-17 16:24:06"}
{"level":"info","message":{"body":"","method":"GET","params":{},"query":{},"url":"/api/user/getById/d5bdc691-5af4-4332-bb2f-61b119272ac9"},"timestamp":"2023-04-17 16:24:11"}
{"level":"info","message":{"body":"","method":"GET","params":{},"query":{},"url":"/api/user/getById/d5bdc691-5af4-4332-bb2f-61b119272ac9"},"timestamp":"2023-04-17 16:24:12"}
{"level":"info","message":{"body":"","method":"GET","params":{},"query":{},"url":"/api/user/getById/6dda2a71-749c-486c-b5b1-8dbbb57c6068"},"timestamp":"2023-04-17 16:24:13"}
{"level":"info","message":{"body":"","method":"GET","params":{},"query":{},"url":"/api/user/getById/6dda2a71-749c-486c-b5b1-8dbbb57c6068"},"timestamp":"2023-04-17 16:24:14"}
{"level":"info","message":{"body":"","method":"GET","params":{},"query":{},"url":"/api/user/getById/6dda2a71-749c-486c-b5b1-8dbbb57c6068"},"timestamp":"2023-04-17 16:25:33"}
{"level":"info","message":{"body":"","method":"GET","params":{},"query":{},"url":"/api/user/getById/6dda2a71-749c-486c-b5b1-8dbbb57c6068"},"timestamp":"2023-04-17 16:25:33"}
{"level":"info","message":{"body":"","method":"GET","params":{},"query":{},"url":"/api/user/getById/2057a55f-26ac-4bd5-a071-8ffb58c153f0"},"timestamp":"2023-04-17 16:25:35"}
{"level":"info","message":{"body":"","method":"GET","params":{},"query":{},"url":"/api/user/getById/2057a55f-26ac-4bd5-a071-8ffb58c153f0"},"timestamp":"2023-04-17 16:25:35"}
{"level":"info","message":{"body":"","method":"GET","params":{},"query":{},"url":"/api/user/getById/d5bdc691-5af4-4332-bb2f-61b119272ac9"},"timestamp":"2023-04-17 16:25:36"}
{"level":"info","message":{"body":"","method":"GET","params":{},"query":{},"url":"/api/user/getById/d5bdc691-5af4-4332-bb2f-61b119272ac9"},"timestamp":"2023-04-17 16:25:37"}
{"level":"info","message":{"body":"","method":"GET","params":{},"query":{},"url":"/api/user/getById/6dda2a71-749c-486c-b5b1-8dbbb57c6068"},"timestamp":"2023-04-17 16:25:39"}
{"level":"info","message":{"body":"","method":"GET","params":{},"query":{},"url":"/api/user/getById/6dda2a71-749c-486c-b5b1-8dbbb57c6068"},"timestamp":"2023-04-17 16:25:39"}
{"level":"info","message":{"body":"","method":"GET","params":{},"query":{},"url":"/api/user/getById/6dda2a71-749c-486c-b5b1-8dbbb57c6068"},"timestamp":"2023-04-17 16:26:01"}
{"level":"info","message":{"body":"","method":"GET","params":{},"query":{},"url":"/api/user/getById/6dda2a71-749c-486c-b5b1-8dbbb57c6068"},"timestamp":"2023-04-17 16:26:02"}
{"level":"info","message":{"body":"","method":"GET","params":{},"query":{},"url":"/api/user/getById/6dda2a71-749c-486c-b5b1-8dbbb57c6068"},"timestamp":"2023-04-17 16:27:40"}
{"level":"info","message":{"body":"","method":"GET","params":{},"query":{},"url":"/api/user/getById/6dda2a71-749c-486c-b5b1-8dbbb57c6068"},"timestamp":"2023-04-17 16:27:53"}
{"level":"info","message":{"body":"","method":"GET","params":{},"query":{},"url":"/api/user/getById/6dda2a71-749c-486c-b5b1-8dbbb57c6068"},"timestamp":"2023-04-17 16:28:18"}
{"level":"info","message":{"body":"","method":"GET","params":{},"query":{},"url":"/api/user/getById/6dda2a71-749c-486c-b5b1-8dbbb57c6068"},"timestamp":"2023-04-17 16:28:34"}
{"level":"info","message":{"body":"","method":"GET","params":{},"query":{},"url":"/api/user/getById/6dda2a71-749c-486c-b5b1-8dbbb57c6068"},"timestamp":"2023-04-17 16:29:13"}
{"level":"info","message":{"body":"","method":"GET","params":{},"query":{},"url":"/api/user/getById/d5bdc691-5af4-4332-bb2f-61b119272ac9"},"timestamp":"2023-04-17 16:29:20"}
{"level":"info","message":{"body":"","method":"GET","params":{},"query":{},"url":"/api/user/getById/d5bdc691-5af4-4332-bb2f-61b119272ac9"},"timestamp":"2023-04-17 16:29:21"}
{"level":"info","message":{"body":"","method":"GET","params":{},"query":{},"url":"/api/user/getById/d5bdc691-5af4-4332-bb2f-61b119272ac9"},"timestamp":"2023-04-17 16:29:35"}
{"level":"info","message":{"body":"","method":"GET","params":{},"query":{},"url":"/api/user/getById/2057a55f-26ac-4bd5-a071-8ffb58c153f0"},"timestamp":"2023-04-17 16:29:39"}
{"level":"info","message":{"body":"","method":"GET","params":{},"query":{},"url":"/api/user/getById/2057a55f-26ac-4bd5-a071-8ffb58c153f0"},"timestamp":"2023-04-17 16:29:39"}
{"level":"info","message":{"body":"","method":"GET","params":{},"query":{},"url":"/api/user/getById/2057a55f-26ac-4bd5-a071-8ffb58c153f0"},"timestamp":"2023-04-17 16:29:45"}
{"level":"info","message":{"body":"","method":"GET","params":{},"query":{},"url":"/api/user/getById/2057a55f-26ac-4bd5-a071-8ffb58c153f0"},"timestamp":"2023-04-17 16:29:45"}
{"level":"info","message":{"body":"","method":"GET","params":{},"query":{},"url":"/api/user/getById/6dda2a71-749c-486c-b5b1-8dbbb57c6068"},"timestamp":"2023-04-17 16:29:47"}
{"level":"info","message":{"body":"","method":"GET","params":{},"query":{},"url":"/api/user/getById/6dda2a71-749c-486c-b5b1-8dbbb57c6068"},"timestamp":"2023-04-17 16:29:48"}
{"level":"info","message":{"body":"","method":"GET","params":{},"query":{},"url":"/api/user/getById/e7b42ec5-3d55-41f4-85aa-c578d5e7ddcd"},"timestamp":"2023-04-17 16:30:39"}
{"level":"info","message":{"body":"","method":"GET","params":{},"query":{},"url":"/api/user/getById/e7b42ec5-3d55-41f4-85aa-c578d5e7ddcd"},"timestamp":"2023-04-17 16:30:41"}
{"level":"info","message":{"body":"","method":"GET","params":{},"query":{},"url":"/api/user/getById/2057a55f-26ac-4bd5-a071-8ffb58c153f0"},"timestamp":"2023-04-17 16:31:18"}
{"level":"info","message":{"body":"","method":"GET","params":{},"query":{},"url":"/api/user/getById/2057a55f-26ac-4bd5-a071-8ffb58c153f0"},"timestamp":"2023-04-17 16:31:19"}
{"level":"info","message":{"body":"","method":"GET","params":{},"query":{},"url":"/api/user/getById/6dda2a71-749c-486c-b5b1-8dbbb57c6068"},"timestamp":"2023-04-17 16:31:23"}
{"level":"info","message":{"body":"","method":"GET","params":{},"query":{},"url":"/api/user/getById/6dda2a71-749c-486c-b5b1-8dbbb57c6068"},"timestamp":"2023-04-17 16:31:23"}
{"level":"info","message":{"body":"","method":"GET","params":{},"query":{},"url":"/api/user/getById/6dda2a71-749c-486c-b5b1-8dbbb57c6068"},"timestamp":"2023-04-17 16:31:40"}
{"level":"info","message":{"body":"","method":"GET","params":{},"query":{},"url":"/api/user/getById/6dda2a71-749c-486c-b5b1-8dbbb57c6068"},"timestamp":"2023-04-17 16:31:40"}
{"level":"info","message":{"body":"","method":"GET","params":{},"query":{},"url":"/api/user/getById/d5bdc691-5af4-4332-bb2f-61b119272ac9"},"timestamp":"2023-04-17 16:32:24"}
{"level":"info","message":{"body":"","method":"GET","params":{},"query":{},"url":"/api/user/getById/d5bdc691-5af4-4332-bb2f-61b119272ac9"},"timestamp":"2023-04-17 16:32:24"}
{"level":"info","message":{"body":"","method":"GET","params":{},"query":{},"url":"/api/user/getById/2057a55f-26ac-4bd5-a071-8ffb58c153f0"},"timestamp":"2023-04-17 16:33:25"}
{"level":"info","message":{"body":"","method":"GET","params":{},"query":{},"url":"/api/user/getById/2057a55f-26ac-4bd5-a071-8ffb58c153f0"},"timestamp":"2023-04-17 16:33:25"}
{"level":"info","message":{"body":"","method":"GET","params":{},"query":{},"url":"/api/user/getById/2057a55f-26ac-4bd5-a071-8ffb58c153f0"},"timestamp":"2023-04-17 16:33:30"}
{"level":"info","message":{"body":"","method":"GET","params":{},"query":{},"url":"/api/user/getById/2057a55f-26ac-4bd5-a071-8ffb58c153f0"},"timestamp":"2023-04-17 16:33:30"}
{"level":"info","message":{"body":"","method":"GET","params":{},"query":{},"url":"/api/user/getById/6dda2a71-749c-486c-b5b1-8dbbb57c6068"},"timestamp":"2023-04-17 16:33:34"}
{"level":"info","message":{"body":"","method":"GET","params":{},"query":{},"url":"/api/user/getById/6dda2a71-749c-486c-b5b1-8dbbb57c6068"},"timestamp":"2023-04-17 16:33:35"}
{"level":"info","message":{"body":"","method":"GET","params":{},"query":{},"url":"/api/user/getById/6dda2a71-749c-486c-b5b1-8dbbb57c6068"},"timestamp":"2023-04-17 16:33:36"}
{"level":"info","message":{"body":"","method":"GET","params":{},"query":{},"url":"/api/user/getById/6dda2a71-749c-486c-b5b1-8dbbb57c6068"},"timestamp":"2023-04-17 16:33:36"}
{"level":"info","message":{"body":"","method":"GET","params":{},"query":{},"url":"/api/user/getById/d5bdc691-5af4-4332-bb2f-61b119272ac9"},"timestamp":"2023-04-17 16:33:38"}
{"level":"info","message":{"body":"","method":"GET","params":{},"query":{},"url":"/api/user/getById/d5bdc691-5af4-4332-bb2f-61b119272ac9"},"timestamp":"2023-04-17 16:33:38"}
{"level":"info","message":{"body":{"address":"Santiago","district":"San Joaquin","email":"Nicolas@gmail.com","maternalLastName":"Fariñez","name":"Nicolas","password":"957902342","paternalLastName":"Bascuñan","phone":"957902342","rut":"21145201‑3"},"method":"POST","params":"","query":"","url":"/api/user/create"},"timestamp":"2023-04-17 16:46:53"}
{"level":"info","message":{"body":"","method":"GET","params":{},"query":{},"url":"/api/user/getAll"},"timestamp":"2023-04-17 16:46:58"}
{"level":"info","message":{"body":"","method":"GET","params":{},"query":{},"url":"/api/customer/getAll"},"timestamp":"2023-04-17 16:46:58"}
{"level":"info","message":{"body":"","method":"GET","params":{},"query":{},"url":"/api/user/getAll"},"timestamp":"2023-04-17 16:47:04"}
{"level":"info","message":{"body":"","method":"GET","params":{},"query":{},"url":"/api/customer/getAll"},"timestamp":"2023-04-17 16:47:04"}
{"level":"info","message":{"body":"","method":"GET","params":{},"query":{},"url":"/api/user/getAll"},"timestamp":"2023-04-17 16:47:38"}
{"level":"info","message":{"body":"","method":"GET","params":{},"query":{},"url":"/api/customer/getAll"},"timestamp":"2023-04-17 16:47:38"}
{"level":"info","message":{"body":{"address":"Santiago","district":"San Lorenzo","email":"Max@gmail.com","maternalLastName":"Apaza","name":"Max","password":"957902342","paternalLastName":"Castillo","phone":"957902342","rut":"14733329‑3"},"method":"POST","params":"","query":"","url":"/api/user/create"},"timestamp":"2023-04-17 16:49:13"}
{"level":"info","message":{"body":"","method":"GET","params":{},"query":{},"url":"/api/user/getAll"},"timestamp":"2023-04-17 16:49:43"}
{"level":"info","message":{"body":"","method":"GET","params":{},"query":{},"url":"/api/customer/getAll"},"timestamp":"2023-04-17 16:49:43"}
{"level":"info","message":{"body":"","method":"GET","params":{},"query":{},"url":"/api/user/getById/6dda2a71-749c-486c-b5b1-8dbbb57c6068"},"timestamp":"2023-04-17 16:50:24"}
{"level":"info","message":{"body":"","method":"GET","params":{},"query":{},"url":"/api/user/getById/6dda2a71-749c-486c-b5b1-8dbbb57c6068"},"timestamp":"2023-04-17 16:50:25"}
{"level":"info","message":{"body":"","method":"PUT","params":{},"query":"","url":"/api/user/update/6dda2a71-749c-486c-b5b1-8dbbb57c6068"},"timestamp":"2023-04-17 16:50:28"}
{"level":"info","message":{"body":"","method":"GET","params":{},"query":{},"url":"/api/user/getAll"},"timestamp":"2023-04-17 16:50:35"}
{"level":"info","message":{"body":"","method":"GET","params":{},"query":{},"url":"/api/customer/getAll"},"timestamp":"2023-04-17 16:50:35"}
{"level":"info","message":{"body":"","method":"GET","params":{},"query":{},"url":"/api/user/getById/7f276c04-b8a6-456f-b4c8-cedbdaa55722"},"timestamp":"2023-04-17 16:50:54"}
{"level":"info","message":{"body":"","method":"GET","params":{},"query":{},"url":"/api/user/getById/7f276c04-b8a6-456f-b4c8-cedbdaa55722"},"timestamp":"2023-04-17 16:50:55"}
{"level":"info","message":{"body":"","method":"PUT","params":{},"query":"","url":"/api/user/update/7f276c04-b8a6-456f-b4c8-cedbdaa55722"},"timestamp":"2023-04-17 16:51:02"}
{"level":"info","message":{"body":"","method":"GET","params":{},"query":{},"url":"/api/user/getAll"},"timestamp":"2023-04-17 16:51:13"}
{"level":"info","message":{"body":"","method":"GET","params":{},"query":{},"url":"/api/customer/getAll"},"timestamp":"2023-04-17 16:51:13"}
{"level":"info","message":{"body":"","method":"GET","params":{},"query":{},"url":"/api/user/getById/e7b42ec5-3d55-41f4-85aa-c578d5e7ddcd"},"timestamp":"2023-04-17 16:51:27"}
{"level":"info","message":{"body":"","method":"GET","params":{},"query":{},"url":"/api/user/getById/e7b42ec5-3d55-41f4-85aa-c578d5e7ddcd"},"timestamp":"2023-04-17 16:51:29"}
{"level":"info","message":{"body":"","method":"DELETE","params":{},"query":"","url":"/api/user/deleteById/e7b42ec5-3d55-41f4-85aa-c578d5e7ddcd"},"timestamp":"2023-04-17 16:51:34"}
{"level":"info","message":{"body":"","method":"GET","params":{},"query":{},"url":"/api/user/getAll"},"timestamp":"2023-04-17 16:51:38"}
{"level":"info","message":{"body":"","method":"GET","params":{},"query":{},"url":"/api/customer/getAll"},"timestamp":"2023-04-17 16:51:38"}
{"level":"info","message":{"body":"","method":"GET","params":{},"query":{},"url":"/api/user/getAll"},"timestamp":"2023-04-17 16:53:14"}
{"level":"info","message":{"body":"","method":"GET","params":{},"query":{},"url":"/api/customer/getAll"},"timestamp":"2023-04-17 16:53:14"}
{"level":"info","message":{"body":"","method":"GET","params":{},"query":{},"url":"/api/user/getAll"},"timestamp":"2023-04-17 16:59:20"}
{"level":"info","message":{"body":"","method":"GET","params":{},"query":{},"url":"/api/customer/getAll"},"timestamp":"2023-04-17 16:59:20"}
{"level":"info","message":{"body":"","method":"GET","params":{},"query":{},"url":"/api/user/getById/6dda2a71-749c-486c-b5b1-8dbbb57c6068"},"timestamp":"2023-04-17 16:59:25"}
{"level":"info","message":{"body":"","method":"GET","params":{},"query":{},"url":"/api/user/getById/6dda2a71-749c-486c-b5b1-8dbbb57c6068"},"timestamp":"2023-04-17 16:59:25"}
{"level":"info","message":{"body":"","method":"GET","params":{},"query":{},"url":"/api/user/getById/6dda2a71-749c-486c-b5b1-8dbbb57c6068"},"timestamp":"2023-04-17 17:15:46"}
{"level":"info","message":{"body":"","method":"GET","params":{},"query":{},"url":"/api/user/getById/6dda2a71-749c-486c-b5b1-8dbbb57c6068"},"timestamp":"2023-04-17 17:15:46"}
{"level":"info","message":{"body":{"email":"Alexa@gmail.com","password":"957902342"},"method":"POST","params":"","query":"","url":"/api/user/validate"},"timestamp":"2023-04-17 17:20:33"}
{"level":"info","message":{"body":"","method":"GET","params":{},"query":{},"url":"/api/user/getAll"},"timestamp":"2023-04-17 17:21:27"}
{"level":"info","message":{"body":"","method":"GET","params":{},"query":{},"url":"/api/customer/getAll"},"timestamp":"2023-04-17 17:21:27"}
{"level":"info","message":{"body":"","method":"GET","params":{},"query":{},"url":"/api/user/getById/4d3e22ff-829a-4271-b76d-dd0cf970ef3b"},"timestamp":"2023-04-17 17:22:03"}
{"level":"info","message":{"body":"","method":"GET","params":{},"query":{},"url":"/api/user/getById/6dda2a71-749c-486c-b5b1-8dbbb57c6068"},"timestamp":"2023-04-17 17:22:19"}
{"level":"info","message":{"body":"","method":"GET","params":{},"query":{},"url":"/api/user/getById/d5bdc691-5af4-4332-bb2f-61b119272ac9"},"timestamp":"2023-04-17 17:22:22"}
{"level":"info","message":{"body":"","method":"GET","params":{},"query":{},"url":"/api/user/getById/4d3e22ff-829a-4271-b76d-dd0cf970ef3b"},"timestamp":"2023-04-17 17:22:46"}
{"level":"info","message":{"body":"","method":"GET","params":{},"query":{},"url":"/api/user/getById/4d3e22ff-829a-4271-b76d-dd0cf970ef3b"},"timestamp":"2023-04-17 17:31:51"}
{"level":"info","message":{"body":"","method":"GET","params":{},"query":{},"url":"/api/user/getById/4d3e22ff-829a-4271-b76d-dd0cf970ef3b"},"timestamp":"2023-04-17 17:32:19"}
{"level":"info","message":{"body":"","method":"GET","params":{},"query":{},"url":"/api/user/getById/4d3e22ff-829a-4271-b76d-dd0cf970ef3b"},"timestamp":"2023-04-17 17:33:00"}
{"level":"info","message":{"body":"","method":"GET","params":{},"query":{},"url":"/api/user/getById/2057a55f-26ac-4bd5-a071-8ffb58c153f0"},"timestamp":"2023-04-17 17:33:05"}
{"level":"info","message":{"body":"","method":"GET","params":{},"query":{},"url":"/api/user/getAll"},"timestamp":"2023-04-17 17:34:00"}
{"level":"info","message":{"body":"","method":"GET","params":{},"query":{},"url":"/api/customer/getAll"},"timestamp":"2023-04-17 17:34:00"}
{"level":"info","message":{"body":"","method":"GET","params":{},"query":{},"url":"/api/user/getAll"},"timestamp":"2023-04-17 17:34:04"}
{"level":"info","message":{"body":"","method":"GET","params":{},"query":{},"url":"/api/customer/getAll"},"timestamp":"2023-04-17 17:34:04"}
{"level":"info","message":{"body":"","method":"GET","params":{},"query":{},"url":"/api/user/getAll"},"timestamp":"2023-04-17 17:53:43"}
{"level":"info","message":{"body":"","method":"GET","params":{},"query":{},"url":"/api/customer/getAll"},"timestamp":"2023-04-17 17:53:43"}
{"level":"info","message":{"body":"","method":"GET","params":{},"query":{},"url":"/api/user/getById/f31523d6-3db7-43eb-ad09-4e9e5fb075a5"},"timestamp":"2023-04-17 17:53:46"}
{"level":"info","message":{"body":"","method":"GET","params":{},"query":{},"url":"/api/user/getById/undefined"},"timestamp":"2023-04-17 17:53:50"}
{"level":"error","message":{"error":"invalid input syntax for type uuid: \"undefined\"","model":"user/getAll"},"timestamp":"2023-04-17 17:53:51"}
{"level":"info","message":{"body":"","method":"GET","params":{},"query":{},"url":"/api/user/getById/undefined"},"timestamp":"2023-04-17 17:53:53"}
{"level":"error","message":{"error":"invalid input syntax for type uuid: \"undefined\"","model":"user/getAll"},"timestamp":"2023-04-17 17:53:53"}
{"level":"info","message":{"body":"","method":"GET","params":{},"query":{},"url":"/api/user/getById/f31523d6-3db7-43eb-ad09-4e9e5fb075a5"},"timestamp":"2023-04-17 17:54:00"}
{"level":"info","message":{"body":"","method":"GET","params":{},"query":{},"url":"/api/user/getById/undefined"},"timestamp":"2023-04-17 17:54:15"}
{"level":"error","message":{"error":"invalid input syntax for type uuid: \"undefined\"","model":"user/getAll"},"timestamp":"2023-04-17 17:54:15"}
{"level":"info","message":{"body":"","method":"GET","params":{},"query":{},"url":"/api/customer/getAll"},"timestamp":"2023-04-17 17:54:35"}
{"level":"info","message":{"body":"","method":"GET","params":{},"query":{},"url":"/api/user/getAll"},"timestamp":"2023-04-17 17:56:35"}
{"level":"info","message":{"body":"","method":"GET","params":{},"query":{},"url":"/api/customer/getAll"},"timestamp":"2023-04-17 17:56:35"}
{"level":"info","message":{"body":"","method":"GET","params":{},"query":{},"url":"/api/customer/getAll"},"timestamp":"2023-04-17 17:56:36"}
{"level":"info","message":{"body":"","method":"GET","params":{},"query":{},"url":"/api/user/getAll"},"timestamp":"2023-04-17 17:56:36"}
{"level":"info","message":{"body":{"email":"Alexa@gmail.com","password":"957902342"},"method":"POST","params":"","query":"","url":"/api/user/validate"},"timestamp":"2023-04-17 17:56:42"}
{"level":"info","message":{"body":{"email":"Alexa@gmail.com","password":"957902342"},"method":"POST","params":"","query":"","url":"/api/user/validate"},"timestamp":"2023-04-17 17:59:20"}
{"level":"info","message":{"body":"","method":"GET","params":{},"query":{},"url":"/api/user/getAll"},"timestamp":"2023-04-17 18:00:51"}
{"level":"info","message":{"body":"","method":"GET","params":{},"query":{},"url":"/api/customer/getAll"},"timestamp":"2023-04-17 18:00:51"}
{"level":"info","message":{"body":"","method":"GET","params":{},"query":{},"url":"/api/user/getById/undefined"},"timestamp":"2023-04-17 18:02:46"}
{"level":"error","message":{"error":"invalid input syntax for type uuid: \"undefined\"","model":"user/getAll"},"timestamp":"2023-04-17 18:02:47"}
{"level":"info","message":{"body":"","method":"GET","params":{},"query":{},"url":"/api/user/getById/f31523d6-3db7-43eb-ad09-4e9e5fb075a5"},"timestamp":"2023-04-17 18:02:54"}
{"level":"info","message":{"body":{"email":"Alexa@gmail.com","password":"957902342"},"method":"POST","params":"","query":"","url":"/api/user/validate"},"timestamp":"2023-04-17 18:03:57"}
{"level":"info","message":{"body":"","method":"GET","params":{},"query":{},"url":"/api/user/getAll"},"timestamp":"2023-04-17 18:04:15"}
{"level":"info","message":{"body":"","method":"GET","params":{},"query":{},"url":"/api/customer/getAll"},"timestamp":"2023-04-17 18:04:15"}
{"level":"info","message":{"body":"","method":"GET","params":{},"query":{},"url":"/api/user/getById/87239dcf-3e64-4874-a8ae-321addc7d026"},"timestamp":"2023-04-17 18:05:31"}
{"level":"info","message":{"body":"","method":"GET","params":{},"query":{},"url":"/api/user/getById/f31523d6-3db7-43eb-ad09-4e9e5fb075a5"},"timestamp":"2023-04-17 18:05:35"}
{"level":"info","message":{"body":"","method":"GET","params":{},"query":{},"url":"/api/user/getById/87239dcf-3e64-4874-a8ae-321addc7d026"},"timestamp":"2023-04-17 18:06:15"}
{"level":"info","message":{"body":"","method":"GET","params":{},"query":{},"url":"/api/user/getById/f31523d6-3db7-43eb-ad09-4e9e5fb075a5"},"timestamp":"2023-04-17 18:06:18"}
{"level":"info","message":{"body":"","method":"GET","params":{},"query":{},"url":"/api/user/getById/f31523d6-3db7-43eb-ad09-4e9e5fb075a5"},"timestamp":"2023-04-17 18:06:22"}
{"level":"info","message":{"body":"","method":"GET","params":{},"query":{},"url":"/api/user/getAll"},"timestamp":"2023-04-17 18:06:26"}
{"level":"info","message":{"body":"","method":"GET","params":{},"query":{},"url":"/api/customer/getAll"},"timestamp":"2023-04-17 18:06:26"}
{"level":"info","message":{"body":"","method":"GET","params":{},"query":{},"url":"/api/user/getById/4d3e22ff-829a-4271-b76d-dd0cf970ef3b"},"timestamp":"2023-04-17 18:06:28"}
{"level":"info","message":{"body":"","method":"GET","params":{},"query":{},"url":"/api/user/getById/7f276c04-b8a6-456f-b4c8-cedbdaa55722"},"timestamp":"2023-04-17 18:06:42"}
{"level":"info","message":{"body":"","method":"GET","params":{},"query":{},"url":"/api/user/getAll"},"timestamp":"2023-04-17 18:10:24"}
{"level":"info","message":{"body":"","method":"GET","params":{},"query":{},"url":"/api/customer/getAll"},"timestamp":"2023-04-17 18:10:24"}
{"level":"info","message":{"body":"","method":"GET","params":{},"query":{},"url":"/api/user/getById/4d3e22ff-829a-4271-b76d-dd0cf970ef3b"},"timestamp":"2023-04-17 18:10:28"}
{"level":"info","message":{"body":"","method":"PUT","params":{},"query":"","url":"/api/user/update/4d3e22ff-829a-4271-b76d-dd0cf970ef3b"},"timestamp":"2023-04-17 18:10:34"}
{"level":"info","message":{"body":"","method":"GET","params":{},"query":{},"url":"/api/user/getAll"},"timestamp":"2023-04-17 18:11:58"}
{"level":"info","message":{"body":"","method":"GET","params":{},"query":{},"url":"/api/customer/getAll"},"timestamp":"2023-04-17 18:11:58"}
{"level":"info","message":{"body":{"address":"Ampuero@gmail.com","district":"San Lorenzo","email":"Ampuero@gmail.com","maternalLastName":"Fariñez","name":"Ampuero","password":"957902342","paternalLastName":"Vasquez","phone":"957902342","rut":"95155950-4"},"method":"POST","params":"","query":"","url":"/api/user/create"},"timestamp":"2023-04-17 18:14:06"}
{"level":"info","message":{"body":"","method":"GET","params":{},"query":{},"url":"/api/user/getAll"},"timestamp":"2023-04-17 18:14:18"}
{"level":"info","message":{"body":"","method":"GET","params":{},"query":{},"url":"/api/customer/getAll"},"timestamp":"2023-04-17 18:14:18"}
{"level":"info","message":{"body":"","method":"GET","params":{},"query":{},"url":"/api/user/getAll"},"timestamp":"2023-04-17 18:14:27"}
{"level":"info","message":{"body":"","method":"GET","params":{},"query":{},"url":"/api/customer/getAll"},"timestamp":"2023-04-17 18:14:27"}
{"level":"info","message":{"body":{"address":"Santiago","district":"San Lorenzo","email":"Pablo@gmail.com","maternalLastName":"Escobar","name":"Pablo","password":"957902342","paternalLastName":"Marchan","phone":"957902342","rut":"83595102-2"},"method":"POST","params":"","query":"","url":"/api/user/create"},"timestamp":"2023-04-17 18:15:33"}
{"level":"info","message":{"body":"","method":"GET","params":{},"query":{},"url":"/api/user/getAll"},"timestamp":"2023-04-17 18:15:42"}
{"level":"info","message":{"body":"","method":"GET","params":{},"query":{},"url":"/api/customer/getAll"},"timestamp":"2023-04-17 18:15:42"}
{"level":"info","message":{"body":"","method":"GET","params":{},"query":{},"url":"/api/user/getAll"},"timestamp":"2023-04-17 18:15:47"}
{"level":"info","message":{"body":"","method":"GET","params":{},"query":{},"url":"/api/customer/getAll"},"timestamp":"2023-04-17 18:15:47"}
{"level":"info","message":{"body":"","method":"GET","params":{},"query":{},"url":"/api/user/getAll"},"timestamp":"2023-04-17 18:16:09"}
{"level":"info","message":{"body":"","method":"GET","params":{},"query":{},"url":"/api/customer/getAll"},"timestamp":"2023-04-17 18:16:09"}
{"level":"info","message":{"body":"","method":"GET","params":{},"query":{},"url":"/api/user/getById/8d74569b-8fd3-4b66-a468-e394e7b6c1c2"},"timestamp":"2023-04-17 18:16:13"}
{"level":"info","message":{"body":"","method":"GET","params":{},"query":{},"url":"/api/user/getById/7f276c04-b8a6-456f-b4c8-cedbdaa55722"},"timestamp":"2023-04-17 18:16:22"}
{"level":"info","message":{"body":"","method":"GET","params":{},"query":{},"url":"/api/user/getById/7f276c04-b8a6-456f-b4c8-cedbdaa55722"},"timestamp":"2023-04-17 18:16:25"}
{"level":"info","message":{"body":{"email":"Alexa@gmail.com","password":"957902342"},"method":"POST","params":"","query":"","url":"/api/user/validate"},"timestamp":"2023-04-17 18:17:25"}
{"level":"info","message":{"body":"","method":"GET","params":{},"query":{},"url":"/api/user/getAll"},"timestamp":"2023-04-17 18:17:52"}
{"level":"info","message":{"body":"","method":"GET","params":{},"query":{},"url":"/api/customer/getAll"},"timestamp":"2023-04-17 18:17:52"}
{"level":"info","message":{"body":"","method":"GET","params":{},"query":{},"url":"/api/user/getById/6dda2a71-749c-486c-b5b1-8dbbb57c6068"},"timestamp":"2023-04-17 18:18:24"}
{"level":"info","message":{"body":{"email":"Alexa@gmail.com","password":"957902342"},"method":"POST","params":"","query":"","url":"/api/user/validate"},"timestamp":"2023-04-17 18:25:50"}
{"level":"info","message":{"body":"","method":"GET","params":{},"query":{},"url":"/api/user/getById/6dda2a71-749c-486c-b5b1-8dbbb57c6068"},"timestamp":"2023-04-17 18:26:07"}
{"level":"info","message":{"body":"","method":"GET","params":{},"query":{},"url":"/api/user/getAll"},"timestamp":"2023-04-17 18:26:07"}
{"level":"info","message":{"body":"","method":"GET","params":{},"query":{},"url":"/api/user/getById/6dda2a71-749c-486c-b5b1-8dbbb57c6068"},"timestamp":"2023-04-17 18:26:09"}
{"level":"info","message":{"body":"","method":"GET","params":{},"query":{},"url":"/api/user/getAll"},"timestamp":"2023-04-17 18:26:09"}
{"level":"info","message":{"body":"","method":"GET","params":{},"query":{},"url":"/api/user/getAll"},"timestamp":"2023-04-17 18:26:22"}
{"level":"info","message":{"body":"","method":"GET","params":{},"query":{},"url":"/api/user/getAll"},"timestamp":"2023-04-17 18:26:38"}
{"level":"info","message":{"body":"","method":"GET","params":{},"query":{},"url":"/api/user/getAll"},"timestamp":"2023-04-17 18:26:38"}
{"level":"info","message":{"body":"","method":"GET","params":{},"query":{},"url":"/api/user/getAll"},"timestamp":"2023-04-17 18:28:11"}
{"level":"info","message":{"body":{"email":"Alexa@gmail.com","password":"957902342"},"method":"POST","params":"","query":"","url":"/api/user/validate"},"timestamp":"2023-04-17 18:28:49"}
{"level":"info","message":{"body":"","method":"GET","params":{},"query":{},"url":"/api/user/getAll"},"timestamp":"2023-04-17 18:29:15"}
{"level":"info","message":{"body":"","method":"GET","params":{},"query":{},"url":"/api/user/getAll"},"timestamp":"2023-04-17 18:29:15"}
{"level":"info","message":{"body":{"email":"Alexa@gmail.com","password":"957902342"},"method":"POST","params":"","query":"","url":"/api/user/validate"},"timestamp":"2023-04-17 18:29:54"}
{"level":"info","message":{"body":"","method":"GET","params":{},"query":{},"url":"/api/user/getAll"},"timestamp":"2023-04-17 18:30:37"}
{"level":"info","message":{"body":"","method":"GET","params":{},"query":{},"url":"/api/user/getAll"},"timestamp":"2023-04-17 18:30:37"}
{"level":"info","message":{"body":"","method":"GET","params":{},"query":{},"url":"/api/user/getById/7f276c04-b8a6-456f-b4c8-cedbdaa55722"},"timestamp":"2023-04-17 18:31:05"}
{"level":"info","message":{"body":"","method":"GET","params":{},"query":{},"url":"/api/user/getAll"},"timestamp":"2023-04-17 18:31:05"}
{"level":"info","message":{"body":"","method":"GET","params":{},"query":{},"url":"/api/user/getAll"},"timestamp":"2023-04-17 18:31:09"}
{"level":"info","message":{"body":"","method":"GET","params":{},"query":{},"url":"/api/user/getAll"},"timestamp":"2023-04-17 18:31:15"}
{"level":"info","message":{"body":"","method":"GET","params":{},"query":{},"url":"/api/user/getAll"},"timestamp":"2023-04-17 18:31:15"}
{"level":"info","message":{"body":"","method":"GET","params":{},"query":{},"url":"/api/user/getById/4d3e22ff-829a-4271-b76d-dd0cf970ef3b"},"timestamp":"2023-04-17 18:31:55"}
{"level":"info","message":{"body":"","method":"GET","params":{},"query":{},"url":"/api/user/getAll"},"timestamp":"2023-04-17 18:31:55"}
{"level":"info","message":{"body":"","method":"PUT","params":{},"query":"","url":"/api/user/update/4d3e22ff-829a-4271-b76d-dd0cf970ef3b"},"timestamp":"2023-04-17 18:32:03"}
{"level":"info","message":{"body":"","method":"GET","params":{},"query":{},"url":"/api/user/getAll"},"timestamp":"2023-04-17 18:32:03"}
{"level":"info","message":{"body":"","method":"GET","params":{},"query":{},"url":"/api/user/getById/2057a55f-26ac-4bd5-a071-8ffb58c153f0"},"timestamp":"2023-04-17 18:32:10"}
{"level":"info","message":{"body":"","method":"GET","params":{},"query":{},"url":"/api/user/getAll"},"timestamp":"2023-04-17 18:32:10"}
{"level":"info","message":{"body":"","method":"DELETE","params":{},"query":"","url":"/api/user/deleteById/2057a55f-26ac-4bd5-a071-8ffb58c153f0"},"timestamp":"2023-04-17 18:32:11"}
{"level":"info","message":{"body":"","method":"GET","params":{},"query":{},"url":"/api/user/getAll"},"timestamp":"2023-04-17 18:32:11"}
{"level":"info","message":{"body":{"email":"Alexa@gmail.com","password":"957902342"},"method":"POST","params":"","query":"","url":"/api/user/validate"},"timestamp":"2023-04-17 18:38:52"}
{"level":"info","message":{"body":"","method":"GET","params":{},"query":{},"url":"/api/user/getAll"},"timestamp":"2023-04-17 18:39:30"}
{"level":"info","message":{"body":"","method":"GET","params":{},"query":{},"url":"/api/user/getAll"},"timestamp":"2023-04-17 18:39:31"}
{"level":"info","message":{"body":"","method":"GET","params":{},"query":{},"url":"/api/user/getById/6dda2a71-749c-486c-b5b1-8dbbb57c6068"},"timestamp":"2023-04-17 18:39:56"}
{"level":"info","message":{"body":"","method":"GET","params":{},"query":{},"url":"/api/user/getAll"},"timestamp":"2023-04-17 18:39:56"}
{"level":"info","message":{"body":"","method":"PUT","params":{},"query":"","url":"/api/user/update/6dda2a71-749c-486c-b5b1-8dbbb57c6068"},"timestamp":"2023-04-17 18:40:05"}
{"level":"info","message":{"body":"","method":"GET","params":{},"query":{},"url":"/api/user/getAll"},"timestamp":"2023-04-17 18:40:05"}
{"level":"info","message":{"body":"","method":"GET","params":{},"query":{},"url":"/api/user/getById/69fc7a8d-367b-4052-a4ea-b24d5ea79a6d"},"timestamp":"2023-04-17 18:40:13"}
{"level":"info","message":{"body":"","method":"GET","params":{},"query":{},"url":"/api/user/getAll"},"timestamp":"2023-04-17 18:40:13"}
{"level":"info","message":{"body":{"email":"Alexa@gmail.com","password":"957902342"},"method":"POST","params":"","query":"","url":"/api/user/validate"},"timestamp":"2023-04-17 18:52:23"}
{"level":"info","message":{"body":"","method":"GET","params":{},"query":{},"url":"/api/user/getById/69fc7a8d-367b-4052-a4ea-b24d5ea79a6d"},"timestamp":"2023-04-17 18:52:53"}
{"level":"info","message":{"body":"","method":"GET","params":{},"query":{},"url":"/api/user/getAll"},"timestamp":"2023-04-17 18:52:53"}
{"level":"info","message":{"body":"","method":"GET","params":{},"query":{},"url":"/api/user/getById/69fc7a8d-367b-4052-a4ea-b24d5ea79a6d"},"timestamp":"2023-04-17 18:52:53"}
{"level":"info","message":{"body":"","method":"GET","params":{},"query":{},"url":"/api/user/getAll"},"timestamp":"2023-04-17 18:52:53"}
{"level":"info","message":{"body":"","method":"GET","params":{},"query":{},"url":"/api/user/getAll"},"timestamp":"2023-04-17 18:52:56"}
{"level":"info","message":{"body":"","method":"GET","params":{},"query":{},"url":"/api/user/getById/7f276c04-b8a6-456f-b4c8-cedbdaa55722"},"timestamp":"2023-04-17 18:52:59"}
{"level":"info","message":{"body":"","method":"GET","params":{},"query":{},"url":"/api/user/getAll"},"timestamp":"2023-04-17 18:52:59"}
{"level":"info","message":{"body":"","method":"GET","params":{},"query":{},"url":"/api/user/getAll"},"timestamp":"2023-04-17 18:53:01"}
{"level":"info","message":{"body":"","method":"GET","params":{},"query":{},"url":"/api/user/getAll"},"timestamp":"2023-04-17 18:53:03"}
{"level":"info","message":{"body":"","method":"GET","params":{},"query":{},"url":"/api/user/getById/69fc7a8d-367b-4052-a4ea-b24d5ea79a6d"},"timestamp":"2023-04-17 18:53:03"}
{"level":"info","message":{"body":"","method":"GET","params":{},"query":{},"url":"/api/user/getAll"},"timestamp":"2023-04-17 18:53:06"}
{"level":"info","message":{"body":"","method":"GET","params":{},"query":{},"url":"/api/user/getById/4d3e22ff-829a-4271-b76d-dd0cf970ef3b"},"timestamp":"2023-04-17 18:53:07"}
{"level":"info","message":{"body":"","method":"GET","params":{},"query":{},"url":"/api/user/getAll"},"timestamp":"2023-04-17 18:53:07"}
{"level":"info","message":{"body":{"email":"Alexa@gmail.com","password":"957902342"},"method":"POST","params":"","query":"","url":"/api/user/validate"},"timestamp":"2023-04-17 18:54:30"}
{"level":"info","message":{"body":"","method":"GET","params":{},"query":{},"url":"/api/user/getAll"},"timestamp":"2023-04-17 18:55:04"}
{"level":"info","message":{"body":"","method":"GET","params":{},"query":{},"url":"/api/user/getAll"},"timestamp":"2023-04-17 18:55:05"}
{"level":"info","message":{"body":{"email":"Alexa@gmail.com","password":"957902342"},"method":"POST","params":"","query":"","url":"/api/user/validate"},"timestamp":"2023-04-17 19:00:33"}
{"level":"info","message":{"body":"","method":"GET","params":{},"query":{},"url":"/api/user/getAll"},"timestamp":"2023-04-17 19:01:20"}
{"level":"info","message":{"body":"","method":"GET","params":{},"query":{},"url":"/api/user/getAll"},"timestamp":"2023-04-17 19:01:20"}
{"level":"info","message":{"body":"","method":"GET","params":{},"query":{},"url":"/api/user/getById/7f276c04-b8a6-456f-b4c8-cedbdaa55722"},"timestamp":"2023-04-17 19:01:31"}
{"level":"info","message":{"body":"","method":"GET","params":{},"query":{},"url":"/api/user/getAll"},"timestamp":"2023-04-17 19:01:31"}
{"level":"info","message":{"body":"","method":"GET","params":{},"query":{},"url":"/api/user/getAll"},"timestamp":"2023-04-17 19:01:40"}
{"level":"info","message":{"body":"","method":"GET","params":{},"query":{},"url":"/api/user/getAll"},"timestamp":"2023-04-17 19:01:43"}
{"level":"info","message":{"body":"","method":"GET","params":{},"query":{},"url":"/api/user/getById/69fc7a8d-367b-4052-a4ea-b24d5ea79a6d"},"timestamp":"2023-04-17 19:01:43"}
{"level":"info","message":{"body":"","method":"GET","params":{},"query":{},"url":"/api/user/getAll"},"timestamp":"2023-04-17 19:02:02"}
{"level":"info","message":{"body":"","method":"GET","params":{},"query":{},"url":"/api/user/getAll"},"timestamp":"2023-04-17 19:02:04"}
{"level":"info","message":{"body":"","method":"GET","params":{},"query":{},"url":"/api/user/getById/7f276c04-b8a6-456f-b4c8-cedbdaa55722"},"timestamp":"2023-04-17 19:02:04"}
{"level":"info","message":{"body":"","method":"GET","params":{},"query":{},"url":"/api/user/getAll"},"timestamp":"2023-04-17 19:02:12"}
{"level":"info","message":{"body":"","method":"GET","params":{},"query":{},"url":"/api/user/getAll"},"timestamp":"2023-04-17 19:02:15"}
{"level":"info","message":{"body":"","method":"GET","params":{},"query":{},"url":"/api/user/getAll"},"timestamp":"2023-04-17 19:02:22"}
