{"level":"info","message":{"body":{"email":"Jose@gmail.com","password":"957902342"},"method":"POST","params":"","query":"","url":"/api/user/validate"},"timestamp":"2023-04-08 18:02:40"}
{"level":"error","message":{"error":"bind message supplies 1 parameters, but prepared statement \"\" requires 0","model":"user/validate"},"timestamp":"2023-04-08 18:02:41"}
{"level":"info","message":{"body":{"email":"Jose@gmail.com","password":"957902342"},"method":"POST","params":"","query":"","url":"/api/user/validate"},"timestamp":"2023-04-08 18:02:57"}
{"level":"error","message":{"error":"bind message supplies 1 parameters, but prepared statement \"\" requires 0","model":"user/validate"},"timestamp":"2023-04-08 18:02:57"}
{"level":"info","message":{"body":{"email":"Jose@gmail.com","password":"95790342"},"method":"POST","params":"","query":"","url":"/api/user/validate"},"timestamp":"2023-04-08 18:03:16"}
{"level":"error","message":{"error":"bind message supplies 1 parameters, but prepared statement \"\" requires 0","model":"user/validate"},"timestamp":"2023-04-08 18:03:17"}
{"level":"info","message":{"body":{"email":"Alexa@gmail.com","password":"957902342"},"method":"POST","params":"","query":"","url":"/api/user/validate"},"timestamp":"2023-04-09 09:44:08"}
{"level":"info","message":{"body":"","method":"GET","params":{},"query":{},"url":"/api/user/getAll"},"timestamp":"2023-04-09 09:44:28"}
{"level":"info","message":{"body":"","method":"GET","params":{},"query":{},"url":"/api/user/getAll"},"timestamp":"2023-04-09 09:44:29"}
{"level":"info","message":{"body":"","method":"GET","params":{},"query":{},"url":"/api/user/getAll"},"timestamp":"2023-04-09 09:44:29"}
{"level":"info","message":{"body":{"email":"Alexa@gmail.com","password":"957902342"},"method":"POST","params":"","query":"","url":"/api/user/validate"},"timestamp":"2023-04-09 09:45:28"}
{"level":"info","message":{"body":{"email":"Alexa@gmail.com","password":"957902342"},"method":"POST","params":"","query":"","url":"/api/user/validate"},"timestamp":"2023-04-09 09:49:46"}
{"level":"info","message":{"body":"","method":"GET","params":{},"query":{},"url":"/api/user/getAll"},"timestamp":"2023-04-09 09:50:06"}
{"level":"info","message":{"body":"","method":"GET","params":{},"query":{},"url":"/api/user/getAll"},"timestamp":"2023-04-09 09:50:06"}
{"level":"info","message":{"body":"","method":"GET","params":{},"query":{},"url":"/api/user/getAll"},"timestamp":"2023-04-09 09:50:06"}
{"level":"info","message":{"body":"","method":"GET","params":{},"query":{},"url":"/api/user/getAll"},"timestamp":"2023-04-09 09:50:08"}
{"level":"info","message":{"body":"","method":"GET","params":{},"query":{},"url":"/api/user/getAll"},"timestamp":"2023-04-09 09:50:12"}
{"level":"info","message":{"body":{"email":"Jose@gmail.com","password":"957902342"},"method":"POST","params":"","query":"","url":"/api/user/validate"},"timestamp":"2023-04-09 12:40:50"}
{"level":"info","message":{"body":{"email":"Alexa@gmail.com","password":"957902342"},"method":"POST","params":"","query":"","url":"/api/user/validate"},"timestamp":"2023-04-09 12:41:16"}
{"level":"info","message":{"body":"","method":"GET","params":{},"query":{},"url":"/api/user/getAll"},"timestamp":"2023-04-09 12:41:59"}
{"level":"info","message":{"body":"","method":"GET","params":{},"query":{},"url":"/api/user/getAll"},"timestamp":"2023-04-09 12:42:00"}
{"level":"info","message":{"body":"","method":"GET","params":{},"query":{},"url":"/api/user/getAll"},"timestamp":"2023-04-09 12:42:00"}
{"level":"info","message":{"body":"","method":"GET","params":{},"query":{},"url":"/api/user/getAll"},"timestamp":"2023-04-09 12:42:03"}
{"level":"info","message":{"body":"","method":"GET","params":{},"query":{},"url":"/api/user/getAll"},"timestamp":"2023-04-09 12:42:05"}
{"level":"info","message":{"body":"","method":"GET","params":{},"query":{},"url":"/api/user/getAll"},"timestamp":"2023-04-09 12:42:08"}
{"level":"info","message":{"body":"","method":"GET","params":{},"query":{},"url":"/api/user/getAll"},"timestamp":"2023-04-09 12:42:10"}
{"level":"info","message":{"body":"","method":"GET","params":{},"query":{},"url":"/api/user/getAll"},"timestamp":"2023-04-09 12:42:11"}
{"level":"info","message":{"body":"","method":"GET","params":{},"query":{},"url":"/api/user/getAll"},"timestamp":"2023-04-09 12:42:12"}
{"level":"info","message":{"body":"","method":"GET","params":{},"query":{},"url":"/api/user/getAll"},"timestamp":"2023-04-09 12:47:40"}
{"level":"info","message":{"body":"","method":"GET","params":{},"query":{},"url":"/api/user/getAll"},"timestamp":"2023-04-09 12:47:42"}
{"level":"info","message":{"body":"","method":"GET","params":{},"query":{},"url":"/api/user/getAll"},"timestamp":"2023-04-09 12:47:44"}
{"level":"info","message":{"body":"","method":"GET","params":{},"query":{},"url":"/api/user/getAll"},"timestamp":"2023-04-09 12:48:05"}
{"level":"info","message":{"body":"","method":"DELETE","params":{},"query":"","url":"/api/user/deleteById/87c9eb17-2eef-4c04-a266-1b044f74a2f9"},"timestamp":"2023-04-09 12:48:08"}
{"level":"info","message":{"body":"","method":"GET","params":{},"query":{},"url":"/api/user/getAll"},"timestamp":"2023-04-09 12:48:09"}
{"level":"info","message":{"body":"","method":"GET","params":{},"query":{},"url":"/api/user/getAll"},"timestamp":"2023-04-09 12:48:24"}
{"level":"info","message":{"body":{"email":"Alexa@gmail.com","password":"957902342"},"method":"POST","params":"","query":"","url":"/api/user/validate"},"timestamp":"2023-04-09 12:49:35"}
{"level":"info","message":{"body":{"email":"Alexa@gmail.com","password":"asdasdasdasd"},"method":"POST","params":"","query":"","url":"/api/user/validate"},"timestamp":"2023-04-09 12:52:03"}
{"level":"info","message":{"body":{"email":"Alexa@gmail.com","password":"957902342"},"method":"POST","params":"","query":"","url":"/api/user/validate"},"timestamp":"2023-04-09 12:53:23"}
{"level":"info","message":{"body":{"email":"","password":""},"method":"POST","params":"","query":"","url":"/api/user/validate"},"timestamp":"2023-04-09 13:07:37"}
{"level":"info","message":{"body":{"email":"ss","password":"ss"},"method":"POST","params":"","query":"","url":"/api/user/validate"},"timestamp":"2023-04-09 13:07:41"}
{"level":"info","message":{"body":{"email":"ss","password":"ss"},"method":"POST","params":"","query":"","url":"/api/user/validate"},"timestamp":"2023-04-09 13:07:43"}
{"level":"info","message":{"body":{"email":"ss","password":"ss"},"method":"POST","params":"","query":"","url":"/api/user/validate"},"timestamp":"2023-04-09 13:07:44"}
{"level":"info","message":{"body":{"email":"ss","password":"ss"},"method":"POST","params":"","query":"","url":"/api/user/validate"},"timestamp":"2023-04-09 13:07:45"}
{"level":"info","message":{"body":{"email":"ss","password":"ss"},"method":"POST","params":"","query":"","url":"/api/user/validate"},"timestamp":"2023-04-09 13:07:45"}
{"level":"info","message":{"body":{"email":"Alexa@gmail.com","password":"957902342"},"method":"POST","params":"","query":"","url":"/api/user/validate"},"timestamp":"2023-04-09 13:12:45"}
{"level":"info","message":{"body":"","method":"GET","params":{},"query":{},"url":"/api/user/getAll"},"timestamp":"2023-04-09 13:13:20"}
{"level":"info","message":{"body":{"email":"Alexa@gmail.com","password":"957902342"},"method":"POST","params":"","query":"","url":"/api/user/validate"},"timestamp":"2023-04-09 13:15:47"}
{"level":"info","message":{"body":"","method":"GET","params":{},"query":{},"url":"/api/user/getAll"},"timestamp":"2023-04-09 13:16:34"}
{"level":"info","message":{"body":"","method":"GET","params":{},"query":{},"url":"/api/user/getAll"},"timestamp":"2023-04-09 15:28:40"}
{"level":"info","message":{"body":"","method":"GET","params":{},"query":{},"url":"/api/user/getAll"},"timestamp":"2023-04-09 15:28:40"}
{"level":"info","message":{"body":"","method":"GET","params":{},"query":{},"url":"/api/user/getAll"},"timestamp":"2023-04-09 15:28:41"}
{"level":"info","message":{"body":"","method":"GET","params":{},"query":{},"url":"/api/user/getAll"},"timestamp":"2023-04-09 15:28:44"}
{"level":"info","message":{"body":"","method":"GET","params":{},"query":{},"url":"/api/user/getAll"},"timestamp":"2023-04-09 15:28:45"}
{"level":"info","message":{"body":"","method":"GET","params":{},"query":{},"url":"/api/user/getAll"},"timestamp":"2023-04-09 15:29:44"}
{"level":"info","message":{"body":"","method":"GET","params":{},"query":{},"url":"/api/user/getAll"},"timestamp":"2023-04-09 15:29:47"}
{"level":"info","message":{"body":"","method":"GET","params":{},"query":{},"url":"/api/user/getAll"},"timestamp":"2023-04-09 15:29:54"}
{"level":"info","message":{"body":"","method":"GET","params":{},"query":{},"url":"/api/user/getAll"},"timestamp":"2023-04-09 15:30:11"}
{"level":"info","message":{"body":"","method":"GET","params":{},"query":{},"url":"/api/user/getAll"},"timestamp":"2023-04-09 15:30:13"}
{"level":"info","message":{"body":"","method":"GET","params":{},"query":{},"url":"/api/user/getAll"},"timestamp":"2023-04-09 15:30:17"}
{"level":"info","message":{"body":"","method":"GET","params":{},"query":{},"url":"/api/user/getAll"},"timestamp":"2023-04-09 15:30:23"}
{"level":"info","message":{"body":"","method":"GET","params":{},"query":{},"url":"/api/user/getAll"},"timestamp":"2023-04-09 15:36:47"}
{"level":"info","message":{"body":"","method":"GET","params":{},"query":{},"url":"/api/user/getAll"},"timestamp":"2023-04-09 15:36:49"}
{"level":"info","message":{"body":"","method":"GET","params":{},"query":{},"url":"/api/user/getAll"},"timestamp":"2023-04-09 15:37:55"}
{"level":"info","message":{"body":"","method":"GET","params":{},"query":{},"url":"/api/user/getAll"},"timestamp":"2023-04-09 15:38:39"}
{"level":"info","message":{"body":"","method":"GET","params":{},"query":{},"url":"/api/user/getAll"},"timestamp":"2023-04-09 15:42:14"}
{"level":"info","message":{"body":{"email":"Alexa@gmail.com","password":"957902342"},"method":"POST","params":"","query":"","url":"/api/user/validate"},"timestamp":"2023-04-09 16:10:09"}
{"level":"info","message":{"body":"","method":"GET","params":{},"query":{},"url":"/api/user/getAll"},"timestamp":"2023-04-09 16:10:28"}
{"level":"info","message":{"body":{"email":"Alexa@gmail.com","password":"957902342"},"method":"POST","params":"","query":"","url":"/api/user/validate"},"timestamp":"2023-04-09 16:21:05"}
{"level":"info","message":{"body":"","method":"GET","params":{},"query":{},"url":"/api/user/getAll"},"timestamp":"2023-04-09 16:21:23"}
{"level":"info","message":{"body":"","method":"GET","params":{},"query":{},"url":"/api/user/getAll"},"timestamp":"2023-04-09 16:21:28"}
{"level":"info","message":{"body":"","method":"GET","params":{},"query":{},"url":"/api/user/getAll"},"timestamp":"2023-04-09 16:21:28"}
{"level":"info","message":{"body":"","method":"GET","params":{},"query":{},"url":"/api/user/getAll"},"timestamp":"2023-04-09 16:21:28"}
{"level":"info","message":{"body":"","method":"GET","params":{},"query":{},"url":"/api/user/getAll"},"timestamp":"2023-04-09 16:22:10"}
{"level":"info","message":{"body":"","method":"GET","params":{},"query":{},"url":"/api/user/getAll"},"timestamp":"2023-04-09 16:24:04"}
{"level":"info","message":{"body":"","method":"GET","params":{},"query":{},"url":"/api/user/getAll"},"timestamp":"2023-04-09 16:36:51"}
{"level":"info","message":{"body":"","method":"GET","params":{},"query":{},"url":"/api/user/getAll"},"timestamp":"2023-04-09 16:36:51"}
{"level":"info","message":{"body":"","method":"GET","params":{},"query":{},"url":"/api/user/getAll"},"timestamp":"2023-04-09 16:36:52"}
{"level":"info","message":{"body":"","method":"GET","params":{},"query":{},"url":"/api/user/getAll"},"timestamp":"2023-04-09 16:36:53"}
{"level":"info","message":{"body":"","method":"GET","params":{},"query":{},"url":"/api/user/getAll"},"timestamp":"2023-04-09 16:52:04"}
{"level":"info","message":{"body":"","method":"GET","params":{},"query":{},"url":"/api/user/getAll"},"timestamp":"2023-04-09 16:52:04"}
{"level":"info","message":{"body":"","method":"GET","params":{},"query":{},"url":"/api/user/getAll"},"timestamp":"2023-04-09 16:52:04"}
{"level":"info","message":{"body":"","method":"GET","params":{},"query":{},"url":"/api/user/getAll"},"timestamp":"2023-04-09 16:52:08"}
{"level":"info","message":{"body":"","method":"GET","params":{},"query":{},"url":"/api/user/getAll"},"timestamp":"2023-04-09 16:52:09"}
{"level":"info","message":{"body":"","method":"GET","params":{},"query":{},"url":"/api/user/getAll"},"timestamp":"2023-04-09 16:52:12"}
{"level":"info","message":{"body":"","method":"GET","params":{},"query":{},"url":"/api/user/getAll"},"timestamp":"2023-04-09 16:52:13"}
{"level":"info","message":{"body":"","method":"GET","params":{},"query":{},"url":"/api/user/getAll"},"timestamp":"2023-04-09 16:52:14"}
{"level":"info","message":{"body":"","method":"GET","params":{},"query":{},"url":"/api/user/getAll"},"timestamp":"2023-04-09 17:04:46"}
{"level":"info","message":{"body":"","method":"GET","params":{},"query":{},"url":"/api/user/getAll"},"timestamp":"2023-04-09 17:04:48"}
{"level":"info","message":{"body":"","method":"GET","params":{},"query":{},"url":"/api/user/getAll"},"timestamp":"2023-04-09 17:04:49"}
{"level":"info","message":{"body":"","method":"GET","params":{},"query":{},"url":"/api/user/getAll"},"timestamp":"2023-04-09 17:04:49"}
{"level":"info","message":{"body":"","method":"GET","params":{},"query":{},"url":"/api/user/getAll"},"timestamp":"2023-04-09 17:04:50"}
{"level":"info","message":{"body":"","method":"GET","params":{},"query":{},"url":"/api/user/getAll"},"timestamp":"2023-04-09 17:04:52"}
{"level":"info","message":{"body":"","method":"GET","params":{},"query":{},"url":"/api/user/getAll"},"timestamp":"2023-04-09 17:05:06"}
{"level":"info","message":{"body":"","method":"GET","params":{},"query":{},"url":"/api/user/getAll"},"timestamp":"2023-04-09 17:05:08"}
{"level":"info","message":{"body":"","method":"GET","params":{},"query":{},"url":"/api/user/getAll"},"timestamp":"2023-04-09 17:05:29"}
{"level":"info","message":{"body":"","method":"GET","params":{},"query":{},"url":"/api/user/getAll"},"timestamp":"2023-04-09 17:05:30"}
{"level":"info","message":{"body":"","method":"GET","params":{},"query":{},"url":"/api/user/getAll"},"timestamp":"2023-04-09 17:05:32"}
{"level":"info","message":{"body":"","method":"GET","params":{},"query":{},"url":"/api/user/getAll"},"timestamp":"2023-04-09 17:05:52"}
{"level":"info","message":{"body":"","method":"GET","params":{},"query":{},"url":"/api/user/getAll"},"timestamp":"2023-04-09 17:05:54"}
{"level":"info","message":{"body":"","method":"GET","params":{},"query":{},"url":"/api/user/getAll"},"timestamp":"2023-04-09 17:05:57"}
{"level":"info","message":{"body":"","method":"GET","params":{},"query":{},"url":"/api/user/getAll"},"timestamp":"2023-04-09 17:06:19"}
{"level":"info","message":{"body":"","method":"GET","params":{},"query":{},"url":"/api/user/getAll"},"timestamp":"2023-04-09 17:06:22"}
{"level":"info","message":{"body":"","method":"GET","params":{},"query":{},"url":"/api/user/getAll"},"timestamp":"2023-04-09 17:06:24"}
{"level":"info","message":{"body":"","method":"GET","params":{},"query":{},"url":"/api/user/getAll"},"timestamp":"2023-04-09 17:08:51"}
{"level":"info","message":{"body":"","method":"GET","params":{},"query":{},"url":"/api/user/getAll"},"timestamp":"2023-04-09 17:08:56"}
{"level":"info","message":{"body":"","method":"GET","params":{},"query":{},"url":"/api/user/getAll"},"timestamp":"2023-04-09 17:09:08"}
{"level":"info","message":{"body":"","method":"GET","params":{},"query":{},"url":"/api/user/getAll"},"timestamp":"2023-04-09 17:10:06"}
{"level":"info","message":{"body":"","method":"GET","params":{},"query":{},"url":"/api/user/getAll"},"timestamp":"2023-04-09 17:10:10"}
{"level":"info","message":{"body":"","method":"GET","params":{},"query":{},"url":"/api/user/getAll"},"timestamp":"2023-04-09 17:10:59"}
{"level":"info","message":{"body":"","method":"GET","params":{},"query":{},"url":"/api/user/getAll"},"timestamp":"2023-04-09 17:11:03"}
{"level":"info","message":{"body":"","method":"GET","params":{},"query":{},"url":"/api/user/getAll"},"timestamp":"2023-04-09 17:11:44"}
{"level":"info","message":{"body":"","method":"GET","params":{},"query":{},"url":"/api/user/getAll"},"timestamp":"2023-04-09 17:11:48"}
{"level":"info","message":{"body":"","method":"GET","params":{},"query":{},"url":"/api/user/getAll"},"timestamp":"2023-04-09 17:11:48"}
{"level":"info","message":{"body":"","method":"GET","params":{},"query":{},"url":"/api/user/getAll"},"timestamp":"2023-04-09 17:12:06"}
{"level":"info","message":{"body":"","method":"GET","params":{},"query":{},"url":"/api/user/getAll"},"timestamp":"2023-04-09 17:12:09"}
{"level":"info","message":{"body":"","method":"GET","params":{},"query":{},"url":"/api/user/getAll"},"timestamp":"2023-04-09 17:12:10"}
{"level":"info","message":{"body":"","method":"GET","params":{},"query":{},"url":"/api/user/getAll"},"timestamp":"2023-04-09 17:12:16"}
{"level":"info","message":{"body":"","method":"GET","params":{},"query":{},"url":"/api/user/getAll"},"timestamp":"2023-04-09 17:12:23"}
{"level":"info","message":{"body":"","method":"GET","params":{},"query":{},"url":"/api/user/getAll"},"timestamp":"2023-04-09 17:12:24"}
{"level":"info","message":{"body":"","method":"GET","params":{},"query":{},"url":"/api/user/getAll"},"timestamp":"2023-04-09 17:12:27"}
{"level":"info","message":{"body":"","method":"GET","params":{},"query":{},"url":"/api/user/getAll"},"timestamp":"2023-04-09 17:40:08"}
{"level":"info","message":{"body":"","method":"GET","params":{},"query":{},"url":"/api/user/getAll"},"timestamp":"2023-04-09 17:40:10"}
{"level":"info","message":{"body":"","method":"GET","params":{},"query":{},"url":"/api/user/getAll"},"timestamp":"2023-04-09 17:40:13"}
{"level":"info","message":{"body":"","method":"GET","params":{},"query":{},"url":"/api/user/getAll"},"timestamp":"2023-04-09 17:40:19"}
{"level":"info","message":{"body":"","method":"GET","params":{},"query":{},"url":"/api/user/getAll"},"timestamp":"2023-04-09 17:40:54"}
{"level":"info","message":{"body":"","method":"GET","params":{},"query":{},"url":"/api/user/getAll"},"timestamp":"2023-04-09 17:40:57"}
{"level":"info","message":{"body":"","method":"GET","params":{},"query":{},"url":"/api/user/getAll"},"timestamp":"2023-04-09 17:41:01"}
{"level":"info","message":{"body":"","method":"GET","params":{},"query":{},"url":"/api/user/getAll"},"timestamp":"2023-04-09 17:42:42"}
{"level":"info","message":{"body":"","method":"GET","params":{},"query":{},"url":"/api/user/getAll"},"timestamp":"2023-04-09 17:42:44"}
{"level":"info","message":{"body":"","method":"GET","params":{},"query":{},"url":"/api/user/getAll"},"timestamp":"2023-04-09 17:42:49"}
{"level":"info","message":{"body":"","method":"GET","params":{},"query":{},"url":"/api/user/getAll"},"timestamp":"2023-04-09 17:49:27"}
{"level":"info","message":{"body":"","method":"GET","params":{},"query":{},"url":"/api/user/getAll"},"timestamp":"2023-04-09 18:34:18"}
{"level":"info","message":{"body":"","method":"GET","params":{},"query":{},"url":"/api/user/getAll"},"timestamp":"2023-04-09 18:34:22"}
{"level":"info","message":{"body":"","method":"GET","params":{},"query":{},"url":"/api/user/getAll"},"timestamp":"2023-04-09 18:34:22"}
{"level":"info","message":{"body":"","method":"GET","params":{},"query":{},"url":"/api/user/getAll"},"timestamp":"2023-04-09 18:34:22"}
{"level":"info","message":{"body":"","method":"GET","params":{},"query":{},"url":"/api/user/getAll"},"timestamp":"2023-04-09 18:34:25"}
{"level":"info","message":{"body":"","method":"GET","params":{},"query":{},"url":"/api/user/getAll"},"timestamp":"2023-04-09 18:34:26"}
{"level":"info","message":{"body":"","method":"GET","params":{},"query":{},"url":"/api/user/getAll"},"timestamp":"2023-04-09 18:34:30"}
{"level":"info","message":{"body":"","method":"GET","params":{},"query":{},"url":"/api/user/getAll"},"timestamp":"2023-04-09 18:34:32"}
{"level":"info","message":{"body":"","method":"GET","params":{},"query":{},"url":"/api/user/getAll"},"timestamp":"2023-04-09 18:41:51"}
{"level":"info","message":{"body":"","method":"GET","params":{},"query":{},"url":"/api/user/getAll"},"timestamp":"2023-04-09 18:41:52"}
{"level":"info","message":{"body":"","method":"GET","params":{},"query":{},"url":"/api/user/getAll"},"timestamp":"2023-04-09 18:41:52"}
{"level":"info","message":{"body":"","method":"GET","params":{},"query":{},"url":"/api/user/getAll"},"timestamp":"2023-04-09 18:41:54"}
{"level":"info","message":{"body":"","method":"GET","params":{},"query":{},"url":"/api/user/getAll"},"timestamp":"2023-04-09 18:41:56"}
{"level":"info","message":{"body":"","method":"GET","params":{},"query":{},"url":"/api/user/getAll"},"timestamp":"2023-04-09 18:41:57"}
{"level":"info","message":{"body":"","method":"GET","params":{},"query":{},"url":"/api/user/getAll"},"timestamp":"2023-04-09 18:41:58"}
{"level":"info","message":{"body":"","method":"GET","params":{},"query":{},"url":"/api/user/getAll"},"timestamp":"2023-04-09 18:41:59"}
{"level":"info","message":{"body":"","method":"GET","params":{},"query":{},"url":"/api/user/getAll"},"timestamp":"2023-04-09 18:42:01"}
{"level":"info","message":{"body":"","method":"GET","params":{},"query":{},"url":"/api/user/getAll"},"timestamp":"2023-04-09 18:42:03"}
{"level":"info","message":{"body":"","method":"GET","params":{},"query":{},"url":"/api/user/getAll"},"timestamp":"2023-04-09 18:42:04"}
{"level":"info","message":{"body":"","method":"GET","params":{},"query":{},"url":"/api/user/getAll"},"timestamp":"2023-04-09 20:47:30"}
{"level":"info","message":{"body":"","method":"GET","params":{},"query":{},"url":"/api/user/getAll"},"timestamp":"2023-04-09 20:47:30"}
{"level":"info","message":{"body":"","method":"GET","params":{},"query":{},"url":"/api/user/getAll"},"timestamp":"2023-04-09 20:47:31"}
{"level":"info","message":{"body":"","method":"GET","params":{},"query":{},"url":"/api/user/getAll"},"timestamp":"2023-04-09 20:47:37"}
{"level":"info","message":{"body":"","method":"GET","params":{},"query":{},"url":"/api/user/getAll"},"timestamp":"2023-04-09 21:51:54"}
{"level":"info","message":{"body":"","method":"GET","params":{},"query":{},"url":"/api/user/getAll"},"timestamp":"2023-04-09 21:51:56"}
{"level":"info","message":{"body":"","method":"GET","params":{},"query":{},"url":"/api/user/getAll"},"timestamp":"2023-04-09 21:51:57"}
{"level":"info","message":{"body":"","method":"GET","params":{},"query":{},"url":"/api/user/getAll"},"timestamp":"2023-04-09 21:51:57"}
{"level":"info","message":{"body":"","method":"GET","params":{},"query":{},"url":"/api/user/getAll"},"timestamp":"2023-04-09 21:51:58"}
{"level":"info","message":{"body":"","method":"GET","params":{},"query":{},"url":"/api/user/getAll"},"timestamp":"2023-04-09 21:52:00"}
{"level":"info","message":{"body":"","method":"GET","params":{},"query":{},"url":"/api/user/getAll"},"timestamp":"2023-04-09 22:00:13"}
{"level":"info","message":{"body":{"email":"Alexa@gmail.com","password":"957902342"},"method":"POST","params":"","query":"","url":"/api/user/validate"},"timestamp":"2023-04-09 22:33:58"}
{"level":"info","message":{"body":"","method":"GET","params":{},"query":{},"url":"/api/user/getAll"},"timestamp":"2023-04-09 22:34:22"}
{"level":"info","message":{"body":"","method":"GET","params":{},"query":{},"url":"/api/user/getAll"},"timestamp":"2023-04-09 22:36:14"}
{"level":"info","message":{"body":"","method":"GET","params":{},"query":{},"url":"/api/user/getAll"},"timestamp":"2023-04-09 22:36:15"}
{"level":"info","message":{"body":"","method":"GET","params":{},"query":{},"url":"/api/user/getAll"},"timestamp":"2023-04-09 22:36:15"}
{"level":"info","message":{"body":"","method":"GET","params":{},"query":{},"url":"/api/user/getAll"},"timestamp":"2023-04-09 22:36:20"}
{"level":"info","message":{"body":"","method":"GET","params":{},"query":{},"url":"/api/user/getAll"},"timestamp":"2023-04-09 22:36:21"}
{"level":"info","message":{"body":"","method":"GET","params":{},"query":{},"url":"/api/user/getAll"},"timestamp":"2023-04-09 22:36:49"}
{"level":"info","message":{"body":"","method":"GET","params":{},"query":{},"url":"/api/user/getAll"},"timestamp":"2023-04-09 22:36:55"}
{"level":"info","message":{"body":"","method":"GET","params":{},"query":{},"url":"/api/user/getAll"},"timestamp":"2023-04-09 22:37:47"}
{"level":"info","message":{"body":"","method":"GET","params":{},"query":{},"url":"/api/user/getAll"},"timestamp":"2023-04-09 22:43:11"}
{"level":"info","message":{"body":"","method":"GET","params":{},"query":{},"url":"/api/user/getAll"},"timestamp":"2023-04-09 22:43:48"}
{"level":"info","message":{"body":"","method":"GET","params":{},"query":{},"url":"/api/user/getAll"},"timestamp":"2023-04-09 22:45:03"}
{"level":"info","message":{"body":"","method":"GET","params":{},"query":{},"url":"/api/user/getAll"},"timestamp":"2023-04-09 22:46:05"}
{"level":"info","message":{"body":"","method":"GET","params":{},"query":{},"url":"/api/user/getAll"},"timestamp":"2023-04-09 22:48:42"}
{"level":"info","message":{"body":"","method":"GET","params":{},"query":{},"url":"/api/user/getAll"},"timestamp":"2023-04-09 23:58:22"}
{"level":"info","message":{"body":"","method":"GET","params":{},"query":{},"url":"/api/user/getAll"},"timestamp":"2023-04-10 00:09:36"}
{"level":"info","message":{"body":"","method":"GET","params":{},"query":{},"url":"/api/user/getAll"},"timestamp":"2023-04-10 00:09:37"}
{"level":"info","message":{"body":"","method":"GET","params":{},"query":{},"url":"/api/user/getAll"},"timestamp":"2023-04-10 00:09:37"}
{"level":"info","message":{"body":"","method":"PUT","params":{},"query":"","url":"/api/user/update/"},"timestamp":"2023-04-10 00:09:42"}
{"level":"info","message":{"body":"","method":"GET","params":{},"query":{},"url":"/api/user/getAll"},"timestamp":"2023-04-10 00:09:46"}
{"level":"info","message":{"body":"","method":"GET","params":{},"query":{},"url":"/api/user/getAll"},"timestamp":"2023-04-10 00:09:54"}
{"level":"info","message":{"body":"","method":"GET","params":{},"query":{},"url":"/api/user/getAll"},"timestamp":"2023-04-10 00:10:45"}
{"level":"info","message":{"body":"","method":"GET","params":{},"query":{},"url":"/api/user/getAll"},"timestamp":"2023-04-10 00:11:19"}
{"level":"info","message":{"body":"","method":"GET","params":{},"query":{},"url":"/api/user/getAll"},"timestamp":"2023-04-10 00:14:06"}
{"level":"info","message":{"body":"","method":"GET","params":{},"query":{},"url":"/api/user/getAll"},"timestamp":"2023-04-10 00:14:25"}
{"level":"info","message":{"body":{"email":"Alexa@gmail.com","password":"957902342"},"method":"POST","params":"","query":"","url":"/api/user/validate"},"timestamp":"2023-04-10 00:16:19"}
{"level":"info","message":{"body":"","method":"GET","params":{},"query":{},"url":"/api/user/getAll"},"timestamp":"2023-04-10 00:16:40"}
{"level":"info","message":{"body":"","method":"GET","params":{},"query":{},"url":"/api/user/getAll"},"timestamp":"2023-04-10 00:17:56"}
{"level":"info","message":{"body":"","method":"GET","params":{},"query":{},"url":"/api/user/getAll"},"timestamp":"2023-04-10 00:17:56"}
{"level":"info","message":{"body":"","method":"GET","params":{},"query":{},"url":"/api/user/getAll"},"timestamp":"2023-04-10 00:17:56"}
{"level":"info","message":{"body":"","method":"GET","params":{},"query":{},"url":"/api/user/getAll"},"timestamp":"2023-04-10 00:18:21"}
{"level":"info","message":{"body":"","method":"GET","params":{},"query":{},"url":"/api/user/getAll"},"timestamp":"2023-04-10 00:19:10"}
{"level":"info","message":{"body":"","method":"GET","params":{},"query":{},"url":"/api/user/getAll"},"timestamp":"2023-04-10 00:19:11"}
{"level":"info","message":{"body":"","method":"GET","params":{},"query":{},"url":"/api/user/getAll"},"timestamp":"2023-04-10 00:19:14"}
{"level":"info","message":{"body":"","method":"GET","params":{},"query":{},"url":"/api/user/getAll"},"timestamp":"2023-04-10 00:19:15"}
{"level":"info","message":{"body":"","method":"GET","params":{},"query":{},"url":"/api/user/getAll"},"timestamp":"2023-04-10 00:19:16"}
{"level":"info","message":{"body":"","method":"GET","params":{},"query":{},"url":"/api/user/getAll"},"timestamp":"2023-04-10 00:19:34"}
{"level":"info","message":{"body":"","method":"GET","params":{},"query":{},"url":"/api/user/getAll"},"timestamp":"2023-04-10 00:19:36"}
{"level":"info","message":{"body":"","method":"GET","params":{},"query":{},"url":"/api/user/getAll"},"timestamp":"2023-04-10 00:19:58"}
{"level":"info","message":{"body":"","method":"GET","params":{},"query":{},"url":"/api/user/getAll"},"timestamp":"2023-04-10 00:20:06"}
{"level":"info","message":{"body":"","method":"GET","params":{},"query":{},"url":"/api/user/getAll"},"timestamp":"2023-04-10 00:20:16"}
{"level":"info","message":{"body":"","method":"GET","params":{},"query":{},"url":"/api/user/getAll"},"timestamp":"2023-04-10 00:20:17"}
{"level":"info","message":{"body":"","method":"GET","params":{},"query":{},"url":"/api/user/getAll"},"timestamp":"2023-04-10 00:20:18"}
{"level":"info","message":{"body":"","method":"GET","params":{},"query":{},"url":"/api/user/getAll"},"timestamp":"2023-04-10 00:22:53"}
{"level":"info","message":{"body":"","method":"GET","params":{},"query":{},"url":"/api/user/getAll"},"timestamp":"2023-04-10 00:22:55"}
{"level":"info","message":{"body":"","method":"GET","params":{},"query":{},"url":"/api/user/getAll"},"timestamp":"2023-04-10 00:22:56"}
{"level":"info","message":{"body":"","method":"GET","params":{},"query":{},"url":"/api/user/getAll"},"timestamp":"2023-04-10 00:22:58"}
{"level":"info","message":{"body":"","method":"GET","params":{},"query":{},"url":"/api/user/getAll"},"timestamp":"2023-04-10 00:22:59"}
{"level":"info","message":{"body":"","method":"GET","params":{},"query":{},"url":"/api/user/getAll"},"timestamp":"2023-04-10 00:23:01"}
{"level":"info","message":{"body":"","method":"GET","params":{},"query":{},"url":"/api/user/getAll"},"timestamp":"2023-04-10 00:23:14"}
{"level":"info","message":{"body":"","method":"GET","params":{},"query":{},"url":"/api/user/getAll"},"timestamp":"2023-04-10 00:23:37"}
{"level":"info","message":{"body":"","method":"GET","params":{},"query":{},"url":"/api/user/getAll"},"timestamp":"2023-04-10 00:23:39"}
