{"level":"info","message":{"body":{"email":"Alexa@gmail.com","password":"957902342"},"method":"POST","params":"","query":"","url":"/api/user/validate"},"timestamp":"2023-04-17 22:00:50"}
{"level":"info","message":{"body":"","method":"GET","params":{},"query":{},"url":"/api/user/getById/d5bdc691-5af4-4332-bb2f-61b119272ac9"},"timestamp":"2023-04-17 22:01:29"}
{"level":"info","message":{"body":"","method":"GET","params":{},"query":{},"url":"/api/user/getAll"},"timestamp":"2023-04-17 22:01:29"}
{"level":"info","message":{"body":"","method":"GET","params":{},"query":{},"url":"/api/user/getById/d5bdc691-5af4-4332-bb2f-61b119272ac9"},"timestamp":"2023-04-17 22:01:29"}
{"level":"info","message":{"body":"","method":"GET","params":{},"query":{},"url":"/api/user/getAll"},"timestamp":"2023-04-17 22:01:30"}
{"level":"info","message":{"body":"","method":"GET","params":{},"query":{},"url":"/api/user/getAll"},"timestamp":"2023-04-17 22:01:35"}
{"level":"info","message":{"body":"","method":"GET","params":{},"query":{},"url":"/api/user/getAll"},"timestamp":"2023-04-17 22:01:36"}
{"level":"info","message":{"body":"","method":"GET","params":{},"query":{},"url":"/api/user/getById/7f276c04-b8a6-456f-b4c8-cedbdaa55722"},"timestamp":"2023-04-17 22:01:36"}
{"level":"info","message":{"body":"","method":"GET","params":{},"query":{},"url":"/api/user/getAll"},"timestamp":"2023-04-17 22:02:22"}
{"level":"info","message":{"body":"","method":"GET","params":{},"query":{},"url":"/api/user/getAll"},"timestamp":"2023-04-17 22:02:24"}
{"level":"info","message":{"body":"","method":"GET","params":{},"query":{},"url":"/api/user/getById/7f276c04-b8a6-456f-b4c8-cedbdaa55722"},"timestamp":"2023-04-17 22:02:24"}
{"level":"info","message":{"body":"","method":"GET","params":{},"query":{},"url":"/api/user/getAll"},"timestamp":"2023-04-17 22:02:29"}
{"level":"info","message":{"body":"","method":"GET","params":{},"query":{},"url":"/api/user/getAll"},"timestamp":"2023-04-17 22:02:30"}
{"level":"info","message":{"body":"","method":"GET","params":{},"query":{},"url":"/api/user/getAll"},"timestamp":"2023-04-17 22:02:59"}
{"level":"info","message":{"body":"","method":"GET","params":{},"query":{},"url":"/api/user/getAll"},"timestamp":"2023-04-17 22:03:01"}
{"level":"info","message":{"body":"","method":"GET","params":{},"query":{},"url":"/api/user/getAll"},"timestamp":"2023-04-17 22:04:35"}
{"level":"info","message":{"body":"","method":"GET","params":{},"query":{},"url":"/api/user/getAll"},"timestamp":"2023-04-17 22:04:37"}
{"level":"info","message":{"body":"","method":"GET","params":{},"query":{},"url":"/api/user/getById/7f276c04-b8a6-456f-b4c8-cedbdaa55722"},"timestamp":"2023-04-17 22:04:37"}
{"level":"info","message":{"body":"","method":"GET","params":{},"query":{},"url":"/api/user/getAll"},"timestamp":"2023-04-17 22:07:16"}
{"level":"info","message":{"body":"","method":"GET","params":{},"query":{},"url":"/api/user/getById/6dda2a71-749c-486c-b5b1-8dbbb57c6068"},"timestamp":"2023-04-17 22:07:19"}
{"level":"info","message":{"body":"","method":"GET","params":{},"query":{},"url":"/api/user/getAll"},"timestamp":"2023-04-17 22:07:19"}
{"level":"info","message":{"body":"","method":"GET","params":{},"query":{},"url":"/api/user/getAll"},"timestamp":"2023-04-17 22:07:23"}
{"level":"info","message":{"body":"","method":"GET","params":{},"query":{},"url":"/api/user/getAll"},"timestamp":"2023-04-17 22:07:26"}
{"level":"info","message":{"body":"","method":"GET","params":{},"query":{},"url":"/api/user/getAll"},"timestamp":"2023-04-17 22:07:36"}
{"level":"info","message":{"body":"","method":"GET","params":{},"query":{},"url":"/api/user/getAll"},"timestamp":"2023-04-17 22:11:17"}
{"level":"info","message":{"body":"","method":"GET","params":{},"query":{},"url":"/api/user/getAll"},"timestamp":"2023-04-17 22:11:17"}
{"level":"info","message":{"body":"","method":"GET","params":{},"query":{},"url":"/api/user/getAll"},"timestamp":"2023-04-17 22:11:21"}
{"level":"info","message":{"body":"","method":"GET","params":{},"query":{},"url":"/api/user/getById/7f276c04-b8a6-456f-b4c8-cedbdaa55722"},"timestamp":"2023-04-17 22:11:21"}
{"level":"info","message":{"body":"","method":"GET","params":{},"query":{},"url":"/api/user/getAll"},"timestamp":"2023-04-17 22:30:08"}
{"level":"info","message":{"body":"","method":"GET","params":{},"query":{},"url":"/api/user/getById/7f276c04-b8a6-456f-b4c8-cedbdaa55722"},"timestamp":"2023-04-17 22:30:13"}
{"level":"info","message":{"body":"","method":"GET","params":{},"query":{},"url":"/api/user/getAll"},"timestamp":"2023-04-17 22:30:13"}
{"level":"info","message":{"body":"","method":"GET","params":{},"query":{},"url":"/api/user/getById/7f276c04-b8a6-456f-b4c8-cedbdaa55722"},"timestamp":"2023-04-17 22:34:56"}
{"level":"info","message":{"body":"","method":"GET","params":{},"query":{},"url":"/api/user/getAll"},"timestamp":"2023-04-17 22:34:56"}
{"level":"info","message":{"body":"","method":"GET","params":{},"query":{},"url":"/api/user/getById/7f276c04-b8a6-456f-b4c8-cedbdaa55722"},"timestamp":"2023-04-17 22:35:07"}
{"level":"info","message":{"body":"","method":"GET","params":{},"query":{},"url":"/api/user/getAll"},"timestamp":"2023-04-17 22:35:07"}
{"level":"info","message":{"body":"","method":"GET","params":{},"query":{},"url":"/api/user/getById/7f276c04-b8a6-456f-b4c8-cedbdaa55722"},"timestamp":"2023-04-17 22:36:30"}
{"level":"info","message":{"body":"","method":"GET","params":{},"query":{},"url":"/api/user/getAll"},"timestamp":"2023-04-17 22:36:30"}
{"level":"info","message":{"body":"","method":"GET","params":{},"query":{},"url":"/api/user/getById/7f276c04-b8a6-456f-b4c8-cedbdaa55722"},"timestamp":"2023-04-17 22:36:49"}
{"level":"info","message":{"body":"","method":"GET","params":{},"query":{},"url":"/api/user/getAll"},"timestamp":"2023-04-17 22:36:49"}
{"level":"info","message":{"body":"","method":"GET","params":{},"query":{},"url":"/api/user/getAll"},"timestamp":"2023-04-17 22:44:40"}
{"level":"info","message":{"body":"","method":"GET","params":{},"query":{},"url":"/api/user/getAll"},"timestamp":"2023-04-17 22:53:34"}
{"level":"info","message":{"body":"","method":"GET","params":{},"query":{},"url":"/api/user/getById/d5bdc691-5af4-4332-bb2f-61b119272ac9"},"timestamp":"2023-04-17 22:53:34"}
{"level":"info","message":{"body":"","method":"GET","params":{},"query":{},"url":"/api/user/getAll"},"timestamp":"2023-04-17 22:53:38"}
{"level":"info","message":{"body":"","method":"GET","params":{},"query":{},"url":"/api/user/getAll"},"timestamp":"2023-04-17 22:53:45"}
{"level":"info","message":{"body":"","method":"GET","params":{},"query":{},"url":"/api/user/getById/6dda2a71-749c-486c-b5b1-8dbbb57c6068"},"timestamp":"2023-04-17 22:53:45"}
{"level":"info","message":{"body":"","method":"PUT","params":{},"query":"","url":"/api/user/update/6dda2a71-749c-486c-b5b1-8dbbb57c6068"},"timestamp":"2023-04-17 22:58:22"}
{"level":"info","message":{"body":"","method":"GET","params":{},"query":{},"url":"/api/user/getAll"},"timestamp":"2023-04-17 22:58:22"}
{"level":"info","message":{"body":"","method":"GET","params":{},"query":{},"url":"/api/user/getAll"},"timestamp":"2023-04-17 22:59:33"}
{"level":"info","message":{"body":"","method":"GET","params":{},"query":{},"url":"/api/user/getAll"},"timestamp":"2023-04-17 22:59:44"}
{"level":"info","message":{"body":"","method":"GET","params":{},"query":{},"url":"/api/user/getAll"},"timestamp":"2023-04-17 22:59:46"}
{"level":"info","message":{"body":"","method":"GET","params":{},"query":{},"url":"/api/user/getById/7f276c04-b8a6-456f-b4c8-cedbdaa55722"},"timestamp":"2023-04-17 22:59:46"}
{"level":"info","message":{"body":"","method":"GET","params":{},"query":{},"url":"/api/user/getAll"},"timestamp":"2023-04-17 23:00:15"}
{"level":"info","message":{"body":"","method":"GET","params":{},"query":{},"url":"/api/user/getById/7f276c04-b8a6-456f-b4c8-cedbdaa55722"},"timestamp":"2023-04-17 23:02:44"}
{"level":"info","message":{"body":"","method":"GET","params":{},"query":{},"url":"/api/user/getAll"},"timestamp":"2023-04-17 23:02:44"}
{"level":"info","message":{"body":"","method":"GET","params":{},"query":{},"url":"/api/user/getAll"},"timestamp":"2023-04-17 23:04:48"}
{"level":"info","message":{"body":{"email":"","password":"957902342"},"method":"POST","params":"","query":"","url":"/api/user/validate"},"timestamp":"2023-04-17 23:09:42"}
{"level":"info","message":{"body":{"email":"Alexa@gmail.com","password":"957902342"},"method":"POST","params":"","query":"","url":"/api/user/validate"},"timestamp":"2023-04-17 23:09:53"}
{"level":"info","message":{"body":"","method":"GET","params":{},"query":{},"url":"/api/customer/getAll"},"timestamp":"2023-04-17 23:10:14"}
{"level":"info","message":{"body":"","method":"GET","params":{},"query":{},"url":"/api/customer/getAll"},"timestamp":"2023-04-17 23:10:14"}
{"level":"info","message":{"body":"","method":"GET","params":{},"query":{},"url":"/api/customer/getAll"},"timestamp":"2023-04-17 23:10:19"}
{"level":"info","message":{"body":"","method":"GET","params":{},"query":{},"url":"/api/user/getById/f31523d6-3db7-43eb-ad09-4e9e5fb075a5"},"timestamp":"2023-04-17 23:10:19"}
{"level":"info","message":{"body":"","method":"GET","params":{},"query":{},"url":"/api/customer/getAll"},"timestamp":"2023-04-17 23:10:24"}
{"level":"info","message":{"body":"","method":"GET","params":{},"query":{},"url":"/api/customer/getAll"},"timestamp":"2023-04-17 23:10:25"}
{"level":"info","message":{"body":"","method":"GET","params":{},"query":{},"url":"/api/user/getById/87239dcf-3e64-4874-a8ae-321addc7d026"},"timestamp":"2023-04-17 23:10:26"}
{"level":"info","message":{"body":"","method":"GET","params":{},"query":{},"url":"/api/customer/getAll"},"timestamp":"2023-04-17 23:10:27"}
{"level":"info","message":{"body":"","method":"GET","params":{},"query":{},"url":"/api/customer/getById/f31523d6-3db7-43eb-ad09-4e9e5fb075a5"},"timestamp":"2023-04-17 23:25:12"}
{"level":"info","message":{"body":"","method":"GET","params":{},"query":{},"url":"/api/customer/getById/87239dcf-3e64-4874-a8ae-321addc7d026"},"timestamp":"2023-04-17 23:38:26"}
{"level":"info","message":{"body":{"email":"Alexa@gmail.com","password":"957902342"},"method":"POST","params":"","query":"","url":"/api/user/validate"},"timestamp":"2023-04-17 23:55:53"}
{"level":"info","message":{"body":"","method":"GET","params":{},"query":{},"url":"/api/customer/getAll"},"timestamp":"2023-04-18 00:00:46"}
{"level":"info","message":{"body":"","method":"GET","params":{},"query":{},"url":"/api/customer/getAll"},"timestamp":"2023-04-18 00:00:47"}
{"level":"info","message":{"body":"","method":"GET","params":{},"query":{},"url":"/api/customer/getById/87239dcf-3e64-4874-a8ae-321addc7d026"},"timestamp":"2023-04-18 00:14:22"}
{"level":"info","message":{"body":"","method":"GET","params":{},"query":{},"url":"/api/customer/getById/f31523d6-3db7-43eb-ad09-4e9e5fb075a5"},"timestamp":"2023-04-18 00:14:45"}
{"level":"info","message":{"body":"","method":"GET","params":{},"query":{},"url":"/api/customer/getAll"},"timestamp":"2023-04-18 00:17:40"}
{"level":"info","message":{"body":{"email":"Alexa@gmail.com","password":"957902342"},"method":"POST","params":"","query":"","url":"/api/user/validate"},"timestamp":"2023-04-18 00:22:14"}
{"level":"info","message":{"body":"","method":"GET","params":{},"query":{},"url":"/api/customer/getAll"},"timestamp":"2023-04-18 00:22:54"}
{"level":"info","message":{"body":"","method":"GET","params":{},"query":{},"url":"/api/customer/getAll"},"timestamp":"2023-04-18 00:22:54"}
{"level":"info","message":{"body":"","method":"GET","params":{},"query":{},"url":"/api/customer/getById/f31523d6-3db7-43eb-ad09-4e9e5fb075a5"},"timestamp":"2023-04-18 00:23:06"}
{"level":"info","message":{"body":"","method":"GET","params":{},"query":{},"url":"/api/customer/getAll"},"timestamp":"2023-04-18 00:23:06"}
{"level":"info","message":{"body":"","method":"GET","params":{},"query":{},"url":"/api/customer/getAll"},"timestamp":"2023-04-18 00:23:38"}
{"level":"info","message":{"body":"","method":"GET","params":{},"query":{},"url":"/api/customer/getById/87239dcf-3e64-4874-a8ae-321addc7d026"},"timestamp":"2023-04-18 00:23:40"}
{"level":"info","message":{"body":"","method":"GET","params":{},"query":{},"url":"/api/customer/getAll"},"timestamp":"2023-04-18 00:23:40"}
{"level":"info","message":{"body":"","method":"GET","params":{},"query":{},"url":"/api/customer/getById/87239dcf-3e64-4874-a8ae-321addc7d026"},"timestamp":"2023-04-18 00:26:14"}
{"level":"info","message":{"body":"","method":"GET","params":{},"query":{},"url":"/api/customer/getAll"},"timestamp":"2023-04-18 00:26:14"}
{"level":"info","message":{"body":{"email":"Alexa@gmail.com","password":"957902342"},"method":"POST","params":"","query":"","url":"/api/user/validate"},"timestamp":"2023-04-18 00:28:46"}
{"level":"info","message":{"body":"","method":"GET","params":{},"query":{},"url":"/api/customer/getById/87239dcf-3e64-4874-a8ae-321addc7d026"},"timestamp":"2023-04-18 00:29:14"}
{"level":"info","message":{"body":"","method":"GET","params":{},"query":{},"url":"/api/customer/getAll"},"timestamp":"2023-04-18 00:29:14"}
{"level":"info","message":{"body":"","method":"GET","params":{},"query":{},"url":"/api/customer/getById/87239dcf-3e64-4874-a8ae-321addc7d026"},"timestamp":"2023-04-18 00:29:14"}
{"level":"info","message":{"body":"","method":"GET","params":{},"query":{},"url":"/api/customer/getAll"},"timestamp":"2023-04-18 00:29:15"}
{"level":"info","message":{"body":"","method":"GET","params":{},"query":{},"url":"/api/customer/getAll"},"timestamp":"2023-04-18 00:29:34"}
{"level":"info","message":{"body":"","method":"GET","params":{},"query":{},"url":"/api/customer/getAll"},"timestamp":"2023-04-18 00:29:38"}
{"level":"info","message":{"body":"","method":"GET","params":{},"query":{},"url":"/api/customer/getById/f31523d6-3db7-43eb-ad09-4e9e5fb075a5"},"timestamp":"2023-04-18 00:29:38"}
{"level":"info","message":{"body":"","method":"GET","params":{},"query":{},"url":"/api/customer/getAll"},"timestamp":"2023-04-18 00:29:49"}
{"level":"info","message":{"body":"","method":"GET","params":{},"query":{},"url":"/api/customer/getAll"},"timestamp":"2023-04-18 00:29:50"}
{"level":"info","message":{"body":"","method":"GET","params":{},"query":{},"url":"/api/customer/getById/f31523d6-3db7-43eb-ad09-4e9e5fb075a5"},"timestamp":"2023-04-18 00:29:50"}
{"level":"info","message":{"body":"","method":"GET","params":{},"query":{},"url":"/api/customer/getAll"},"timestamp":"2023-04-18 00:30:00"}
{"level":"info","message":{"body":"","method":"GET","params":{},"query":{},"url":"/api/customer/getAll"},"timestamp":"2023-04-18 00:30:03"}
{"level":"info","message":{"body":"","method":"GET","params":{},"query":{},"url":"/api/customer/getById/87239dcf-3e64-4874-a8ae-321addc7d026"},"timestamp":"2023-04-18 00:30:03"}
{"level":"info","message":{"body":"","method":"GET","params":{},"query":{},"url":"/api/customer/getAll"},"timestamp":"2023-04-18 00:30:09"}
{"level":"info","message":{"body":"","method":"GET","params":{},"query":{},"url":"/api/customer/getAll"},"timestamp":"2023-04-18 00:30:13"}
{"level":"info","message":{"body":"","method":"GET","params":{},"query":{},"url":"/api/customer/getById/f31523d6-3db7-43eb-ad09-4e9e5fb075a5"},"timestamp":"2023-04-18 00:30:13"}
{"level":"info","message":{"body":"","method":"GET","params":{},"query":{},"url":"/api/customer/getAll"},"timestamp":"2023-04-18 00:32:30"}
{"level":"info","message":{"body":"","method":"GET","params":{},"query":{},"url":"/api/customer/getAll"},"timestamp":"2023-04-18 00:32:32"}
{"level":"info","message":{"body":"","method":"GET","params":{},"query":{},"url":"/api/customer/getById/f31523d6-3db7-43eb-ad09-4e9e5fb075a5"},"timestamp":"2023-04-18 00:32:32"}
{"level":"info","message":{"body":"","method":"GET","params":{},"query":{},"url":"/api/customer/getAll"},"timestamp":"2023-04-18 00:32:38"}
{"level":"info","message":{"body":"","method":"GET","params":{},"query":{},"url":"/api/customer/getAll"},"timestamp":"2023-04-18 00:32:40"}
{"level":"info","message":{"body":"","method":"GET","params":{},"query":{},"url":"/api/customer/getById/f31523d6-3db7-43eb-ad09-4e9e5fb075a5"},"timestamp":"2023-04-18 00:32:40"}
{"level":"info","message":{"body":"","method":"GET","params":{},"query":{},"url":"/api/customer/getAll"},"timestamp":"2023-04-18 00:32:45"}
{"level":"info","message":{"body":"","method":"GET","params":{},"query":{},"url":"/api/customer/getById/87239dcf-3e64-4874-a8ae-321addc7d026"},"timestamp":"2023-04-18 00:32:47"}
{"level":"info","message":{"body":"","method":"GET","params":{},"query":{},"url":"/api/customer/getAll"},"timestamp":"2023-04-18 00:32:47"}
{"level":"info","message":{"body":"","method":"GET","params":{},"query":{},"url":"/api/customer/getAll"},"timestamp":"2023-04-18 00:32:59"}
{"level":"info","message":{"body":"","method":"GET","params":{},"query":{},"url":"/api/customer/getAll"},"timestamp":"2023-04-18 00:33:02"}
{"level":"info","message":{"body":"","method":"GET","params":{},"query":{},"url":"/api/customer/getById/f31523d6-3db7-43eb-ad09-4e9e5fb075a5"},"timestamp":"2023-04-18 00:33:02"}
{"level":"info","message":{"body":"","method":"GET","params":{},"query":{},"url":"/api/customer/getAll"},"timestamp":"2023-04-18 00:33:14"}
{"level":"info","message":{"body":"","method":"GET","params":{},"query":{},"url":"/api/customer/getById/f31523d6-3db7-43eb-ad09-4e9e5fb075a5"},"timestamp":"2023-04-18 00:33:19"}
{"level":"info","message":{"body":"","method":"GET","params":{},"query":{},"url":"/api/customer/getAll"},"timestamp":"2023-04-18 00:33:19"}
{"level":"info","message":{"body":"","method":"GET","params":{},"query":{},"url":"/api/customer/getAll"},"timestamp":"2023-04-18 00:33:24"}
{"level":"info","message":{"body":"","method":"GET","params":{},"query":{},"url":"/api/customer/getAll"},"timestamp":"2023-04-18 00:33:26"}
{"level":"info","message":{"body":"","method":"GET","params":{},"query":{},"url":"/api/customer/getById/87239dcf-3e64-4874-a8ae-321addc7d026"},"timestamp":"2023-04-18 00:33:26"}
{"level":"info","message":{"body":"","method":"GET","params":{},"query":{},"url":"/api/customer/getAll"},"timestamp":"2023-04-18 00:34:29"}
{"level":"info","message":{"body":"","method":"GET","params":{},"query":{},"url":"/api/customer/getAll"},"timestamp":"2023-04-18 00:34:32"}
{"level":"info","message":{"body":"","method":"GET","params":{},"query":{},"url":"/api/customer/getById/f31523d6-3db7-43eb-ad09-4e9e5fb075a5"},"timestamp":"2023-04-18 00:34:32"}
{"level":"info","message":{"body":"","method":"GET","params":{},"query":{},"url":"/api/customer/getAll"},"timestamp":"2023-04-18 00:34:39"}
{"level":"info","message":{"body":"","method":"GET","params":{},"query":{},"url":"/api/customer/getAll"},"timestamp":"2023-04-18 00:34:42"}
{"level":"info","message":{"body":"","method":"GET","params":{},"query":{},"url":"/api/customer/getById/87239dcf-3e64-4874-a8ae-321addc7d026"},"timestamp":"2023-04-18 00:34:42"}
{"level":"info","message":{"body":"","method":"GET","params":{},"query":{},"url":"/api/customer/getAll"},"timestamp":"2023-04-18 00:36:29"}
{"level":"info","message":{"body":"","method":"GET","params":{},"query":{},"url":"/api/customer/getAll"},"timestamp":"2023-04-18 00:36:30"}
{"level":"info","message":{"body":"","method":"GET","params":{},"query":{},"url":"/api/customer/getById/f31523d6-3db7-43eb-ad09-4e9e5fb075a5"},"timestamp":"2023-04-18 00:36:30"}
{"level":"info","message":{"body":"","method":"GET","params":{},"query":{},"url":"/api/customer/getAll"},"timestamp":"2023-04-18 00:39:22"}
{"level":"info","message":{"body":"","method":"GET","params":{},"query":{},"url":"/api/customer/getAll"},"timestamp":"2023-04-18 00:39:28"}
{"level":"info","message":{"body":"","method":"GET","params":{},"query":{},"url":"/api/customer/getById/f31523d6-3db7-43eb-ad09-4e9e5fb075a5"},"timestamp":"2023-04-18 00:39:28"}
{"level":"info","message":{"body":"","method":"GET","params":{},"query":{},"url":"/api/customer/getAll"},"timestamp":"2023-04-18 00:39:33"}
{"level":"info","message":{"body":"","method":"GET","params":{},"query":{},"url":"/api/customer/getAll"},"timestamp":"2023-04-18 00:39:36"}
{"level":"info","message":{"body":"","method":"GET","params":{},"query":{},"url":"/api/customer/getById/87239dcf-3e64-4874-a8ae-321addc7d026"},"timestamp":"2023-04-18 00:39:36"}
{"level":"info","message":{"body":"","method":"GET","params":{},"query":{},"url":"/api/customer/getAll"},"timestamp":"2023-04-18 00:39:44"}
{"level":"info","message":{"body":"","method":"GET","params":{},"query":{},"url":"/api/customer/getById/f31523d6-3db7-43eb-ad09-4e9e5fb075a5"},"timestamp":"2023-04-18 00:43:49"}
{"level":"info","message":{"body":"","method":"GET","params":{},"query":{},"url":"/api/customer/getAll"},"timestamp":"2023-04-18 00:43:49"}
{"level":"info","message":{"body":"","method":"GET","params":{},"query":{},"url":"/api/customer/getAll"},"timestamp":"2023-04-18 00:43:58"}
{"level":"info","message":{"body":"","method":"GET","params":{},"query":{},"url":"/api/customer/getAll"},"timestamp":"2023-04-18 00:44:00"}
{"level":"info","message":{"body":"","method":"GET","params":{},"query":{},"url":"/api/customer/getById/87239dcf-3e64-4874-a8ae-321addc7d026"},"timestamp":"2023-04-18 00:44:00"}
{"level":"info","message":{"body":"","method":"GET","params":{},"query":{},"url":"/api/customer/getAll"},"timestamp":"2023-04-18 00:46:10"}
{"level":"info","message":{"body":"","method":"GET","params":{},"query":{},"url":"/api/customer/getAll"},"timestamp":"2023-04-18 00:46:12"}
{"level":"info","message":{"body":"","method":"GET","params":{},"query":{},"url":"/api/customer/getById/f31523d6-3db7-43eb-ad09-4e9e5fb075a5"},"timestamp":"2023-04-18 00:46:12"}
{"level":"info","message":{"body":"","method":"GET","params":{},"query":{},"url":"/api/customer/getAll"},"timestamp":"2023-04-18 00:46:13"}
{"level":"info","message":{"body":"","method":"GET","params":{},"query":{},"url":"/api/customer/getAll"},"timestamp":"2023-04-18 00:46:13"}
{"level":"info","message":{"body":"","method":"GET","params":{},"query":{},"url":"/api/customer/getById/87239dcf-3e64-4874-a8ae-321addc7d026"},"timestamp":"2023-04-18 00:46:13"}
{"level":"info","message":{"body":"","method":"GET","params":{},"query":{},"url":"/api/customer/getAll"},"timestamp":"2023-04-18 00:46:24"}
{"level":"info","message":{"body":"","method":"GET","params":{},"query":{},"url":"/api/customer/getById/f31523d6-3db7-43eb-ad09-4e9e5fb075a5"},"timestamp":"2023-04-18 00:46:25"}
{"level":"info","message":{"body":"","method":"GET","params":{},"query":{},"url":"/api/customer/getAll"},"timestamp":"2023-04-18 00:46:25"}
{"level":"info","message":{"body":"","method":"GET","params":{},"query":{},"url":"/api/customer/getAll"},"timestamp":"2023-04-18 00:46:27"}
{"level":"info","message":{"body":"","method":"GET","params":{},"query":{},"url":"/api/customer/getAll"},"timestamp":"2023-04-18 00:46:29"}
{"level":"info","message":{"body":"","method":"GET","params":{},"query":{},"url":"/api/customer/getById/87239dcf-3e64-4874-a8ae-321addc7d026"},"timestamp":"2023-04-18 00:46:29"}
{"level":"info","message":{"body":"","method":"GET","params":{},"query":{},"url":"/api/customer/getAll"},"timestamp":"2023-04-18 00:46:30"}
{"level":"info","message":{"body":"","method":"GET","params":{},"query":{},"url":"/api/customer/getById/f31523d6-3db7-43eb-ad09-4e9e5fb075a5"},"timestamp":"2023-04-18 00:49:00"}
{"level":"info","message":{"body":"","method":"GET","params":{},"query":{},"url":"/api/customer/getAll"},"timestamp":"2023-04-18 00:49:00"}
{"level":"info","message":{"body":"","method":"GET","params":{},"query":{},"url":"/api/customer/getAll"},"timestamp":"2023-04-18 00:49:02"}
{"level":"info","message":{"body":"","method":"GET","params":{},"query":{},"url":"/api/customer/getAll"},"timestamp":"2023-04-18 00:49:04"}
{"level":"info","message":{"body":"","method":"GET","params":{},"query":{},"url":"/api/customer/getById/87239dcf-3e64-4874-a8ae-321addc7d026"},"timestamp":"2023-04-18 00:49:04"}
{"level":"info","message":{"body":"","method":"GET","params":{},"query":{},"url":"/api/customer/getAll"},"timestamp":"2023-04-18 00:49:21"}
{"level":"info","message":{"body":"","method":"GET","params":{},"query":{},"url":"/api/customer/getAll"},"timestamp":"2023-04-18 00:49:23"}
{"level":"info","message":{"body":"","method":"GET","params":{},"query":{},"url":"/api/customer/getById/f31523d6-3db7-43eb-ad09-4e9e5fb075a5"},"timestamp":"2023-04-18 00:49:23"}
{"level":"info","message":{"body":"","method":"GET","params":{},"query":{},"url":"/api/customer/getAll"},"timestamp":"2023-04-18 00:49:25"}
{"level":"info","message":{"body":"","method":"GET","params":{},"query":{},"url":"/api/customer/getById/f31523d6-3db7-43eb-ad09-4e9e5fb075a5"},"timestamp":"2023-04-18 00:49:26"}
{"level":"info","message":{"body":"","method":"GET","params":{},"query":{},"url":"/api/customer/getAll"},"timestamp":"2023-04-18 00:49:26"}
{"level":"info","message":{"body":"","method":"GET","params":{},"query":{},"url":"/api/customer/getAll"},"timestamp":"2023-04-18 00:50:28"}
{"level":"info","message":{"body":"","method":"GET","params":{},"query":{},"url":"/api/customer/getById/f31523d6-3db7-43eb-ad09-4e9e5fb075a5"},"timestamp":"2023-04-18 00:50:30"}
{"level":"info","message":{"body":"","method":"GET","params":{},"query":{},"url":"/api/customer/getAll"},"timestamp":"2023-04-18 00:50:32"}
{"level":"info","message":{"body":"","method":"GET","params":{},"query":{},"url":"/api/customer/getAll"},"timestamp":"2023-04-18 00:50:32"}
{"level":"info","message":{"body":"","method":"GET","params":{},"query":{},"url":"/api/customer/getById/f31523d6-3db7-43eb-ad09-4e9e5fb075a5"},"timestamp":"2023-04-18 00:50:33"}
{"level":"info","message":{"body":"","method":"GET","params":{},"query":{},"url":"/api/customer/getAll"},"timestamp":"2023-04-18 00:50:33"}
{"level":"info","message":{"body":"","method":"GET","params":{},"query":{},"url":"/api/customer/getAll"},"timestamp":"2023-04-18 00:50:35"}
{"level":"info","message":{"body":"","method":"GET","params":{},"query":{},"url":"/api/customer/getAll"},"timestamp":"2023-04-18 00:50:35"}
{"level":"info","message":{"body":"","method":"GET","params":{},"query":{},"url":"/api/customer/getById/87239dcf-3e64-4874-a8ae-321addc7d026"},"timestamp":"2023-04-18 00:50:35"}
{"level":"info","message":{"body":"","method":"GET","params":{},"query":{},"url":"/api/customer/getAll"},"timestamp":"2023-04-18 00:50:36"}
{"level":"info","message":{"body":"","method":"GET","params":{},"query":{},"url":"/api/customer/getById/f31523d6-3db7-43eb-ad09-4e9e5fb075a5"},"timestamp":"2023-04-18 00:51:00"}
{"level":"info","message":{"body":"","method":"GET","params":{},"query":{},"url":"/api/customer/getAll"},"timestamp":"2023-04-18 00:51:00"}
{"level":"info","message":{"body":"","method":"GET","params":{},"query":{},"url":"/api/customer/getAll"},"timestamp":"2023-04-18 00:51:02"}
{"level":"info","message":{"body":"","method":"GET","params":{},"query":{},"url":"/api/customer/getAll"},"timestamp":"2023-04-18 00:51:03"}
{"level":"info","message":{"body":"","method":"GET","params":{},"query":{},"url":"/api/customer/getById/87239dcf-3e64-4874-a8ae-321addc7d026"},"timestamp":"2023-04-18 00:51:03"}
{"level":"info","message":{"body":"","method":"GET","params":{},"query":{},"url":"/api/customer/getAll"},"timestamp":"2023-04-18 00:51:07"}
{"level":"info","message":{"body":"","method":"GET","params":{},"query":{},"url":"/api/customer/getById/f31523d6-3db7-43eb-ad09-4e9e5fb075a5"},"timestamp":"2023-04-18 00:52:21"}
{"level":"info","message":{"body":"","method":"GET","params":{},"query":{},"url":"/api/customer/getAll"},"timestamp":"2023-04-18 00:52:21"}
{"level":"info","message":{"body":"","method":"GET","params":{},"query":{},"url":"/api/customer/getById/f31523d6-3db7-43eb-ad09-4e9e5fb075a5"},"timestamp":"2023-04-18 00:54:50"}
{"level":"info","message":{"body":"","method":"GET","params":{},"query":{},"url":"/api/customer/getAll"},"timestamp":"2023-04-18 00:54:50"}
{"level":"info","message":{"body":"","method":"GET","params":{},"query":{},"url":"/api/customer/getAll"},"timestamp":"2023-04-18 00:54:51"}
{"level":"info","message":{"body":"","method":"GET","params":{},"query":{},"url":"/api/customer/getById/f31523d6-3db7-43eb-ad09-4e9e5fb075a5"},"timestamp":"2023-04-18 00:54:51"}
{"level":"info","message":{"body":"","method":"GET","params":{},"query":{},"url":"/api/customer/getAll"},"timestamp":"2023-04-18 00:55:33"}
{"level":"info","message":{"body":"","method":"GET","params":{},"query":{},"url":"/api/customer/getAll"},"timestamp":"2023-04-18 00:55:36"}
{"level":"info","message":{"body":"","method":"GET","params":{},"query":{},"url":"/api/customer/getAll"},"timestamp":"2023-04-18 00:55:38"}
{"level":"info","message":{"body":"","method":"GET","params":{},"query":{},"url":"/api/customer/getById/f31523d6-3db7-43eb-ad09-4e9e5fb075a5"},"timestamp":"2023-04-18 00:55:39"}
{"level":"info","message":{"body":"","method":"GET","params":{},"query":{},"url":"/api/customer/getAll"},"timestamp":"2023-04-18 00:55:39"}
{"level":"info","message":{"body":"","method":"GET","params":{},"query":{},"url":"/api/customer/getAll"},"timestamp":"2023-04-18 00:55:41"}
{"level":"info","message":{"body":"","method":"GET","params":{},"query":{},"url":"/api/customer/getAll"},"timestamp":"2023-04-18 00:55:42"}
{"level":"info","message":{"body":"","method":"GET","params":{},"query":{},"url":"/api/customer/getById/87239dcf-3e64-4874-a8ae-321addc7d026"},"timestamp":"2023-04-18 00:55:42"}
{"level":"info","message":{"body":"","method":"GET","params":{},"query":{},"url":"/api/customer/getAll"},"timestamp":"2023-04-18 00:55:43"}
{"level":"info","message":{"body":"","method":"GET","params":{},"query":{},"url":"/api/customer/getAll"},"timestamp":"2023-04-18 00:55:43"}
{"level":"info","message":{"body":"","method":"GET","params":{},"query":{},"url":"/api/customer/getAll"},"timestamp":"2023-04-18 00:55:44"}
{"level":"info","message":{"body":"","method":"GET","params":{},"query":{},"url":"/api/customer/getById/f31523d6-3db7-43eb-ad09-4e9e5fb075a5"},"timestamp":"2023-04-18 01:00:46"}
{"level":"info","message":{"body":"","method":"GET","params":{},"query":{},"url":"/api/customer/getAll"},"timestamp":"2023-04-18 01:00:46"}
{"level":"info","message":{"body":"","method":"GET","params":{},"query":{},"url":"/api/customer/getAll"},"timestamp":"2023-04-18 01:07:30"}
{"level":"info","message":{"body":"","method":"GET","params":{},"query":{},"url":"/api/customer/getById/f31523d6-3db7-43eb-ad09-4e9e5fb075a5"},"timestamp":"2023-04-18 01:07:38"}
{"level":"info","message":{"body":"","method":"GET","params":{},"query":{},"url":"/api/customer/getAll"},"timestamp":"2023-04-18 01:07:38"}
{"level":"info","message":{"body":"","method":"GET","params":{},"query":{},"url":"/api/customer/getAll"},"timestamp":"2023-04-18 01:07:39"}
{"level":"info","message":{"body":"","method":"GET","params":{},"query":{},"url":"/api/customer/getAll"},"timestamp":"2023-04-18 01:07:39"}
{"level":"info","message":{"body":"","method":"GET","params":{},"query":{},"url":"/api/customer/getById/87239dcf-3e64-4874-a8ae-321addc7d026"},"timestamp":"2023-04-18 01:07:39"}
{"level":"info","message":{"body":"","method":"GET","params":{},"query":{},"url":"/api/customer/getAll"},"timestamp":"2023-04-18 01:09:05"}
{"level":"info","message":{"body":"","method":"GET","params":{},"query":{},"url":"/api/customer/getAll"},"timestamp":"2023-04-18 01:09:09"}
{"level":"info","message":{"body":"","method":"GET","params":{},"query":{},"url":"/api/customer/getById/f31523d6-3db7-43eb-ad09-4e9e5fb075a5"},"timestamp":"2023-04-18 01:09:09"}
{"level":"info","message":{"body":"","method":"GET","params":{},"query":{},"url":"/api/customer/getAll"},"timestamp":"2023-04-18 01:10:39"}
{"level":"info","message":{"body":"","method":"GET","params":{},"query":{},"url":"/api/customer/getById/f31523d6-3db7-43eb-ad09-4e9e5fb075a5"},"timestamp":"2023-04-18 01:10:40"}
{"level":"info","message":{"body":"","method":"GET","params":{},"query":{},"url":"/api/customer/getAll"},"timestamp":"2023-04-18 01:10:40"}
{"level":"info","message":{"body":"","method":"GET","params":{},"query":{},"url":"/api/customer/getAll"},"timestamp":"2023-04-18 01:10:42"}
{"level":"info","message":{"body":"","method":"GET","params":{},"query":{},"url":"/api/customer/getById/f31523d6-3db7-43eb-ad09-4e9e5fb075a5"},"timestamp":"2023-04-18 01:10:48"}
{"level":"info","message":{"body":"","method":"GET","params":{},"query":{},"url":"/api/customer/getAll"},"timestamp":"2023-04-18 01:10:48"}
{"level":"info","message":{"body":"","method":"GET","params":{},"query":{},"url":"/api/customer/getAll"},"timestamp":"2023-04-18 01:10:52"}
{"level":"info","message":{"body":"","method":"GET","params":{},"query":{},"url":"/api/customer/getById/f31523d6-3db7-43eb-ad09-4e9e5fb075a5"},"timestamp":"2023-04-18 01:11:49"}
{"level":"info","message":{"body":"","method":"GET","params":{},"query":{},"url":"/api/customer/getAll"},"timestamp":"2023-04-18 01:11:49"}
{"level":"info","message":{"body":"","method":"GET","params":{},"query":{},"url":"/api/customer/getAll"},"timestamp":"2023-04-18 01:11:51"}
{"level":"info","message":{"body":"","method":"GET","params":{},"query":{},"url":"/api/customer/getAll"},"timestamp":"2023-04-18 01:11:53"}
{"level":"info","message":{"body":"","method":"GET","params":{},"query":{},"url":"/api/customer/getById/87239dcf-3e64-4874-a8ae-321addc7d026"},"timestamp":"2023-04-18 01:11:53"}
{"level":"info","message":{"body":"","method":"GET","params":{},"query":{},"url":"/api/customer/getAll"},"timestamp":"2023-04-18 01:11:57"}
{"level":"info","message":{"body":"","method":"GET","params":{},"query":{},"url":"/api/customer/getAll"},"timestamp":"2023-04-18 01:11:58"}
{"level":"info","message":{"body":"","method":"GET","params":{},"query":{},"url":"/api/customer/getById/f31523d6-3db7-43eb-ad09-4e9e5fb075a5"},"timestamp":"2023-04-18 01:11:58"}
{"level":"info","message":{"body":"","method":"GET","params":{},"query":{},"url":"/api/customer/getAll"},"timestamp":"2023-04-18 01:11:59"}
{"level":"info","message":{"body":"","method":"GET","params":{},"query":{},"url":"/api/customer/getAll"},"timestamp":"2023-04-18 01:12:00"}
{"level":"info","message":{"body":"","method":"GET","params":{},"query":{},"url":"/api/customer/getById/87239dcf-3e64-4874-a8ae-321addc7d026"},"timestamp":"2023-04-18 01:12:00"}
{"level":"info","message":{"body":"","method":"GET","params":{},"query":{},"url":"/api/customer/getAll"},"timestamp":"2023-04-18 01:15:20"}
{"level":"info","message":{"body":"","method":"GET","params":{},"query":{},"url":"/api/customer/getAll"},"timestamp":"2023-04-18 01:15:23"}
{"level":"info","message":{"body":"","method":"GET","params":{},"query":{},"url":"/api/customer/getById/87239dcf-3e64-4874-a8ae-321addc7d026"},"timestamp":"2023-04-18 01:15:23"}
{"level":"info","message":{"body":"","method":"GET","params":{},"query":{},"url":"/api/customer/getAll"},"timestamp":"2023-04-18 01:17:36"}
{"level":"info","message":{"body":"","method":"GET","params":{},"query":{},"url":"/api/customer/getById/f31523d6-3db7-43eb-ad09-4e9e5fb075a5"},"timestamp":"2023-04-18 01:17:37"}
{"level":"info","message":{"body":"","method":"GET","params":{},"query":{},"url":"/api/customer/getAll"},"timestamp":"2023-04-18 01:17:37"}
{"level":"info","message":{"body":"","method":"GET","params":{},"query":{},"url":"/api/customer/getAll"},"timestamp":"2023-04-18 01:18:21"}
{"level":"info","message":{"body":"","method":"GET","params":{},"query":{},"url":"/api/customer/getAll"},"timestamp":"2023-04-18 01:18:22"}
{"level":"info","message":{"body":"","method":"GET","params":{},"query":{},"url":"/api/customer/getById/87239dcf-3e64-4874-a8ae-321addc7d026"},"timestamp":"2023-04-18 01:18:22"}
{"level":"info","message":{"body":"","method":"GET","params":{},"query":{},"url":"/api/customer/getAll"},"timestamp":"2023-04-18 01:18:31"}
{"level":"info","message":{"body":"","method":"GET","params":{},"query":{},"url":"/api/customer/getAll"},"timestamp":"2023-04-18 01:18:33"}
{"level":"info","message":{"body":"","method":"GET","params":{},"query":{},"url":"/api/customer/getById/f31523d6-3db7-43eb-ad09-4e9e5fb075a5"},"timestamp":"2023-04-18 01:18:33"}
{"level":"info","message":{"body":"","method":"GET","params":{},"query":{},"url":"/api/customer/getAll"},"timestamp":"2023-04-18 01:18:36"}
{"level":"info","message":{"body":"","method":"GET","params":{},"query":{},"url":"/api/customer/getAll"},"timestamp":"2023-04-18 01:18:37"}
{"level":"info","message":{"body":"","method":"GET","params":{},"query":{},"url":"/api/customer/getById/87239dcf-3e64-4874-a8ae-321addc7d026"},"timestamp":"2023-04-18 01:18:37"}
{"level":"info","message":{"body":"","method":"GET","params":{},"query":{},"url":"/api/customer/getAll"},"timestamp":"2023-04-18 01:18:41"}
{"level":"info","message":{"body":"","method":"GET","params":{},"query":{},"url":"/api/customer/getById/87239dcf-3e64-4874-a8ae-321addc7d026"},"timestamp":"2023-04-18 01:18:43"}
{"level":"info","message":{"body":"","method":"GET","params":{},"query":{},"url":"/api/customer/getAll"},"timestamp":"2023-04-18 01:18:43"}
{"level":"info","message":{"body":"","method":"GET","params":{},"query":{},"url":"/api/customer/getAll"},"timestamp":"2023-04-18 01:18:49"}
{"level":"info","message":{"body":"","method":"GET","params":{},"query":{},"url":"/api/customer/getById/f31523d6-3db7-43eb-ad09-4e9e5fb075a5"},"timestamp":"2023-04-18 01:19:27"}
{"level":"info","message":{"body":"","method":"GET","params":{},"query":{},"url":"/api/customer/getAll"},"timestamp":"2023-04-18 01:19:27"}
{"level":"info","message":{"body":"","method":"GET","params":{},"query":{},"url":"/api/customer/getAll"},"timestamp":"2023-04-18 01:19:38"}
{"level":"info","message":{"body":"","method":"GET","params":{},"query":{},"url":"/api/customer/getById/87239dcf-3e64-4874-a8ae-321addc7d026"},"timestamp":"2023-04-18 01:20:03"}
{"level":"info","message":{"body":"","method":"GET","params":{},"query":{},"url":"/api/customer/getAll"},"timestamp":"2023-04-18 01:20:03"}
{"level":"info","message":{"body":"","method":"GET","params":{},"query":{},"url":"/api/user/getById/d5bdc691-5af4-4332-bb2f-61b119272ac9"},"timestamp":"2023-04-18 01:23:35"}
{"level":"info","message":{"body":"","method":"GET","params":{},"query":{},"url":"/api/customer/getAll"},"timestamp":"2023-04-18 01:24:29"}
{"level":"info","message":{"body":"","method":"GET","params":{},"query":{},"url":"/api/customer/getAll"},"timestamp":"2023-04-18 01:24:30"}
{"level":"info","message":{"body":"","method":"GET","params":{},"query":{},"url":"/api/customer/getById/87239dcf-3e64-4874-a8ae-321addc7d026"},"timestamp":"2023-04-18 01:24:30"}
{"level":"info","message":{"body":"","method":"GET","params":{},"query":{},"url":"/api/customer/getAll"},"timestamp":"2023-04-18 01:24:33"}
{"level":"info","message":{"body":"","method":"GET","params":{},"query":{},"url":"/api/customer/getById/f31523d6-3db7-43eb-ad09-4e9e5fb075a5"},"timestamp":"2023-04-18 01:24:34"}
{"level":"info","message":{"body":"","method":"GET","params":{},"query":{},"url":"/api/customer/getAll"},"timestamp":"2023-04-18 01:24:34"}
{"level":"info","message":{"body":"","method":"GET","params":{},"query":{},"url":"/api/customer/getAll"},"timestamp":"2023-04-18 01:25:08"}
{"level":"info","message":{"body":"","method":"GET","params":{},"query":{},"url":"/api/customer/getAll"},"timestamp":"2023-04-18 01:25:12"}
{"level":"info","message":{"body":"","method":"GET","params":{},"query":{},"url":"/api/customer/getById/f31523d6-3db7-43eb-ad09-4e9e5fb075a5"},"timestamp":"2023-04-18 01:25:12"}
{"level":"info","message":{"body":"","method":"GET","params":{},"query":{},"url":"/api/customer/getAll"},"timestamp":"2023-04-18 01:25:28"}
{"level":"info","message":{"body":"","method":"GET","params":{},"query":{},"url":"/api/customer/getAll"},"timestamp":"2023-04-18 01:25:29"}
{"level":"info","message":{"body":"","method":"GET","params":{},"query":{},"url":"/api/customer/getById/87239dcf-3e64-4874-a8ae-321addc7d026"},"timestamp":"2023-04-18 01:25:29"}
{"level":"info","message":{"body":"","method":"GET","params":{},"query":{},"url":"/api/customer/getAll"},"timestamp":"2023-04-18 01:26:43"}
{"level":"info","message":{"body":"","method":"GET","params":{},"query":{},"url":"/api/customer/getAll"},"timestamp":"2023-04-18 01:26:45"}
{"level":"info","message":{"body":"","method":"GET","params":{},"query":{},"url":"/api/customer/getById/f31523d6-3db7-43eb-ad09-4e9e5fb075a5"},"timestamp":"2023-04-18 01:26:45"}
{"level":"info","message":{"body":"","method":"GET","params":{},"query":{},"url":"/api/customer/getAll"},"timestamp":"2023-04-18 01:26:48"}
{"level":"info","message":{"body":"","method":"GET","params":{},"query":{},"url":"/api/customer/getById/f31523d6-3db7-43eb-ad09-4e9e5fb075a5"},"timestamp":"2023-04-18 01:26:49"}
{"level":"info","message":{"body":"","method":"GET","params":{},"query":{},"url":"/api/customer/getAll"},"timestamp":"2023-04-18 01:26:50"}
{"level":"info","message":{"body":"","method":"GET","params":{},"query":{},"url":"/api/customer/getAll"},"timestamp":"2023-04-18 01:27:57"}
{"level":"info","message":{"body":"","method":"GET","params":{},"query":{},"url":"/api/customer/getById/f31523d6-3db7-43eb-ad09-4e9e5fb075a5"},"timestamp":"2023-04-18 01:27:59"}
{"level":"info","message":{"body":"","method":"GET","params":{},"query":{},"url":"/api/customer/getAll"},"timestamp":"2023-04-18 01:27:59"}
{"level":"info","message":{"body":"","method":"GET","params":{},"query":{},"url":"/api/customer/getAll"},"timestamp":"2023-04-18 01:28:02"}
{"level":"info","message":{"body":"","method":"GET","params":{},"query":{},"url":"/api/customer/getById/87239dcf-3e64-4874-a8ae-321addc7d026"},"timestamp":"2023-04-18 01:28:03"}
{"level":"info","message":{"body":"","method":"GET","params":{},"query":{},"url":"/api/customer/getAll"},"timestamp":"2023-04-18 01:28:03"}
{"level":"info","message":{"body":"","method":"GET","params":{},"query":{},"url":"/api/customer/getAll"},"timestamp":"2023-04-18 01:30:13"}
{"level":"info","message":{"body":"","method":"GET","params":{},"query":{},"url":"/api/customer/getAll"},"timestamp":"2023-04-18 01:30:14"}
{"level":"info","message":{"body":"","method":"GET","params":{},"query":{},"url":"/api/customer/getById/f31523d6-3db7-43eb-ad09-4e9e5fb075a5"},"timestamp":"2023-04-18 01:30:14"}
{"level":"info","message":{"body":"","method":"GET","params":{},"query":{},"url":"/api/customer/getAll"},"timestamp":"2023-04-18 01:30:23"}
{"level":"info","message":{"body":"","method":"GET","params":{},"query":{},"url":"/api/customer/getAll"},"timestamp":"2023-04-18 01:30:24"}
{"level":"info","message":{"body":"","method":"GET","params":{},"query":{},"url":"/api/customer/getById/87239dcf-3e64-4874-a8ae-321addc7d026"},"timestamp":"2023-04-18 01:30:24"}
{"level":"info","message":{"body":"","method":"GET","params":{},"query":{},"url":"/api/customer/getAll"},"timestamp":"2023-04-18 01:31:00"}
{"level":"info","message":{"body":"","method":"GET","params":{},"query":{},"url":"/api/customer/getAll"},"timestamp":"2023-04-18 01:31:01"}
{"level":"info","message":{"body":"","method":"GET","params":{},"query":{},"url":"/api/customer/getById/f31523d6-3db7-43eb-ad09-4e9e5fb075a5"},"timestamp":"2023-04-18 01:31:01"}
{"level":"info","message":{"body":"","method":"GET","params":{},"query":{},"url":"/api/customer/getAll"},"timestamp":"2023-04-18 01:31:03"}
{"level":"info","message":{"body":"","method":"GET","params":{},"query":{},"url":"/api/customer/getAll"},"timestamp":"2023-04-18 01:31:04"}
{"level":"info","message":{"body":"","method":"GET","params":{},"query":{},"url":"/api/customer/getById/87239dcf-3e64-4874-a8ae-321addc7d026"},"timestamp":"2023-04-18 01:31:04"}
{"level":"info","message":{"body":"","method":"GET","params":{},"query":{},"url":"/api/customer/getAll"},"timestamp":"2023-04-18 01:31:08"}
{"level":"info","message":{"body":"","method":"GET","params":{},"query":{},"url":"/api/customer/getById/f31523d6-3db7-43eb-ad09-4e9e5fb075a5"},"timestamp":"2023-04-18 01:31:09"}
{"level":"info","message":{"body":"","method":"GET","params":{},"query":{},"url":"/api/customer/getAll"},"timestamp":"2023-04-18 01:31:09"}
{"level":"info","message":{"body":"","method":"GET","params":{},"query":{},"url":"/api/customer/getAll"},"timestamp":"2023-04-18 01:31:34"}
{"level":"info","message":{"body":"","method":"GET","params":{},"query":{},"url":"/api/customer/getById/f31523d6-3db7-43eb-ad09-4e9e5fb075a5"},"timestamp":"2023-04-18 01:31:35"}
{"level":"info","message":{"body":"","method":"GET","params":{},"query":{},"url":"/api/customer/getAll"},"timestamp":"2023-04-18 01:31:35"}
{"level":"info","message":{"body":"","method":"GET","params":{},"query":{},"url":"/api/customer/getAll"},"timestamp":"2023-04-18 01:31:42"}
{"level":"info","message":{"body":"","method":"GET","params":{},"query":{},"url":"/api/customer/getAll"},"timestamp":"2023-04-18 01:31:44"}
{"level":"info","message":{"body":"","method":"GET","params":{},"query":{},"url":"/api/customer/getById/87239dcf-3e64-4874-a8ae-321addc7d026"},"timestamp":"2023-04-18 01:31:44"}
{"level":"info","message":{"body":"","method":"GET","params":{},"query":{},"url":"/api/customer/getAll"},"timestamp":"2023-04-18 01:31:46"}
{"level":"info","message":{"body":"","method":"GET","params":{},"query":{},"url":"/api/customer/getById/f31523d6-3db7-43eb-ad09-4e9e5fb075a5"},"timestamp":"2023-04-18 01:32:08"}
{"level":"info","message":{"body":"","method":"GET","params":{},"query":{},"url":"/api/customer/getAll"},"timestamp":"2023-04-18 01:32:08"}
{"level":"info","message":{"body":"","method":"GET","params":{},"query":{},"url":"/api/customer/getAll"},"timestamp":"2023-04-18 01:32:10"}
{"level":"info","message":{"body":"","method":"GET","params":{},"query":{},"url":"/api/customer/getAll"},"timestamp":"2023-04-18 01:32:10"}
{"level":"info","message":{"body":"","method":"GET","params":{},"query":{},"url":"/api/customer/getById/87239dcf-3e64-4874-a8ae-321addc7d026"},"timestamp":"2023-04-18 01:32:10"}
{"level":"info","message":{"body":"","method":"GET","params":{},"query":{},"url":"/api/customer/getAll"},"timestamp":"2023-04-18 01:32:55"}
{"level":"info","message":{"body":"","method":"GET","params":{},"query":{},"url":"/api/customer/getById/f31523d6-3db7-43eb-ad09-4e9e5fb075a5"},"timestamp":"2023-04-18 01:32:57"}
{"level":"info","message":{"body":"","method":"GET","params":{},"query":{},"url":"/api/customer/getAll"},"timestamp":"2023-04-18 01:32:57"}
{"level":"info","message":{"body":"","method":"GET","params":{},"query":{},"url":"/api/customer/getAll"},"timestamp":"2023-04-18 01:32:58"}
{"level":"info","message":{"body":"","method":"GET","params":{},"query":{},"url":"/api/customer/getAll"},"timestamp":"2023-04-18 01:32:59"}
{"level":"info","message":{"body":"","method":"GET","params":{},"query":{},"url":"/api/customer/getById/87239dcf-3e64-4874-a8ae-321addc7d026"},"timestamp":"2023-04-18 01:32:59"}
{"level":"info","message":{"body":"","method":"GET","params":{},"query":{},"url":"/api/customer/getAll"},"timestamp":"2023-04-18 01:33:29"}
{"level":"info","message":{"body":"","method":"GET","params":{},"query":{},"url":"/api/customer/getAll"},"timestamp":"2023-04-18 01:33:30"}
{"level":"info","message":{"body":"","method":"GET","params":{},"query":{},"url":"/api/customer/getById/87239dcf-3e64-4874-a8ae-321addc7d026"},"timestamp":"2023-04-18 01:33:30"}
{"level":"info","message":{"body":"","method":"GET","params":{},"query":{},"url":"/api/customer/getAll"},"timestamp":"2023-04-18 01:33:33"}
{"level":"info","message":{"body":"","method":"GET","params":{},"query":{},"url":"/api/customer/getById/f31523d6-3db7-43eb-ad09-4e9e5fb075a5"},"timestamp":"2023-04-18 01:33:34"}
{"level":"info","message":{"body":"","method":"GET","params":{},"query":{},"url":"/api/customer/getAll"},"timestamp":"2023-04-18 01:33:34"}
{"level":"info","message":{"body":"","method":"GET","params":{},"query":{},"url":"/api/customer/getAll"},"timestamp":"2023-04-18 01:33:36"}
{"level":"info","message":{"body":"","method":"GET","params":{},"query":{},"url":"/api/customer/getAll"},"timestamp":"2023-04-18 01:33:37"}
{"level":"info","message":{"body":"","method":"GET","params":{},"query":{},"url":"/api/customer/getById/87239dcf-3e64-4874-a8ae-321addc7d026"},"timestamp":"2023-04-18 01:33:37"}
{"level":"info","message":{"body":"","method":"GET","params":{},"query":{},"url":"/api/customer/getAll"},"timestamp":"2023-04-18 01:33:41"}
{"level":"info","message":{"body":"","method":"GET","params":{},"query":{},"url":"/api/customer/getAll"},"timestamp":"2023-04-18 01:33:42"}
{"level":"info","message":{"body":"","method":"GET","params":{},"query":{},"url":"/api/customer/getById/87239dcf-3e64-4874-a8ae-321addc7d026"},"timestamp":"2023-04-18 01:33:42"}
{"level":"info","message":{"body":"","method":"GET","params":{},"query":{},"url":"/api/customer/getAll"},"timestamp":"2023-04-18 01:33:44"}
{"level":"info","message":{"body":"","method":"GET","params":{},"query":{},"url":"/api/customer/getAll"},"timestamp":"2023-04-18 01:33:45"}
{"level":"info","message":{"body":"","method":"GET","params":{},"query":{},"url":"/api/customer/getById/f31523d6-3db7-43eb-ad09-4e9e5fb075a5"},"timestamp":"2023-04-18 01:33:45"}
{"level":"info","message":{"body":"","method":"GET","params":{},"query":{},"url":"/api/customer/getAll"},"timestamp":"2023-04-18 01:33:52"}
{"level":"info","message":{"body":"","method":"GET","params":{},"query":{},"url":"/api/customer/getById/f31523d6-3db7-43eb-ad09-4e9e5fb075a5"},"timestamp":"2023-04-18 01:34:47"}
{"level":"info","message":{"body":"","method":"GET","params":{},"query":{},"url":"/api/customer/getAll"},"timestamp":"2023-04-18 01:34:47"}
{"level":"info","message":{"body":"","method":"GET","params":{},"query":{},"url":"/api/customer/getAll"},"timestamp":"2023-04-18 01:34:48"}
{"level":"info","message":{"body":"","method":"GET","params":{},"query":{},"url":"/api/customer/getById/87239dcf-3e64-4874-a8ae-321addc7d026"},"timestamp":"2023-04-18 01:34:49"}
{"level":"info","message":{"body":"","method":"GET","params":{},"query":{},"url":"/api/customer/getAll"},"timestamp":"2023-04-18 01:34:49"}
{"level":"info","message":{"body":"","method":"GET","params":{},"query":{},"url":"/api/customer/getAll"},"timestamp":"2023-04-18 01:34:54"}
{"level":"info","message":{"body":"","method":"GET","params":{},"query":{},"url":"/api/customer/getById/87239dcf-3e64-4874-a8ae-321addc7d026"},"timestamp":"2023-04-18 01:34:54"}
{"level":"info","message":{"body":"","method":"GET","params":{},"query":{},"url":"/api/customer/getAll"},"timestamp":"2023-04-18 01:34:54"}
{"level":"info","message":{"body":"","method":"GET","params":{},"query":{},"url":"/api/customer/getAll"},"timestamp":"2023-04-18 01:34:56"}
{"level":"info","message":{"body":"","method":"GET","params":{},"query":{},"url":"/api/customer/getAll"},"timestamp":"2023-04-18 01:34:57"}
{"level":"info","message":{"body":"","method":"GET","params":{},"query":{},"url":"/api/customer/getById/f31523d6-3db7-43eb-ad09-4e9e5fb075a5"},"timestamp":"2023-04-18 01:34:57"}
