{"level":"info","message":{"body":{"email":"Alexa@gmail.com","password":"957902342"},"method":"POST","params":"","query":"","url":"/api/user/validate"},"timestamp":"2023-04-12 16:26:48"}
{"level":"info","message":{"body":"","method":"GET","params":{},"query":{},"url":"/api/user/getAll"},"timestamp":"2023-04-12 16:49:07"}
{"level":"info","message":{"body":"","method":"GET","params":{},"query":{},"url":"/api/customer/getAll"},"timestamp":"2023-04-12 16:49:07"}
{"level":"info","message":{"body":{"email":"Alexa@gmail.com","password":"957902342"},"method":"POST","params":"","query":"","url":"/api/user/validate"},"timestamp":"2023-04-12 16:49:44"}
{"level":"info","message":{"body":"","method":"GET","params":{},"query":{},"url":"/api/user/getAll"},"timestamp":"2023-04-12 16:50:10"}
{"level":"info","message":{"body":"","method":"GET","params":{},"query":{},"url":"/api/customer/getAll"},"timestamp":"2023-04-12 16:50:10"}
{"level":"info","message":{"body":{"email":"Alexa@gmail.com","password":"957902342"},"method":"POST","params":"","query":"","url":"/api/user/validate"},"timestamp":"2023-04-12 16:50:52"}
{"level":"info","message":{"body":"","method":"GET","params":{},"query":{},"url":"/api/user/getAll"},"timestamp":"2023-04-12 16:51:20"}
{"level":"info","message":{"body":"","method":"GET","params":{},"query":{},"url":"/api/customer/getAll"},"timestamp":"2023-04-12 16:51:20"}
{"level":"info","message":{"body":{"email":"Alexa@gmail.com","password":"957902342"},"method":"POST","params":"","query":"","url":"/api/user/validate"},"timestamp":"2023-04-12 17:26:37"}
{"level":"info","message":{"body":"","method":"GET","params":{},"query":{},"url":"/api/user/getAll"},"timestamp":"2023-04-12 17:27:25"}
{"level":"info","message":{"body":"","method":"GET","params":{},"query":{},"url":"/api/customer/getAll"},"timestamp":"2023-04-12 17:27:25"}
{"level":"info","message":{"body":{"email":"Alexa@gmail.com","password":"957902342"},"method":"POST","params":"","query":"","url":"/api/user/validate"},"timestamp":"2023-04-12 17:31:21"}
{"level":"info","message":{"body":"","method":"GET","params":{},"query":{},"url":"/api/user/getAll"},"timestamp":"2023-04-12 17:31:47"}
{"level":"info","message":{"body":"","method":"GET","params":{},"query":{},"url":"/api/customer/getAll"},"timestamp":"2023-04-12 17:31:47"}
{"level":"info","message":{"body":{"email":"Alexa@gmail.com","password":"957902342"},"method":"POST","params":"","query":"","url":"/api/user/validate"},"timestamp":"2023-04-12 17:33:04"}
{"level":"info","message":{"body":"","method":"GET","params":{},"query":{},"url":"/api/user/getAll"},"timestamp":"2023-04-12 17:33:39"}
{"level":"info","message":{"body":"","method":"GET","params":{},"query":{},"url":"/api/customer/getAll"},"timestamp":"2023-04-12 17:33:39"}
{"level":"info","message":{"body":"","method":"GET","params":{},"query":{},"url":"/api/user/getAll"},"timestamp":"2023-04-12 17:46:59"}
{"level":"info","message":{"body":"","method":"GET","params":{},"query":{},"url":"/api/customer/getAll"},"timestamp":"2023-04-12 17:46:59"}
{"level":"info","message":{"body":"","method":"GET","params":{},"query":{},"url":"/api/user/getAll"},"timestamp":"2023-04-12 17:47:01"}
{"level":"info","message":{"body":"","method":"GET","params":{},"query":{},"url":"/api/user/getAll"},"timestamp":"2023-04-12 17:47:01"}
{"level":"info","message":{"body":"","method":"GET","params":{},"query":{},"url":"/api/user/getAll"},"timestamp":"2023-04-12 17:53:38"}
{"level":"info","message":{"body":"","method":"GET","params":{},"query":{},"url":"/api/user/getAll"},"timestamp":"2023-04-12 17:56:11"}
{"level":"info","message":{"body":"","method":"GET","params":{},"query":{},"url":"/api/customer/getAll"},"timestamp":"2023-04-12 17:56:11"}
{"level":"info","message":{"body":"","method":"GET","params":{},"query":{},"url":"/api/user/getAll"},"timestamp":"2023-04-12 17:57:59"}
{"level":"info","message":{"body":"","method":"GET","params":{},"query":{},"url":"/api/customer/getAll"},"timestamp":"2023-04-12 17:57:59"}
{"level":"info","message":{"body":"","method":"GET","params":{},"query":{},"url":"/api/user/getAll"},"timestamp":"2023-04-12 17:57:59"}
{"level":"info","message":{"body":"","method":"GET","params":{},"query":{},"url":"/api/user/getAll"},"timestamp":"2023-04-12 17:57:59"}
{"level":"info","message":{"body":"","method":"GET","params":{},"query":{},"url":"/api/user/getAll"},"timestamp":"2023-04-12 17:58:00"}
{"level":"info","message":{"body":"","method":"GET","params":{},"query":{},"url":"/api/customer/getAll"},"timestamp":"2023-04-12 17:58:00"}
{"level":"info","message":{"body":"","method":"GET","params":{},"query":{},"url":"/api/user/getAll"},"timestamp":"2023-04-12 18:01:10"}
{"level":"info","message":{"body":"","method":"GET","params":{},"query":{},"url":"/api/customer/getAll"},"timestamp":"2023-04-12 18:01:10"}
{"level":"info","message":{"body":{"email":"Alexa@gmail.com","password":"957902342"},"method":"POST","params":"","query":"","url":"/api/user/validate"},"timestamp":"2023-04-12 22:05:24"}
{"level":"info","message":{"body":{"email":"Alexa@gmail.com","password":"957902342"},"method":"POST","params":"","query":"","url":"/api/user/validate"},"timestamp":"2023-04-12 22:06:27"}
{"level":"info","message":{"body":"","method":"GET","params":{},"query":{},"url":"/api/user/getAll"},"timestamp":"2023-04-12 22:07:19"}
{"level":"info","message":{"body":"","method":"GET","params":{},"query":{},"url":"/api/customer/getAll"},"timestamp":"2023-04-12 22:07:19"}
{"level":"info","message":{"body":"","method":"GET","params":{},"query":{},"url":"/api/user/getAll"},"timestamp":"2023-04-12 22:07:39"}
{"level":"info","message":{"body":"","method":"GET","params":{},"query":{},"url":"/api/customer/getAll"},"timestamp":"2023-04-12 22:07:39"}
{"level":"info","message":{"body":"","method":"GET","params":{},"query":{},"url":"/api/user/getAll"},"timestamp":"2023-04-12 22:07:40"}
{"level":"info","message":{"body":"","method":"GET","params":{},"query":{},"url":"/api/user/getAll"},"timestamp":"2023-04-12 22:07:40"}
{"level":"info","message":{"body":{"email":"Alexa@gmail.com","password":"957902342"},"method":"POST","params":"","query":"","url":"/api/user/validate"},"timestamp":"2023-04-12 22:20:10"}
{"level":"info","message":{"body":"","method":"GET","params":{},"query":{},"url":"/api/user/getAll"},"timestamp":"2023-04-12 22:20:43"}
{"level":"info","message":{"body":"","method":"GET","params":{},"query":{},"url":"/api/customer/getAll"},"timestamp":"2023-04-12 22:20:43"}
{"level":"info","message":{"body":"","method":"GET","params":{},"query":{},"url":"/api/user/getAll"},"timestamp":"2023-04-12 22:21:02"}
{"level":"info","message":{"body":"","method":"GET","params":{},"query":{},"url":"/api/customer/getAll"},"timestamp":"2023-04-12 22:21:02"}
{"level":"info","message":{"body":"","method":"GET","params":{},"query":{},"url":"/api/user/getAll"},"timestamp":"2023-04-12 22:21:03"}
{"level":"info","message":{"body":"","method":"GET","params":{},"query":{},"url":"/api/user/getAll"},"timestamp":"2023-04-12 22:21:03"}
{"level":"info","message":{"body":{"email":"Alexa@gmail.com","password":"957902342"},"method":"POST","params":"","query":"","url":"/api/user/validate"},"timestamp":"2023-04-12 22:23:54"}
{"level":"info","message":{"body":"","method":"GET","params":{},"query":{},"url":"/api/user/getAll"},"timestamp":"2023-04-12 22:24:40"}
{"level":"info","message":{"body":"","method":"GET","params":{},"query":{},"url":"/api/customer/getAll"},"timestamp":"2023-04-12 22:24:40"}
{"level":"info","message":{"body":"","method":"GET","params":{},"query":{},"url":"/api/user/getAll"},"timestamp":"2023-04-12 22:24:40"}
{"level":"info","message":{"body":"","method":"GET","params":{},"query":{},"url":"/api/user/getAll"},"timestamp":"2023-04-12 22:24:40"}
{"level":"info","message":{"body":{"email":"Alexa@gmail.com","password":"957902342"},"method":"POST","params":"","query":"","url":"/api/user/validate"},"timestamp":"2023-04-12 22:26:01"}
{"level":"info","message":{"body":"","method":"GET","params":{},"query":{},"url":"/api/user/getAll"},"timestamp":"2023-04-12 22:26:46"}
{"level":"info","message":{"body":"","method":"GET","params":{},"query":{},"url":"/api/customer/getAll"},"timestamp":"2023-04-12 22:26:46"}
{"level":"info","message":{"body":"","method":"GET","params":{},"query":{},"url":"/api/user/getAll"},"timestamp":"2023-04-12 22:26:46"}
{"level":"info","message":{"body":"","method":"GET","params":{},"query":{},"url":"/api/user/getAll"},"timestamp":"2023-04-12 22:26:47"}
{"level":"info","message":{"body":{"email":"Alexa@gmail.com","password":"957902342"},"method":"POST","params":"","query":"","url":"/api/user/validate"},"timestamp":"2023-04-12 22:40:15"}
{"level":"info","message":{"body":"","method":"GET","params":{},"query":{},"url":"/api/user/getAll"},"timestamp":"2023-04-12 22:40:57"}
{"level":"info","message":{"body":"","method":"GET","params":{},"query":{},"url":"/api/customer/getAll"},"timestamp":"2023-04-12 22:40:57"}
{"level":"info","message":{"body":"","method":"GET","params":{},"query":{},"url":"/api/user/getAll"},"timestamp":"2023-04-12 22:40:58"}
{"level":"info","message":{"body":"","method":"GET","params":{},"query":{},"url":"/api/user/getAll"},"timestamp":"2023-04-12 22:40:58"}
{"level":"info","message":{"body":{"email":"Alexa@gmail.com","password":"957902342"},"method":"POST","params":"","query":"","url":"/api/user/validate"},"timestamp":"2023-04-12 22:42:38"}
{"level":"info","message":{"body":"","method":"GET","params":{},"query":{},"url":"/api/user/getAll"},"timestamp":"2023-04-12 22:43:06"}
{"level":"info","message":{"body":"","method":"GET","params":{},"query":{},"url":"/api/customer/getAll"},"timestamp":"2023-04-12 22:43:06"}
{"level":"info","message":{"body":"","method":"GET","params":{},"query":{},"url":"/api/user/getAll"},"timestamp":"2023-04-12 22:43:07"}
{"level":"info","message":{"body":"","method":"GET","params":{},"query":{},"url":"/api/user/getAll"},"timestamp":"2023-04-12 22:43:07"}
{"level":"info","message":{"body":{"email":"Alexa@gmail.com","password":"957902342"},"method":"POST","params":"","query":"","url":"/api/user/validate"},"timestamp":"2023-04-12 22:45:42"}
{"level":"info","message":{"body":"","method":"GET","params":{},"query":{},"url":"/api/user/getAll"},"timestamp":"2023-04-12 22:46:18"}
{"level":"info","message":{"body":"","method":"GET","params":{},"query":{},"url":"/api/customer/getAll"},"timestamp":"2023-04-12 22:46:18"}
{"level":"info","message":{"body":{"email":"Alexa@gmail.com","password":"957902342"},"method":"POST","params":"","query":"","url":"/api/user/validate"},"timestamp":"2023-04-12 22:46:31"}
{"level":"info","message":{"body":"","method":"GET","params":{},"query":{},"url":"/api/customer/getAll"},"timestamp":"2023-04-12 22:47:03"}
{"level":"info","message":{"body":"","method":"GET","params":{},"query":{},"url":"/api/user/getAll"},"timestamp":"2023-04-12 22:47:03"}
{"level":"info","message":{"body":"","method":"GET","params":{},"query":{},"url":"/api/user/getAll"},"timestamp":"2023-04-12 22:47:03"}
{"level":"info","message":{"body":"","method":"GET","params":{},"query":{},"url":"/api/user/getAll"},"timestamp":"2023-04-12 22:47:04"}
{"level":"info","message":{"body":{"email":"Alexa@gmail.com","password":"957902342"},"method":"POST","params":"","query":"","url":"/api/user/validate"},"timestamp":"2023-04-12 22:47:29"}
{"level":"info","message":{"body":"","method":"GET","params":{},"query":{},"url":"/api/user/getAll"},"timestamp":"2023-04-12 22:48:18"}
{"level":"info","message":{"body":"","method":"GET","params":{},"query":{},"url":"/api/customer/getAll"},"timestamp":"2023-04-12 22:48:18"}
{"level":"info","message":{"body":"","method":"GET","params":{},"query":{},"url":"/api/user/getAll"},"timestamp":"2023-04-12 22:48:19"}
{"level":"info","message":{"body":"","method":"GET","params":{},"query":{},"url":"/api/user/getAll"},"timestamp":"2023-04-12 22:48:19"}
{"level":"info","message":{"body":{"email":"Alexa@gmail.com","password":"957902342"},"method":"POST","params":"","query":"","url":"/api/user/validate"},"timestamp":"2023-04-12 22:57:09"}
{"level":"info","message":{"body":"","method":"GET","params":{},"query":{},"url":"/api/user/getAll"},"timestamp":"2023-04-12 22:58:22"}
{"level":"info","message":{"body":"","method":"GET","params":{},"query":{},"url":"/api/customer/getAll"},"timestamp":"2023-04-12 22:58:22"}
{"level":"info","message":{"body":"","method":"GET","params":{},"query":{},"url":"/api/user/getAll"},"timestamp":"2023-04-12 22:58:23"}
{"level":"info","message":{"body":"","method":"GET","params":{},"query":{},"url":"/api/user/getAll"},"timestamp":"2023-04-12 22:58:23"}
{"level":"info","message":{"body":{"email":"Alexa@gmail.com","password":"957902342"},"method":"POST","params":"","query":"","url":"/api/user/validate"},"timestamp":"2023-04-12 22:59:20"}
{"level":"info","message":{"body":"","method":"GET","params":{},"query":{},"url":"/api/user/getAll"},"timestamp":"2023-04-12 22:59:58"}
{"level":"info","message":{"body":"","method":"GET","params":{},"query":{},"url":"/api/customer/getAll"},"timestamp":"2023-04-12 22:59:58"}
{"level":"info","message":{"body":"","method":"GET","params":{},"query":{},"url":"/api/user/getAll"},"timestamp":"2023-04-12 22:59:59"}
{"level":"info","message":{"body":"","method":"GET","params":{},"query":{},"url":"/api/user/getAll"},"timestamp":"2023-04-12 22:59:59"}
{"level":"info","message":{"body":{"email":"Alexa@gmail.com","password":"957902342"},"method":"POST","params":"","query":"","url":"/api/user/validate"},"timestamp":"2023-04-12 23:00:52"}
{"level":"info","message":{"body":"","method":"GET","params":{},"query":{},"url":"/api/user/getAll"},"timestamp":"2023-04-12 23:01:23"}
{"level":"info","message":{"body":"","method":"GET","params":{},"query":{},"url":"/api/customer/getAll"},"timestamp":"2023-04-12 23:01:23"}
{"level":"info","message":{"body":"","method":"GET","params":{},"query":{},"url":"/api/user/getAll"},"timestamp":"2023-04-12 23:01:23"}
{"level":"info","message":{"body":"","method":"GET","params":{},"query":{},"url":"/api/user/getAll"},"timestamp":"2023-04-12 23:01:23"}
{"level":"info","message":{"body":{"email":"Alexa@gmail.com","password":"957902342"},"method":"POST","params":"","query":"","url":"/api/user/validate"},"timestamp":"2023-04-12 23:02:33"}
{"level":"info","message":{"body":"","method":"GET","params":{},"query":{},"url":"/api/user/getAll"},"timestamp":"2023-04-12 23:03:20"}
{"level":"info","message":{"body":"","method":"GET","params":{},"query":{},"url":"/api/customer/getAll"},"timestamp":"2023-04-12 23:03:20"}
{"level":"info","message":{"body":"","method":"GET","params":{},"query":{},"url":"/api/user/getAll"},"timestamp":"2023-04-12 23:03:20"}
{"level":"info","message":{"body":"","method":"GET","params":{},"query":{},"url":"/api/user/getAll"},"timestamp":"2023-04-12 23:03:20"}
{"level":"info","message":{"body":{"email":"Alexa@gmail.com","password":"957902342"},"method":"POST","params":"","query":"","url":"/api/user/validate"},"timestamp":"2023-04-12 23:03:44"}
{"level":"info","message":{"body":"","method":"GET","params":{},"query":{},"url":"/api/user/getAll"},"timestamp":"2023-04-12 23:04:25"}
{"level":"info","message":{"body":"","method":"GET","params":{},"query":{},"url":"/api/customer/getAll"},"timestamp":"2023-04-12 23:04:25"}
{"level":"info","message":{"body":"","method":"GET","params":{},"query":{},"url":"/api/user/getAll"},"timestamp":"2023-04-12 23:04:26"}
{"level":"info","message":{"body":"","method":"GET","params":{},"query":{},"url":"/api/user/getAll"},"timestamp":"2023-04-12 23:04:26"}
{"level":"info","message":{"body":{"email":"","password":""},"method":"POST","params":"","query":"","url":"/api/user/validate"},"timestamp":"2023-04-12 23:06:49"}
{"level":"info","message":{"body":{"email":"","password":""},"method":"POST","params":"","query":"","url":"/api/user/validate"},"timestamp":"2023-04-12 23:07:10"}
{"level":"info","message":{"body":{"email":"","password":""},"method":"POST","params":"","query":"","url":"/api/user/validate"},"timestamp":"2023-04-12 23:07:13"}
{"level":"info","message":{"body":{"email":"","password":""},"method":"POST","params":"","query":"","url":"/api/user/validate"},"timestamp":"2023-04-12 23:07:14"}
{"level":"info","message":{"body":{"email":"a","password":""},"method":"POST","params":"","query":"","url":"/api/user/validate"},"timestamp":"2023-04-12 23:07:24"}
{"level":"info","message":{"body":{"email":"Alexa@gmail.com","password":"957902342"},"method":"POST","params":"","query":"","url":"/api/user/validate"},"timestamp":"2023-04-12 23:07:36"}
{"level":"info","message":{"body":"","method":"GET","params":{},"query":{},"url":"/api/user/getAll"},"timestamp":"2023-04-12 23:08:12"}
{"level":"info","message":{"body":"","method":"GET","params":{},"query":{},"url":"/api/customer/getAll"},"timestamp":"2023-04-12 23:08:12"}
{"level":"info","message":{"body":{"email":"Alexa@gmail.com","password":"957902342"},"method":"POST","params":"","query":"","url":"/api/user/validate"},"timestamp":"2023-04-12 23:10:39"}
{"level":"info","message":{"body":"","method":"GET","params":{},"query":{},"url":"/api/user/getAll"},"timestamp":"2023-04-12 23:11:29"}
{"level":"info","message":{"body":"","method":"GET","params":{},"query":{},"url":"/api/customer/getAll"},"timestamp":"2023-04-12 23:11:29"}
{"level":"info","message":{"body":"","method":"GET","params":{},"query":{},"url":"/api/user/getAll"},"timestamp":"2023-04-12 23:11:44"}
{"level":"info","message":{"body":"","method":"GET","params":{},"query":{},"url":"/api/customer/getAll"},"timestamp":"2023-04-12 23:11:44"}
{"level":"info","message":{"body":"","method":"GET","params":{},"query":{},"url":"/api/user/getAll"},"timestamp":"2023-04-12 23:11:45"}
{"level":"info","message":{"body":"","method":"GET","params":{},"query":{},"url":"/api/user/getAll"},"timestamp":"2023-04-12 23:11:45"}
{"level":"info","message":{"body":"","method":"GET","params":{},"query":{},"url":"/api/user/getAll"},"timestamp":"2023-04-12 23:11:54"}
{"level":"info","message":{"body":"","method":"GET","params":{},"query":{},"url":"/api/user/getAll"},"timestamp":"2023-04-12 23:11:55"}
{"level":"info","message":{"body":{"email":"Alexa@gmail.com","password":"957902342"},"method":"POST","params":"","query":"","url":"/api/user/validate"},"timestamp":"2023-04-12 23:12:50"}
{"level":"info","message":{"body":{"email":"Alexa@gmail.com","password":"957902342"},"method":"POST","params":"","query":"","url":"/api/user/validate"},"timestamp":"2023-04-12 23:13:06"}
{"level":"info","message":{"body":"","method":"GET","params":{},"query":{},"url":"/api/user/getAll"},"timestamp":"2023-04-12 23:13:42"}
{"level":"info","message":{"body":"","method":"GET","params":{},"query":{},"url":"/api/customer/getAll"},"timestamp":"2023-04-12 23:13:42"}
{"level":"info","message":{"body":"","method":"GET","params":{},"query":{},"url":"/api/user/getAll"},"timestamp":"2023-04-12 23:13:42"}
{"level":"info","message":{"body":"","method":"GET","params":{},"query":{},"url":"/api/user/getAll"},"timestamp":"2023-04-12 23:13:42"}
{"level":"info","message":{"body":"","method":"GET","params":{},"query":{},"url":"/api/user/getAll"},"timestamp":"2023-04-12 23:15:48"}
{"level":"info","message":{"body":"","method":"GET","params":{},"query":{},"url":"/api/user/getAll"},"timestamp":"2023-04-12 23:16:26"}
{"level":"info","message":{"body":"","method":"GET","params":{},"query":{},"url":"/api/user/getAll"},"timestamp":"2023-04-12 23:16:27"}
{"level":"info","message":{"body":"","method":"GET","params":{},"query":{},"url":"/api/user/getAll"},"timestamp":"2023-04-12 23:16:50"}
{"level":"info","message":{"body":"","method":"PUT","params":{},"query":"","url":"/api/user/update/"},"timestamp":"2023-04-12 23:16:54"}
{"level":"info","message":{"body":{"email":"Alexa@gmail.com","password":"957902342"},"method":"POST","params":"","query":"","url":"/api/user/validate"},"timestamp":"2023-04-12 23:18:40"}
{"level":"info","message":{"body":"","method":"GET","params":{},"query":{},"url":"/api/user/getAll"},"timestamp":"2023-04-12 23:18:52"}
{"level":"info","message":{"body":"","method":"GET","params":{},"query":{},"url":"/api/customer/getAll"},"timestamp":"2023-04-12 23:18:52"}
{"level":"info","message":{"body":"","method":"GET","params":{},"query":{},"url":"/api/user/getAll"},"timestamp":"2023-04-12 23:18:53"}
{"level":"info","message":{"body":"","method":"GET","params":{},"query":{},"url":"/api/user/getAll"},"timestamp":"2023-04-12 23:18:53"}
{"level":"info","message":{"body":{"email":"Alexa@gmail.com","password":"957902342"},"method":"POST","params":"","query":"","url":"/api/user/validate"},"timestamp":"2023-04-12 23:20:10"}
{"level":"info","message":{"body":"","method":"GET","params":{},"query":{},"url":"/api/user/getAll"},"timestamp":"2023-04-12 23:20:13"}
{"level":"info","message":{"body":"","method":"GET","params":{},"query":{},"url":"/api/customer/getAll"},"timestamp":"2023-04-12 23:20:13"}
{"level":"info","message":{"body":"","method":"GET","params":{},"query":{},"url":"/api/user/getAll"},"timestamp":"2023-04-12 23:20:13"}
{"level":"info","message":{"body":"","method":"GET","params":{},"query":{},"url":"/api/user/getAll"},"timestamp":"2023-04-12 23:20:13"}
{"level":"info","message":{"body":"","method":"GET","params":{},"query":{},"url":"/api/user/getAll"},"timestamp":"2023-04-12 23:20:41"}
{"level":"info","message":{"body":{"email":"Alexa@gmail.com","password":"957902342"},"method":"POST","params":"","query":"","url":"/api/user/validate"},"timestamp":"2023-04-12 23:21:21"}
{"level":"info","message":{"body":"","method":"GET","params":{},"query":{},"url":"/api/user/getAll"},"timestamp":"2023-04-12 23:21:42"}
{"level":"info","message":{"body":"","method":"GET","params":{},"query":{},"url":"/api/customer/getAll"},"timestamp":"2023-04-12 23:21:42"}
{"level":"info","message":{"body":"","method":"GET","params":{},"query":{},"url":"/api/user/getAll"},"timestamp":"2023-04-12 23:21:45"}
{"level":"info","message":{"body":"","method":"GET","params":{},"query":{},"url":"/api/user/getAll"},"timestamp":"2023-04-12 23:21:45"}
{"level":"info","message":{"body":{"email":"Alexa@gmail.com","password":"957902342"},"method":"POST","params":"","query":"","url":"/api/user/validate"},"timestamp":"2023-04-12 23:22:25"}
{"level":"info","message":{"body":"","method":"GET","params":{},"query":{},"url":"/api/user/getAll"},"timestamp":"2023-04-12 23:22:43"}
{"level":"info","message":{"body":"","method":"GET","params":{},"query":{},"url":"/api/customer/getAll"},"timestamp":"2023-04-12 23:22:43"}
{"level":"info","message":{"body":"","method":"GET","params":{},"query":{},"url":"/api/user/getAll"},"timestamp":"2023-04-12 23:22:43"}
{"level":"info","message":{"body":"","method":"GET","params":{},"query":{},"url":"/api/user/getAll"},"timestamp":"2023-04-12 23:22:43"}
{"level":"info","message":{"body":"","method":"GET","params":{},"query":{},"url":"/api/user/getAll"},"timestamp":"2023-04-12 23:24:51"}
{"level":"info","message":{"body":"","method":"GET","params":{},"query":{},"url":"/api/customer/getAll"},"timestamp":"2023-04-12 23:24:51"}
{"level":"info","message":{"body":"","method":"GET","params":{},"query":{},"url":"/api/user/getAll"},"timestamp":"2023-04-12 23:24:51"}
{"level":"info","message":{"body":"","method":"GET","params":{},"query":{},"url":"/api/user/getAll"},"timestamp":"2023-04-12 23:24:51"}
{"level":"info","message":{"body":"","method":"GET","params":{},"query":{},"url":"/api/user/getAll"},"timestamp":"2023-04-12 23:25:11"}
{"level":"info","message":{"body":"","method":"GET","params":{},"query":{},"url":"/api/user/getAll"},"timestamp":"2023-04-12 23:25:45"}
{"level":"info","message":{"body":"","method":"GET","params":{},"query":{},"url":"/api/user/getAll"},"timestamp":"2023-04-12 23:26:10"}
{"level":"info","message":{"body":"","method":"GET","params":{},"query":{},"url":"/api/user/getAll"},"timestamp":"2023-04-12 23:27:34"}
{"level":"info","message":{"body":"","method":"GET","params":{},"query":{},"url":"/api/user/getAll"},"timestamp":"2023-04-12 23:27:42"}
{"level":"info","message":{"body":"","method":"GET","params":{},"query":{},"url":"/api/user/getAll"},"timestamp":"2023-04-12 23:28:23"}
{"level":"info","message":{"body":"","method":"GET","params":{},"query":{},"url":"/api/user/getAll"},"timestamp":"2023-04-12 23:28:29"}
{"level":"info","message":{"body":"","method":"GET","params":{},"query":{},"url":"/api/user/getAll"},"timestamp":"2023-04-12 23:28:41"}
{"level":"info","message":{"body":"","method":"GET","params":{},"query":{},"url":"/api/user/getAll"},"timestamp":"2023-04-12 23:28:55"}
{"level":"info","message":{"body":"","method":"GET","params":{},"query":{},"url":"/api/user/getAll"},"timestamp":"2023-04-12 23:29:03"}
{"level":"info","message":{"body":"","method":"GET","params":{},"query":{},"url":"/api/customer/getAll"},"timestamp":"2023-04-12 23:29:03"}
{"level":"info","message":{"body":"","method":"GET","params":{},"query":{},"url":"/api/user/getAll"},"timestamp":"2023-04-12 23:29:03"}
{"level":"info","message":{"body":"","method":"GET","params":{},"query":{},"url":"/api/user/getAll"},"timestamp":"2023-04-12 23:29:03"}
{"level":"info","message":{"body":"","method":"GET","params":{},"query":{},"url":"/api/user/getAll"},"timestamp":"2023-04-12 23:36:33"}
{"level":"info","message":{"body":{"email":"Alexa@gmail.com","password":"957902342"},"method":"POST","params":"","query":"","url":"/api/user/validate"},"timestamp":"2023-04-12 23:37:54"}
{"level":"info","message":{"body":"","method":"GET","params":{},"query":{},"url":"/api/user/getAll"},"timestamp":"2023-04-12 23:38:15"}
{"level":"info","message":{"body":"","method":"GET","params":{},"query":{},"url":"/api/customer/getAll"},"timestamp":"2023-04-12 23:38:15"}
{"level":"info","message":{"body":"","method":"GET","params":{},"query":{},"url":"/api/user/getAll"},"timestamp":"2023-04-12 23:38:15"}
{"level":"info","message":{"body":"","method":"GET","params":{},"query":{},"url":"/api/user/getAll"},"timestamp":"2023-04-12 23:38:15"}
{"level":"info","message":{"body":"","method":"GET","params":{},"query":{},"url":"/api/user/getAll"},"timestamp":"2023-04-12 23:38:54"}
{"level":"info","message":{"body":"","method":"GET","params":{},"query":{},"url":"/api/customer/getAll"},"timestamp":"2023-04-12 23:38:54"}
{"level":"info","message":{"body":"","method":"GET","params":{},"query":{},"url":"/api/user/getAll"},"timestamp":"2023-04-12 23:38:54"}
{"level":"info","message":{"body":"","method":"GET","params":{},"query":{},"url":"/api/user/getAll"},"timestamp":"2023-04-12 23:38:54"}
{"level":"info","message":{"body":"","method":"GET","params":{},"query":{},"url":"/api/user/getAll"},"timestamp":"2023-04-12 23:38:57"}
{"level":"info","message":{"body":"","method":"GET","params":{},"query":{},"url":"/api/customer/getAll"},"timestamp":"2023-04-12 23:38:57"}
{"level":"info","message":{"body":"","method":"GET","params":{},"query":{},"url":"/api/user/getAll"},"timestamp":"2023-04-12 23:38:57"}
{"level":"info","message":{"body":"","method":"GET","params":{},"query":{},"url":"/api/user/getAll"},"timestamp":"2023-04-12 23:38:57"}
{"level":"info","message":{"body":"","method":"GET","params":{},"query":{},"url":"/api/user/getAll"},"timestamp":"2023-04-12 23:39:44"}
{"level":"info","message":{"body":"","method":"GET","params":{},"query":{},"url":"/api/customer/getAll"},"timestamp":"2023-04-12 23:39:44"}
{"level":"info","message":{"body":"","method":"GET","params":{},"query":{},"url":"/api/user/getAll"},"timestamp":"2023-04-12 23:39:44"}
{"level":"info","message":{"body":"","method":"GET","params":{},"query":{},"url":"/api/user/getAll"},"timestamp":"2023-04-12 23:39:44"}
{"level":"info","message":{"body":"","method":"GET","params":{},"query":{},"url":"/api/user/getAll"},"timestamp":"2023-04-12 23:39:46"}
{"level":"info","message":{"body":"","method":"GET","params":{},"query":{},"url":"/api/user/getAll"},"timestamp":"2023-04-12 23:39:49"}
{"level":"info","message":{"body":"","method":"GET","params":{},"query":{},"url":"/api/customer/getAll"},"timestamp":"2023-04-12 23:39:49"}
{"level":"info","message":{"body":"","method":"GET","params":{},"query":{},"url":"/api/user/getAll"},"timestamp":"2023-04-12 23:39:49"}
{"level":"info","message":{"body":"","method":"GET","params":{},"query":{},"url":"/api/user/getAll"},"timestamp":"2023-04-12 23:39:49"}
{"level":"info","message":{"body":"","method":"GET","params":{},"query":{},"url":"/api/user/getAll"},"timestamp":"2023-04-12 23:40:48"}
{"level":"info","message":{"body":"","method":"GET","params":{},"query":{},"url":"/api/user/getAll"},"timestamp":"2023-04-12 23:40:51"}
{"level":"info","message":{"body":"","method":"GET","params":{},"query":{},"url":"/api/user/getAll"},"timestamp":"2023-04-12 23:40:53"}
{"level":"info","message":{"body":"","method":"GET","params":{},"query":{},"url":"/api/customer/getAll"},"timestamp":"2023-04-12 23:40:53"}
{"level":"info","message":{"body":"","method":"GET","params":{},"query":{},"url":"/api/user/getAll"},"timestamp":"2023-04-12 23:40:54"}
{"level":"info","message":{"body":"","method":"GET","params":{},"query":{},"url":"/api/user/getAll"},"timestamp":"2023-04-12 23:40:54"}
{"level":"info","message":{"body":"","method":"GET","params":{},"query":{},"url":"/api/user/getAll"},"timestamp":"2023-04-12 23:40:55"}
{"level":"info","message":{"body":"","method":"GET","params":{},"query":{},"url":"/api/user/getAll"},"timestamp":"2023-04-12 23:42:46"}
{"level":"info","message":{"body":"","method":"GET","params":{},"query":{},"url":"/api/user/getAll"},"timestamp":"2023-04-12 23:42:54"}
{"level":"info","message":{"body":"","method":"PUT","params":{},"query":"","url":"/api/user/update/"},"timestamp":"2023-04-12 23:43:07"}
{"level":"info","message":{"body":"","method":"GET","params":{},"query":{},"url":"/api/user/getAll"},"timestamp":"2023-04-12 23:43:14"}
{"level":"info","message":{"body":"","method":"GET","params":{},"query":{},"url":"/api/user/getAll"},"timestamp":"2023-04-12 23:43:14"}
{"level":"info","message":{"body":{"email":"Alexa@gmail.com","password":"957902342"},"method":"POST","params":"","query":"","url":"/api/user/validate"},"timestamp":"2023-04-12 23:50:48"}
{"level":"info","message":{"body":"","method":"GET","params":{},"query":{},"url":"/api/user/getAll"},"timestamp":"2023-04-12 23:51:10"}
{"level":"info","message":{"body":"","method":"GET","params":{},"query":{},"url":"/api/customer/getAll"},"timestamp":"2023-04-12 23:51:10"}
{"level":"info","message":{"body":"","method":"GET","params":{},"query":{},"url":"/api/user/getAll"},"timestamp":"2023-04-12 23:51:10"}
{"level":"info","message":{"body":"","method":"GET","params":{},"query":{},"url":"/api/user/getAll"},"timestamp":"2023-04-12 23:51:10"}
{"level":"info","message":{"body":"","method":"GET","params":{},"query":{},"url":"/api/user/getAll"},"timestamp":"2023-04-12 23:51:14"}
{"level":"info","message":{"body":"","method":"GET","params":{},"query":{},"url":"/api/user/getAll"},"timestamp":"2023-04-12 23:51:18"}
{"level":"info","message":{"body":"","method":"GET","params":{},"query":{},"url":"/api/customer/getAll"},"timestamp":"2023-04-12 23:51:18"}
{"level":"info","message":{"body":"","method":"GET","params":{},"query":{},"url":"/api/user/getAll"},"timestamp":"2023-04-12 23:51:18"}
{"level":"info","message":{"body":"","method":"GET","params":{},"query":{},"url":"/api/user/getAll"},"timestamp":"2023-04-12 23:51:18"}
{"level":"info","message":{"body":"","method":"GET","params":{},"query":{},"url":"/api/user/getAll"},"timestamp":"2023-04-12 23:51:19"}
{"level":"info","message":{"body":"","method":"GET","params":{},"query":{},"url":"/api/user/getAll"},"timestamp":"2023-04-12 23:51:27"}
{"level":"info","message":{"body":"","method":"GET","params":{},"query":{},"url":"/api/customer/getAll"},"timestamp":"2023-04-12 23:51:27"}
{"level":"info","message":{"body":"","method":"GET","params":{},"query":{},"url":"/api/user/getAll"},"timestamp":"2023-04-12 23:51:28"}
{"level":"info","message":{"body":"","method":"GET","params":{},"query":{},"url":"/api/user/getAll"},"timestamp":"2023-04-12 23:51:28"}
{"level":"info","message":{"body":"","method":"GET","params":{},"query":{},"url":"/api/user/getAll"},"timestamp":"2023-04-12 23:52:26"}
{"level":"info","message":{"body":{"email":"Alexa@gmail.com","password":"957902342"},"method":"POST","params":"","query":"","url":"/api/user/validate"},"timestamp":"2023-04-12 23:54:31"}
{"level":"info","message":{"body":"","method":"GET","params":{},"query":{},"url":"/api/user/getAll"},"timestamp":"2023-04-12 23:54:55"}
{"level":"info","message":{"body":"","method":"GET","params":{},"query":{},"url":"/api/customer/getAll"},"timestamp":"2023-04-12 23:54:55"}
{"level":"info","message":{"body":"","method":"GET","params":{},"query":{},"url":"/api/user/getAll"},"timestamp":"2023-04-12 23:54:56"}
{"level":"info","message":{"body":"","method":"GET","params":{},"query":{},"url":"/api/user/getAll"},"timestamp":"2023-04-12 23:54:56"}
{"level":"info","message":{"body":"","method":"GET","params":{},"query":{},"url":"/api/user/getById/cda4fbb4-96a4-4c67-98ea-d533bbb8ebe2"},"timestamp":"2023-04-12 23:54:57"}
{"level":"info","message":{"body":"","method":"GET","params":{},"query":{},"url":"/api/user/getAll"},"timestamp":"2023-04-12 23:54:57"}
{"level":"info","message":{"body":{"email":"Alexa@gmail.com","password":"957902342"},"method":"POST","params":"","query":"","url":"/api/user/validate"},"timestamp":"2023-04-12 23:56:09"}
{"level":"info","message":{"body":"","method":"GET","params":{},"query":{},"url":"/api/user/getAll"},"timestamp":"2023-04-12 23:56:27"}
{"level":"info","message":{"body":"","method":"GET","params":{},"query":{},"url":"/api/customer/getAll"},"timestamp":"2023-04-12 23:56:27"}
{"level":"info","message":{"body":"","method":"GET","params":{},"query":{},"url":"/api/user/getAll"},"timestamp":"2023-04-12 23:56:27"}
{"level":"info","message":{"body":"","method":"GET","params":{},"query":{},"url":"/api/user/getAll"},"timestamp":"2023-04-12 23:56:28"}
{"level":"info","message":{"body":"","method":"GET","params":{},"query":{},"url":"/api/user/getById/cda4fbb4-96a4-4c67-98ea-d533bbb8ebe2"},"timestamp":"2023-04-12 23:56:34"}
{"level":"info","message":{"body":"","method":"GET","params":{},"query":{},"url":"/api/user/getAll"},"timestamp":"2023-04-12 23:56:34"}
{"level":"info","message":{"body":{"email":"Alexa@gmail.com","password":"957902342"},"method":"POST","params":"","query":"","url":"/api/user/validate"},"timestamp":"2023-04-13 00:00:18"}
{"level":"info","message":{"body":"","method":"GET","params":{},"query":{},"url":"/api/user/getById/cda4fbb4-96a4-4c67-98ea-d533bbb8ebe2"},"timestamp":"2023-04-13 00:00:37"}
{"level":"info","message":{"body":"","method":"GET","params":{},"query":{},"url":"/api/user/getAll"},"timestamp":"2023-04-13 00:01:48"}
{"level":"info","message":{"body":"","method":"GET","params":{},"query":{},"url":"/api/customer/getAll"},"timestamp":"2023-04-13 00:01:48"}
{"level":"info","message":{"body":"","method":"GET","params":{},"query":{},"url":"/api/user/getAll"},"timestamp":"2023-04-13 00:01:49"}
{"level":"info","message":{"body":"","method":"GET","params":{},"query":{},"url":"/api/user/getAll"},"timestamp":"2023-04-13 00:01:49"}
{"level":"info","message":{"body":"","method":"GET","params":{},"query":{},"url":"/api/user/getAll"},"timestamp":"2023-04-13 00:03:12"}
{"level":"info","message":{"body":"","method":"GET","params":{},"query":{},"url":"/api/user/getById/6dda2a71-749c-486c-b5b1-8dbbb57c6068"},"timestamp":"2023-04-13 00:03:30"}
{"level":"info","message":{"body":"","method":"GET","params":{},"query":{},"url":"/api/user/getAll"},"timestamp":"2023-04-13 00:03:50"}
{"level":"info","message":{"body":"","method":"GET","params":{},"query":{},"url":"/api/user/getAll"},"timestamp":"2023-04-13 00:03:54"}
{"level":"info","message":{"body":"","method":"GET","params":{},"query":{},"url":"/api/user/getById/6dda2a71-749c-486c-b5b1-8dbbb57c6068"},"timestamp":"2023-04-13 00:03:59"}
{"level":"info","message":{"body":"","method":"GET","params":{},"query":{},"url":"/api/user/getAll"},"timestamp":"2023-04-13 00:03:59"}
{"level":"info","message":{"body":{"email":"Alexa@gmail.com","password":"957902342"},"method":"POST","params":"","query":"","url":"/api/user/validate"},"timestamp":"2023-04-13 00:04:12"}
{"level":"info","message":{"body":"","method":"GET","params":{},"query":{},"url":"/api/user/getAll"},"timestamp":"2023-04-13 00:04:49"}
{"level":"info","message":{"body":"","method":"GET","params":{},"query":{},"url":"/api/customer/getAll"},"timestamp":"2023-04-13 00:04:49"}
{"level":"info","message":{"body":"","method":"GET","params":{},"query":{},"url":"/api/user/getAll"},"timestamp":"2023-04-13 00:04:49"}
{"level":"info","message":{"body":"","method":"GET","params":{},"query":{},"url":"/api/user/getAll"},"timestamp":"2023-04-13 00:04:49"}
{"level":"info","message":{"body":"","method":"GET","params":{},"query":{},"url":"/api/user/getById/6dda2a71-749c-486c-b5b1-8dbbb57c6068"},"timestamp":"2023-04-13 00:04:51"}
{"level":"info","message":{"body":"","method":"GET","params":{},"query":{},"url":"/api/user/getAll"},"timestamp":"2023-04-13 00:04:51"}
{"level":"info","message":{"body":{"email":"Alexa@gmail.com","password":"957902342"},"method":"POST","params":"","query":"","url":"/api/user/validate"},"timestamp":"2023-04-13 00:06:40"}
{"level":"info","message":{"body":"","method":"GET","params":{},"query":{},"url":"/api/user/getAll"},"timestamp":"2023-04-13 00:07:00"}
{"level":"info","message":{"body":"","method":"GET","params":{},"query":{},"url":"/api/customer/getAll"},"timestamp":"2023-04-13 00:07:00"}
{"level":"info","message":{"body":{"email":"Alexa@gmail.com","password":"957902342"},"method":"POST","params":"","query":"","url":"/api/user/validate"},"timestamp":"2023-04-13 00:07:23"}
{"level":"info","message":{"body":"","method":"GET","params":{},"query":{},"url":"/api/user/getAll"},"timestamp":"2023-04-13 00:07:49"}
{"level":"info","message":{"body":"","method":"GET","params":{},"query":{},"url":"/api/customer/getAll"},"timestamp":"2023-04-13 00:07:49"}
{"level":"info","message":{"body":{"email":"Alexa@gmail.com","password":"957902342"},"method":"POST","params":"","query":"","url":"/api/user/validate"},"timestamp":"2023-04-13 00:09:53"}
{"level":"info","message":{"body":"","method":"GET","params":{},"query":{},"url":"/api/user/getAll"},"timestamp":"2023-04-13 00:10:17"}
{"level":"info","message":{"body":"","method":"GET","params":{},"query":{},"url":"/api/customer/getAll"},"timestamp":"2023-04-13 00:10:17"}
{"level":"info","message":{"body":"","method":"GET","params":{},"query":{},"url":"/api/user/getAll"},"timestamp":"2023-04-13 00:10:17"}
{"level":"info","message":{"body":"","method":"GET","params":{},"query":{},"url":"/api/user/getAll"},"timestamp":"2023-04-13 00:10:17"}
{"level":"info","message":{"body":"","method":"GET","params":{},"query":{},"url":"/api/user/getById/6dda2a71-749c-486c-b5b1-8dbbb57c6068"},"timestamp":"2023-04-13 00:10:20"}
{"level":"info","message":{"body":"","method":"GET","params":{},"query":{},"url":"/api/user/getAll"},"timestamp":"2023-04-13 00:10:20"}
{"level":"info","message":{"body":"","method":"GET","params":{},"query":{},"url":"/api/user/getAll"},"timestamp":"2023-04-13 00:10:20"}
{"level":"info","message":{"body":"","method":"GET","params":{},"query":{},"url":"/api/user/getById/6dda2a71-749c-486c-b5b1-8dbbb57c6068"},"timestamp":"2023-04-13 00:10:20"}
{"level":"info","message":{"body":"","method":"GET","params":{},"query":{},"url":"/api/user/getAll"},"timestamp":"2023-04-13 00:10:20"}
{"level":"info","message":{"body":"","method":"GET","params":{},"query":{},"url":"/api/user/getById/6dda2a71-749c-486c-b5b1-8dbbb57c6068"},"timestamp":"2023-04-13 00:10:20"}
{"level":"info","message":{"body":{"email":"Alexa@gmail.com","password":"957902342"},"method":"POST","params":"","query":"","url":"/api/user/validate"},"timestamp":"2023-04-13 00:10:43"}
{"level":"info","message":{"body":"","method":"GET","params":{},"query":{},"url":"/api/user/getAll"},"timestamp":"2023-04-13 00:11:04"}
{"level":"info","message":{"body":"","method":"GET","params":{},"query":{},"url":"/api/customer/getAll"},"timestamp":"2023-04-13 00:11:04"}
{"level":"info","message":{"body":"","method":"GET","params":{},"query":{},"url":"/api/user/getAll"},"timestamp":"2023-04-13 00:11:04"}
{"level":"info","message":{"body":"","method":"GET","params":{},"query":{},"url":"/api/user/getAll"},"timestamp":"2023-04-13 00:11:04"}
{"level":"info","message":{"body":"","method":"GET","params":{},"query":{},"url":"/api/user/getById/6dda2a71-749c-486c-b5b1-8dbbb57c6068"},"timestamp":"2023-04-13 00:11:06"}
{"level":"info","message":{"body":"","method":"GET","params":{},"query":{},"url":"/api/user/getAll"},"timestamp":"2023-04-13 00:11:06"}
{"level":"info","message":{"body":{"email":"Alexa@gmail.com","password":""},"method":"POST","params":"","query":"","url":"/api/user/validate"},"timestamp":"2023-04-13 00:11:53"}
{"level":"info","message":{"body":{"email":"Alexa@gmail.com","password":"957902342"},"method":"POST","params":"","query":"","url":"/api/user/validate"},"timestamp":"2023-04-13 00:11:59"}
{"level":"info","message":{"body":"","method":"GET","params":{},"query":{},"url":"/api/user/getAll"},"timestamp":"2023-04-13 00:12:30"}
{"level":"info","message":{"body":"","method":"GET","params":{},"query":{},"url":"/api/customer/getAll"},"timestamp":"2023-04-13 00:12:30"}
{"level":"info","message":{"body":{"email":"Alexa@gmail.com","password":"957902342"},"method":"POST","params":"","query":"","url":"/api/user/validate"},"timestamp":"2023-04-13 00:12:44"}
{"level":"info","message":{"body":"","method":"GET","params":{},"query":{},"url":"/api/user/getAll"},"timestamp":"2023-04-13 00:13:17"}
{"level":"info","message":{"body":"","method":"GET","params":{},"query":{},"url":"/api/customer/getAll"},"timestamp":"2023-04-13 00:13:17"}
{"level":"info","message":{"body":"","method":"GET","params":{},"query":{},"url":"/api/user/getAll"},"timestamp":"2023-04-13 00:13:17"}
{"level":"info","message":{"body":"","method":"GET","params":{},"query":{},"url":"/api/user/getAll"},"timestamp":"2023-04-13 00:13:17"}
{"level":"info","message":{"body":"","method":"GET","params":{},"query":{},"url":"/api/user/getAll"},"timestamp":"2023-04-13 00:13:19"}
{"level":"info","message":{"body":{"email":"Alexa@gmail.com","password":"957902342"},"method":"POST","params":"","query":"","url":"/api/user/validate"},"timestamp":"2023-04-13 00:14:34"}
{"level":"info","message":{"body":"","method":"GET","params":{},"query":{},"url":"/api/user/getAll"},"timestamp":"2023-04-13 00:14:53"}
{"level":"info","message":{"body":"","method":"GET","params":{},"query":{},"url":"/api/customer/getAll"},"timestamp":"2023-04-13 00:14:53"}
{"level":"info","message":{"body":"","method":"GET","params":{},"query":{},"url":"/api/user/getAll"},"timestamp":"2023-04-13 00:14:53"}
{"level":"info","message":{"body":"","method":"GET","params":{},"query":{},"url":"/api/user/getAll"},"timestamp":"2023-04-13 00:14:54"}
{"level":"info","message":{"body":"","method":"GET","params":{},"query":{},"url":"/api/user/getAll"},"timestamp":"2023-04-13 00:14:56"}
{"level":"info","message":{"body":"","method":"GET","params":{},"query":{},"url":"/api/customer/getAll"},"timestamp":"2023-04-13 00:14:56"}
{"level":"info","message":{"body":{"email":"Alexa@gmail.com","password":"957902342"},"method":"POST","params":"","query":"","url":"/api/user/validate"},"timestamp":"2023-04-13 00:16:42"}
{"level":"info","message":{"body":"","method":"GET","params":{},"query":{},"url":"/api/user/getAll"},"timestamp":"2023-04-13 00:17:05"}
{"level":"info","message":{"body":"","method":"GET","params":{},"query":{},"url":"/api/customer/getAll"},"timestamp":"2023-04-13 00:17:05"}
{"level":"info","message":{"body":"","method":"GET","params":{},"query":{},"url":"/api/user/getAll"},"timestamp":"2023-04-13 00:17:13"}
{"level":"info","message":{"body":"","method":"GET","params":{},"query":{},"url":"/api/customer/getAll"},"timestamp":"2023-04-13 00:17:13"}
{"level":"info","message":{"body":"","method":"GET","params":{},"query":{},"url":"/api/user/getAll"},"timestamp":"2023-04-13 00:17:13"}
{"level":"info","message":{"body":"","method":"GET","params":{},"query":{},"url":"/api/user/getAll"},"timestamp":"2023-04-13 00:17:13"}
{"level":"info","message":{"body":"","method":"GET","params":{},"query":{},"url":"/api/user/getAll"},"timestamp":"2023-04-13 00:17:15"}
{"level":"info","message":{"body":"","method":"GET","params":{},"query":{},"url":"/api/user/getById/e405cdbc-b15a-4876-aaa3-923a0425ade1"},"timestamp":"2023-04-13 00:17:16"}
{"level":"info","message":{"body":"","method":"GET","params":{},"query":{},"url":"/api/user/getById/e405cdbc-b15a-4876-aaa3-923a0425ade1"},"timestamp":"2023-04-13 00:17:16"}
{"level":"info","message":{"body":"","method":"GET","params":{},"query":{},"url":"/api/user/getAll"},"timestamp":"2023-04-13 00:17:31"}
{"level":"info","message":{"body":"","method":"GET","params":{},"query":{},"url":"/api/customer/getAll"},"timestamp":"2023-04-13 00:17:31"}
{"level":"info","message":{"body":"","method":"GET","params":{},"query":{},"url":"/api/user/getAll"},"timestamp":"2023-04-13 00:17:31"}
{"level":"info","message":{"body":"","method":"GET","params":{},"query":{},"url":"/api/user/getAll"},"timestamp":"2023-04-13 00:17:31"}
{"level":"info","message":{"body":"","method":"GET","params":{},"query":{},"url":"/api/user/getAll"},"timestamp":"2023-04-13 00:17:35"}
{"level":"info","message":{"body":"","method":"GET","params":{},"query":{},"url":"/api/user/getById/e405cdbc-b15a-4876-aaa3-923a0425ade1"},"timestamp":"2023-04-13 00:17:35"}
{"level":"info","message":{"body":"","method":"GET","params":{},"query":{},"url":"/api/user/getById/e405cdbc-b15a-4876-aaa3-923a0425ade1"},"timestamp":"2023-04-13 00:17:35"}
{"level":"info","message":{"body":"","method":"GET","params":{},"query":{},"url":"/api/user/getAll"},"timestamp":"2023-04-13 00:18:07"}
{"level":"info","message":{"body":"","method":"GET","params":{},"query":{},"url":"/api/customer/getAll"},"timestamp":"2023-04-13 00:18:07"}
{"level":"info","message":{"body":"","method":"GET","params":{},"query":{},"url":"/api/user/getAll"},"timestamp":"2023-04-13 00:18:07"}
{"level":"info","message":{"body":"","method":"GET","params":{},"query":{},"url":"/api/user/getAll"},"timestamp":"2023-04-13 00:18:07"}
{"level":"info","message":{"body":"","method":"GET","params":{},"query":{},"url":"/api/user/getAll"},"timestamp":"2023-04-13 00:18:09"}
{"level":"info","message":{"body":"","method":"GET","params":{},"query":{},"url":"/api/user/getById/6dda2a71-749c-486c-b5b1-8dbbb57c6068"},"timestamp":"2023-04-13 00:18:09"}
{"level":"info","message":{"body":"","method":"GET","params":{},"query":{},"url":"/api/user/getById/6dda2a71-749c-486c-b5b1-8dbbb57c6068"},"timestamp":"2023-04-13 00:18:09"}
{"level":"info","message":{"body":"","method":"GET","params":{},"query":{},"url":"/api/user/getAll"},"timestamp":"2023-04-13 00:18:13"}
{"level":"info","message":{"body":"","method":"GET","params":{},"query":{},"url":"/api/customer/getAll"},"timestamp":"2023-04-13 00:18:13"}
{"level":"info","message":{"body":"","method":"GET","params":{},"query":{},"url":"/api/user/getAll"},"timestamp":"2023-04-13 00:18:13"}
{"level":"info","message":{"body":"","method":"GET","params":{},"query":{},"url":"/api/user/getAll"},"timestamp":"2023-04-13 00:18:13"}
{"level":"info","message":{"body":"","method":"GET","params":{},"query":{},"url":"/api/user/getAll"},"timestamp":"2023-04-13 00:18:14"}
{"level":"info","message":{"body":"","method":"GET","params":{},"query":{},"url":"/api/user/getById/e405cdbc-b15a-4876-aaa3-923a0425ade1"},"timestamp":"2023-04-13 00:18:14"}
{"level":"info","message":{"body":"","method":"GET","params":{},"query":{},"url":"/api/user/getById/e405cdbc-b15a-4876-aaa3-923a0425ade1"},"timestamp":"2023-04-13 00:18:14"}
{"level":"info","message":{"body":"","method":"GET","params":{},"query":{},"url":"/api/user/getAll"},"timestamp":"2023-04-13 00:19:31"}
{"level":"info","message":{"body":"","method":"GET","params":{},"query":{},"url":"/api/customer/getAll"},"timestamp":"2023-04-13 00:19:31"}
{"level":"info","message":{"body":"","method":"GET","params":{},"query":{},"url":"/api/user/getAll"},"timestamp":"2023-04-13 00:19:31"}
{"level":"info","message":{"body":"","method":"GET","params":{},"query":{},"url":"/api/user/getAll"},"timestamp":"2023-04-13 00:19:31"}
{"level":"info","message":{"body":"","method":"GET","params":{},"query":{},"url":"/api/user/getAll"},"timestamp":"2023-04-13 00:19:34"}
{"level":"info","message":{"body":"","method":"GET","params":{},"query":{},"url":"/api/user/getById/6dda2a71-749c-486c-b5b1-8dbbb57c6068"},"timestamp":"2023-04-13 00:19:34"}
{"level":"info","message":{"body":"","method":"GET","params":{},"query":{},"url":"/api/user/getById/6dda2a71-749c-486c-b5b1-8dbbb57c6068"},"timestamp":"2023-04-13 00:19:34"}
{"level":"info","message":{"body":"","method":"GET","params":{},"query":{},"url":"/api/user/getAll"},"timestamp":"2023-04-13 00:19:38"}
{"level":"info","message":{"body":"","method":"GET","params":{},"query":{},"url":"/api/customer/getAll"},"timestamp":"2023-04-13 00:19:38"}
{"level":"info","message":{"body":"","method":"GET","params":{},"query":{},"url":"/api/user/getAll"},"timestamp":"2023-04-13 00:19:42"}
{"level":"info","message":{"body":"","method":"GET","params":{},"query":{},"url":"/api/customer/getAll"},"timestamp":"2023-04-13 00:19:42"}
{"level":"info","message":{"body":"","method":"GET","params":{},"query":{},"url":"/api/user/getAll"},"timestamp":"2023-04-13 00:19:42"}
{"level":"info","message":{"body":"","method":"GET","params":{},"query":{},"url":"/api/user/getAll"},"timestamp":"2023-04-13 00:19:42"}
{"level":"info","message":{"body":"","method":"GET","params":{},"query":{},"url":"/api/user/getAll"},"timestamp":"2023-04-13 00:19:42"}
{"level":"info","message":{"body":"","method":"GET","params":{},"query":{},"url":"/api/user/getById/6dda2a71-749c-486c-b5b1-8dbbb57c6068"},"timestamp":"2023-04-13 00:19:43"}
{"level":"info","message":{"body":"","method":"GET","params":{},"query":{},"url":"/api/user/getById/6dda2a71-749c-486c-b5b1-8dbbb57c6068"},"timestamp":"2023-04-13 00:19:43"}
{"level":"info","message":{"body":{"email":"Alexa@gmail.com","password":""},"method":"POST","params":"","query":"","url":"/api/user/validate"},"timestamp":"2023-04-13 00:20:44"}
{"level":"info","message":{"body":{"email":"Alexa@gmail.com","password":""},"method":"POST","params":"","query":"","url":"/api/user/validate"},"timestamp":"2023-04-13 00:21:03"}
{"level":"info","message":{"body":{"email":"Alexa@gmail.com","password":"957902342"},"method":"POST","params":"","query":"","url":"/api/user/validate"},"timestamp":"2023-04-13 00:21:40"}
{"level":"info","message":{"body":"","method":"GET","params":{},"query":{},"url":"/api/user/getAll"},"timestamp":"2023-04-13 00:21:58"}
