{"level":"info","message":{"body":"","method":"GET","params":{},"query":{},"url":"/api/customer/getById/f30bd834-714e-433a-b0bf-b7ea68bc2386"},"timestamp":"2023-04-03 17:29:46"}
{"level":"info","message":{"body":"","method":"GET","params":{},"query":{},"url":"/api/company/getAll"},"timestamp":"2023-04-03 17:30:45"}
{"level":"info","message":{"body":"","method":"GET","params":{},"query":{},"url":"/api/person/getAll"},"timestamp":"2023-04-03 17:30:56"}
{"level":"info","message":{"body":"","method":"PUT","params":{},"query":"","url":"/api/customer/update/f30bd834-714e-433a-b0bf-b7ea68bc2386"},"timestamp":"2023-04-03 17:31:02"}
{"level":"info","message":{"body":"","method":"GET","params":{},"query":{},"url":"/api/company/getAll"},"timestamp":"2023-04-03 17:31:18"}
{"level":"info","message":{"body":"","method":"GET","params":{},"query":{},"url":"/api/person/getAll"},"timestamp":"2023-04-03 17:31:23"}
{"level":"info","message":{"body":"","method":"PUT","params":{},"query":"","url":"/api/customer/update/d68c7507-260c-4efe-b51f-5a27c2c6d9c0"},"timestamp":"2023-04-03 17:32:00"}
{"level":"info","message":{"body":"","method":"GET","params":{},"query":{},"url":"/api/company/getAll"},"timestamp":"2023-04-03 17:32:08"}
{"level":"info","message":{"body":"","method":"PUT","params":{},"query":"","url":"/api/customer/update/d68c7507-260c-4efe-b51f-5a27c2c6d9c0"},"timestamp":"2023-04-03 17:32:27"}
{"level":"info","message":{"body":"","method":"GET","params":{},"query":{},"url":"/api/company/getAll"},"timestamp":"2023-04-03 17:32:33"}
{"level":"info","message":{"body":"","method":"PUT","params":{},"query":"","url":"/api/customer/update/517b14b3-fc32-411c-8f9f-ae2652194145"},"timestamp":"2023-04-03 17:33:58"}
{"level":"info","message":{"body":"","method":"PUT","params":{},"query":"","url":"/api/customer/update/517b14b3-fc32-411c-8f9f-ae2652194145"},"timestamp":"2023-04-03 17:37:03"}
{"level":"info","message":{"body":"","method":"PUT","params":{},"query":"","url":"/api/customer/update/517b14b3-fc32-411c-8f9f-ae2652194145"},"timestamp":"2023-04-03 17:37:18"}
{"level":"info","message":{"body":"","method":"PUT","params":{},"query":"","url":"/api/customer/update/517b14b3-fc32-411c-8f9f-ae2652194145"},"timestamp":"2023-04-03 17:37:55"}
{"level":"info","message":{"body":"","method":"GET","params":{},"query":{},"url":"/api/company/getAll"},"timestamp":"2023-04-03 17:38:05"}
{"level":"info","message":{"body":"","method":"PUT","params":{},"query":"","url":"/api/customer/update/d68c7507-260c-4efe-b51f-5a27c2c6d9c0"},"timestamp":"2023-04-03 17:38:47"}
{"level":"info","message":{"body":"","method":"PUT","params":{},"query":"","url":"/api/customer/update/d68c7507-260c-4efe-b51f-5a27c2c6d9c0"},"timestamp":"2023-04-03 17:39:00"}
{"level":"info","message":{"body":"","method":"GET","params":{},"query":{},"url":"/api/customer/getAll"},"timestamp":"2023-04-03 17:39:28"}
{"level":"info","message":{"body":"","method":"GET","params":{},"query":{},"url":"/api/company/getAll"},"timestamp":"2023-04-03 17:39:37"}
{"level":"info","message":{"body":"","method":"GET","params":{},"query":{},"url":"/api/person/getAll"},"timestamp":"2023-04-03 17:39:42"}
{"level":"info","message":{"body":"","method":"GET","params":{},"query":{},"url":"/api/user/getAll"},"timestamp":"2023-04-03 17:39:55"}
