{"level":"info","message":{"body":{"email":"Alexa@gmail.com","password":"957902342"},"method":"POST","params":"","query":"","url":"/api/user/validate"},"timestamp":"2023-04-16 19:04:32"}
{"level":"info","message":{"body":"","method":"GET","params":{},"query":{},"url":"/api/user/getAll"},"timestamp":"2023-04-16 19:04:52"}
{"level":"info","message":{"body":"","method":"GET","params":{},"query":{},"url":"/api/customer/getAll"},"timestamp":"2023-04-16 19:04:52"}
{"level":"info","message":{"body":"","method":"GET","params":{},"query":{},"url":"/api/user/getAll"},"timestamp":"2023-04-16 19:05:01"}
{"level":"info","message":{"body":"","method":"GET","params":{},"query":{},"url":"/api/customer/getAll"},"timestamp":"2023-04-16 19:05:01"}
{"level":"info","message":{"body":"","method":"GET","params":{},"query":{},"url":"/api/user/getById/f31523d6-3db7-43eb-ad09-4e9e5fb075a5"},"timestamp":"2023-04-16 19:06:59"}
{"level":"info","message":{"body":"","method":"GET","params":{},"query":{},"url":"/api/user/getById/f31523d6-3db7-43eb-ad09-4e9e5fb075a5"},"timestamp":"2023-04-16 19:07:00"}
{"level":"info","message":{"body":"","method":"GET","params":{},"query":{},"url":"/api/user/getAll"},"timestamp":"2023-04-16 19:07:09"}
{"level":"info","message":{"body":"","method":"GET","params":{},"query":{},"url":"/api/customer/getAll"},"timestamp":"2023-04-16 19:07:09"}
{"level":"info","message":{"body":"","method":"GET","params":{},"query":{},"url":"/api/user/getById/6dda2a71-749c-486c-b5b1-8dbbb57c6068"},"timestamp":"2023-04-16 19:07:11"}
{"level":"info","message":{"body":"","method":"GET","params":{},"query":{},"url":"/api/user/getById/6dda2a71-749c-486c-b5b1-8dbbb57c6068"},"timestamp":"2023-04-16 19:07:11"}
{"level":"info","message":{"body":"","method":"GET","params":{},"query":{},"url":"/api/user/getById/6dda2a71-749c-486c-b5b1-8dbbb57c6068"},"timestamp":"2023-04-16 19:10:05"}
{"level":"info","message":{"body":"","method":"GET","params":{},"query":{},"url":"/api/user/getById/6dda2a71-749c-486c-b5b1-8dbbb57c6068"},"timestamp":"2023-04-16 19:10:06"}
{"level":"info","message":{"body":"","method":"GET","params":{},"query":{},"url":"/api/user/getAll"},"timestamp":"2023-04-16 19:12:00"}
{"level":"info","message":{"body":"","method":"GET","params":{},"query":{},"url":"/api/customer/getAll"},"timestamp":"2023-04-16 19:12:00"}
{"level":"info","message":{"body":"","method":"GET","params":{},"query":{},"url":"/api/user/getById/e405cdbc-b15a-4876-aaa3-923a0425ade1"},"timestamp":"2023-04-16 19:12:07"}
{"level":"info","message":{"body":"","method":"GET","params":{},"query":{},"url":"/api/user/getById/e405cdbc-b15a-4876-aaa3-923a0425ade1"},"timestamp":"2023-04-16 19:12:07"}
{"level":"info","message":{"body":"","method":"GET","params":{},"query":{},"url":"/api/user/getById/6dda2a71-749c-486c-b5b1-8dbbb57c6068"},"timestamp":"2023-04-16 19:15:12"}
{"level":"info","message":{"body":"","method":"GET","params":{},"query":{},"url":"/api/user/getById/6dda2a71-749c-486c-b5b1-8dbbb57c6068"},"timestamp":"2023-04-16 19:15:12"}
{"level":"info","message":{"body":"","method":"GET","params":{},"query":{},"url":"/api/user/getAll"},"timestamp":"2023-04-16 19:15:29"}
{"level":"info","message":{"body":"","method":"GET","params":{},"query":{},"url":"/api/customer/getAll"},"timestamp":"2023-04-16 19:15:29"}
{"level":"info","message":{"body":"","method":"GET","params":{},"query":{},"url":"/api/user/getById/f31523d6-3db7-43eb-ad09-4e9e5fb075a5"},"timestamp":"2023-04-16 19:15:33"}
{"level":"info","message":{"body":"","method":"GET","params":{},"query":{},"url":"/api/user/getById/f31523d6-3db7-43eb-ad09-4e9e5fb075a5"},"timestamp":"2023-04-16 19:15:33"}
{"level":"info","message":{"body":"","method":"GET","params":{},"query":{},"url":"/api/user/getById/undefined"},"timestamp":"2023-04-16 19:15:39"}
{"level":"error","message":{"error":"invalid input syntax for type uuid: \"undefined\"","model":"user/getAll"},"timestamp":"2023-04-16 19:15:39"}
{"level":"info","message":{"body":"","method":"GET","params":{},"query":{},"url":"/api/user/getById/undefined"},"timestamp":"2023-04-16 19:15:39"}
{"level":"error","message":{"error":"invalid input syntax for type uuid: \"undefined\"","model":"user/getAll"},"timestamp":"2023-04-16 19:15:39"}
{"level":"info","message":{"body":"","method":"GET","params":{},"query":{},"url":"/api/user/getById/undefined"},"timestamp":"2023-04-16 19:15:48"}
{"level":"error","message":{"error":"invalid input syntax for type uuid: \"undefined\"","model":"user/getAll"},"timestamp":"2023-04-16 19:15:48"}
{"level":"info","message":{"body":"","method":"GET","params":{},"query":{},"url":"/api/user/getById/undefined"},"timestamp":"2023-04-16 19:15:48"}
{"level":"error","message":{"error":"invalid input syntax for type uuid: \"undefined\"","model":"user/getAll"},"timestamp":"2023-04-16 19:15:48"}
{"level":"info","message":{"body":"","method":"GET","params":{},"query":{},"url":"/api/user/getById/f31523d6-3db7-43eb-ad09-4e9e5fb075a5"},"timestamp":"2023-04-16 19:15:55"}
{"level":"info","message":{"body":"","method":"GET","params":{},"query":{},"url":"/api/user/getById/f31523d6-3db7-43eb-ad09-4e9e5fb075a5"},"timestamp":"2023-04-16 19:15:55"}
{"level":"info","message":{"body":"","method":"GET","params":{},"query":{},"url":"/api/user/getById/f31523d6-3db7-43eb-ad09-4e9e5fb075a5"},"timestamp":"2023-04-16 19:16:02"}
{"level":"info","message":{"body":"","method":"GET","params":{},"query":{},"url":"/api/user/getById/f31523d6-3db7-43eb-ad09-4e9e5fb075a5"},"timestamp":"2023-04-16 19:16:02"}
{"level":"info","message":{"body":"","method":"GET","params":{},"query":{},"url":"/api/user/getById/undefined"},"timestamp":"2023-04-16 19:16:36"}
{"level":"error","message":{"error":"invalid input syntax for type uuid: \"undefined\"","model":"user/getAll"},"timestamp":"2023-04-16 19:16:37"}
{"level":"info","message":{"body":"","method":"GET","params":{},"query":{},"url":"/api/user/getById/undefined"},"timestamp":"2023-04-16 19:16:37"}
{"level":"error","message":{"error":"invalid input syntax for type uuid: \"undefined\"","model":"user/getAll"},"timestamp":"2023-04-16 19:16:37"}
{"level":"info","message":{"body":"","method":"GET","params":{},"query":{},"url":"/api/user/getAll"},"timestamp":"2023-04-16 19:17:10"}
{"level":"info","message":{"body":"","method":"GET","params":{},"query":{},"url":"/api/customer/getAll"},"timestamp":"2023-04-16 19:17:10"}
{"level":"info","message":{"body":"","method":"GET","params":{},"query":{},"url":"/api/user/getAll"},"timestamp":"2023-04-16 19:20:33"}
{"level":"info","message":{"body":"","method":"GET","params":{},"query":{},"url":"/api/customer/getAll"},"timestamp":"2023-04-16 19:20:33"}
{"level":"info","message":{"body":"","method":"GET","params":{},"query":{},"url":"/api/user/getAll"},"timestamp":"2023-04-16 19:20:35"}
{"level":"info","message":{"body":"","method":"GET","params":{},"query":{},"url":"/api/customer/getAll"},"timestamp":"2023-04-16 19:20:35"}
{"level":"info","message":{"body":"","method":"GET","params":{},"query":{},"url":"/api/user/getAll"},"timestamp":"2023-04-16 19:21:11"}
{"level":"info","message":{"body":"","method":"GET","params":{},"query":{},"url":"/api/customer/getAll"},"timestamp":"2023-04-16 19:21:11"}
{"level":"info","message":{"body":"","method":"GET","params":{},"query":{},"url":"/api/user/getAll"},"timestamp":"2023-04-16 19:21:34"}
{"level":"info","message":{"body":"","method":"GET","params":{},"query":{},"url":"/api/customer/getAll"},"timestamp":"2023-04-16 19:21:34"}
{"level":"info","message":{"body":"","method":"GET","params":{},"query":{},"url":"/api/user/getAll"},"timestamp":"2023-04-16 19:22:00"}
{"level":"info","message":{"body":"","method":"GET","params":{},"query":{},"url":"/api/customer/getAll"},"timestamp":"2023-04-16 19:22:00"}
{"level":"info","message":{"body":"","method":"GET","params":{},"query":{},"url":"/api/user/getAll"},"timestamp":"2023-04-16 19:22:03"}
{"level":"info","message":{"body":"","method":"GET","params":{},"query":{},"url":"/api/customer/getAll"},"timestamp":"2023-04-16 19:22:03"}
{"level":"info","message":{"body":"","method":"GET","params":{},"query":{},"url":"/api/user/getAll"},"timestamp":"2023-04-16 19:26:29"}
{"level":"info","message":{"body":"","method":"GET","params":{},"query":{},"url":"/api/customer/getAll"},"timestamp":"2023-04-16 19:26:29"}
{"level":"info","message":{"body":"","method":"GET","params":{},"query":{},"url":"/api/user/getAll"},"timestamp":"2023-04-16 19:26:35"}
{"level":"info","message":{"body":"","method":"GET","params":{},"query":{},"url":"/api/customer/getAll"},"timestamp":"2023-04-16 19:26:35"}
{"level":"info","message":{"body":"","method":"GET","params":{},"query":{},"url":"/api/user/getAll"},"timestamp":"2023-04-16 19:34:34"}
{"level":"info","message":{"body":"","method":"GET","params":{},"query":{},"url":"/api/customer/getAll"},"timestamp":"2023-04-16 19:34:34"}
{"level":"info","message":{"body":"","method":"GET","params":{},"query":{},"url":"/api/user/getAll"},"timestamp":"2023-04-16 19:34:55"}
{"level":"info","message":{"body":"","method":"GET","params":{},"query":{},"url":"/api/customer/getAll"},"timestamp":"2023-04-16 19:34:55"}
{"level":"info","message":{"body":"","method":"GET","params":{},"query":{},"url":"/api/user/getAll"},"timestamp":"2023-04-16 19:36:15"}
{"level":"info","message":{"body":"","method":"GET","params":{},"query":{},"url":"/api/customer/getAll"},"timestamp":"2023-04-16 19:36:15"}
{"level":"info","message":{"body":"","method":"GET","params":{},"query":{},"url":"/api/user/getAll"},"timestamp":"2023-04-16 19:36:42"}
{"level":"info","message":{"body":"","method":"GET","params":{},"query":{},"url":"/api/customer/getAll"},"timestamp":"2023-04-16 19:36:42"}
{"level":"info","message":{"body":"","method":"GET","params":{},"query":{},"url":"/api/user/getAll"},"timestamp":"2023-04-16 19:37:16"}
{"level":"info","message":{"body":"","method":"GET","params":{},"query":{},"url":"/api/customer/getAll"},"timestamp":"2023-04-16 19:37:16"}
{"level":"info","message":{"body":"","method":"GET","params":{},"query":{},"url":"/api/user/getAll"},"timestamp":"2023-04-16 19:38:54"}
{"level":"info","message":{"body":"","method":"GET","params":{},"query":{},"url":"/api/customer/getAll"},"timestamp":"2023-04-16 19:38:54"}
{"level":"info","message":{"body":"","method":"GET","params":{},"query":{},"url":"/api/user/getAll"},"timestamp":"2023-04-16 19:39:34"}
{"level":"info","message":{"body":"","method":"GET","params":{},"query":{},"url":"/api/customer/getAll"},"timestamp":"2023-04-16 19:39:34"}
{"level":"info","message":{"body":"","method":"GET","params":{},"query":{},"url":"/api/user/getAll"},"timestamp":"2023-04-16 19:40:38"}
{"level":"info","message":{"body":"","method":"GET","params":{},"query":{},"url":"/api/customer/getAll"},"timestamp":"2023-04-16 19:40:38"}
{"level":"info","message":{"body":"","method":"GET","params":{},"query":{},"url":"/api/user/getAll"},"timestamp":"2023-04-16 19:43:24"}
{"level":"info","message":{"body":"","method":"GET","params":{},"query":{},"url":"/api/customer/getAll"},"timestamp":"2023-04-16 19:43:24"}
{"level":"info","message":{"body":"","method":"GET","params":{},"query":{},"url":"/api/user/getAll"},"timestamp":"2023-04-16 19:43:28"}
{"level":"info","message":{"body":"","method":"GET","params":{},"query":{},"url":"/api/customer/getAll"},"timestamp":"2023-04-16 19:43:28"}
{"level":"info","message":{"body":"","method":"GET","params":{},"query":{},"url":"/api/user/getById/6dda2a71-749c-486c-b5b1-8dbbb57c6068"},"timestamp":"2023-04-16 19:43:29"}
{"level":"info","message":{"body":"","method":"GET","params":{},"query":{},"url":"/api/user/getById/6dda2a71-749c-486c-b5b1-8dbbb57c6068"},"timestamp":"2023-04-16 19:43:29"}
{"level":"info","message":{"body":"","method":"GET","params":{},"query":{},"url":"/api/user/getAll"},"timestamp":"2023-04-16 19:43:33"}
{"level":"info","message":{"body":"","method":"GET","params":{},"query":{},"url":"/api/customer/getAll"},"timestamp":"2023-04-16 19:43:33"}
{"level":"info","message":{"body":"","method":"GET","params":{},"query":{},"url":"/api/user/getAll"},"timestamp":"2023-04-16 19:45:58"}
{"level":"info","message":{"body":"","method":"GET","params":{},"query":{},"url":"/api/customer/getAll"},"timestamp":"2023-04-16 19:45:58"}
{"level":"info","message":{"body":"","method":"GET","params":{},"query":{},"url":"/api/user/getById/6dda2a71-749c-486c-b5b1-8dbbb57c6068"},"timestamp":"2023-04-16 19:46:02"}
{"level":"info","message":{"body":"","method":"GET","params":{},"query":{},"url":"/api/user/getById/6dda2a71-749c-486c-b5b1-8dbbb57c6068"},"timestamp":"2023-04-16 19:46:02"}
{"level":"info","message":{"body":"","method":"GET","params":{},"query":{},"url":"/api/user/getAll"},"timestamp":"2023-04-16 19:46:45"}
{"level":"info","message":{"body":"","method":"GET","params":{},"query":{},"url":"/api/customer/getAll"},"timestamp":"2023-04-16 19:46:45"}
{"level":"info","message":{"body":"","method":"GET","params":{},"query":{},"url":"/api/user/getAll"},"timestamp":"2023-04-16 19:47:58"}
{"level":"info","message":{"body":"","method":"GET","params":{},"query":{},"url":"/api/customer/getAll"},"timestamp":"2023-04-16 19:47:58"}
{"level":"info","message":{"body":"","method":"GET","params":{},"query":{},"url":"/api/user/getAll"},"timestamp":"2023-04-16 19:48:46"}
{"level":"info","message":{"body":"","method":"GET","params":{},"query":{},"url":"/api/customer/getAll"},"timestamp":"2023-04-16 19:48:46"}
{"level":"info","message":{"body":"","method":"GET","params":{},"query":{},"url":"/api/user/getById/6dda2a71-749c-486c-b5b1-8dbbb57c6068"},"timestamp":"2023-04-16 19:48:49"}
{"level":"info","message":{"body":"","method":"GET","params":{},"query":{},"url":"/api/user/getById/6dda2a71-749c-486c-b5b1-8dbbb57c6068"},"timestamp":"2023-04-16 19:48:49"}
{"level":"info","message":{"body":"","method":"GET","params":{},"query":{},"url":"/api/user/getAll"},"timestamp":"2023-04-16 19:48:55"}
{"level":"info","message":{"body":"","method":"GET","params":{},"query":{},"url":"/api/customer/getAll"},"timestamp":"2023-04-16 19:48:55"}
{"level":"info","message":{"body":"","method":"GET","params":{},"query":{},"url":"/api/user/getById/6dda2a71-749c-486c-b5b1-8dbbb57c6068"},"timestamp":"2023-04-16 19:48:57"}
{"level":"info","message":{"body":"","method":"GET","params":{},"query":{},"url":"/api/user/getById/6dda2a71-749c-486c-b5b1-8dbbb57c6068"},"timestamp":"2023-04-16 19:48:57"}
{"level":"info","message":{"body":"","method":"GET","params":{},"query":{},"url":"/api/user/getAll"},"timestamp":"2023-04-16 19:52:52"}
{"level":"info","message":{"body":"","method":"GET","params":{},"query":{},"url":"/api/customer/getAll"},"timestamp":"2023-04-16 19:52:52"}
{"level":"info","message":{"body":"","method":"GET","params":{},"query":{},"url":"/api/user/getById/6dda2a71-749c-486c-b5b1-8dbbb57c6068"},"timestamp":"2023-04-16 19:52:54"}
{"level":"info","message":{"body":"","method":"GET","params":{},"query":{},"url":"/api/user/getById/6dda2a71-749c-486c-b5b1-8dbbb57c6068"},"timestamp":"2023-04-16 19:52:54"}
{"level":"info","message":{"body":"","method":"GET","params":{},"query":{},"url":"/api/user/getAll"},"timestamp":"2023-04-16 19:52:57"}
{"level":"info","message":{"body":"","method":"GET","params":{},"query":{},"url":"/api/customer/getAll"},"timestamp":"2023-04-16 19:52:57"}
{"level":"info","message":{"body":"","method":"GET","params":{},"query":{},"url":"/api/user/getById/e405cdbc-b15a-4876-aaa3-923a0425ade1"},"timestamp":"2023-04-16 19:52:59"}
{"level":"info","message":{"body":"","method":"GET","params":{},"query":{},"url":"/api/user/getById/e405cdbc-b15a-4876-aaa3-923a0425ade1"},"timestamp":"2023-04-16 19:52:59"}
{"level":"info","message":{"body":"","method":"GET","params":{},"query":{},"url":"/api/user/getAll"},"timestamp":"2023-04-16 19:53:01"}
{"level":"info","message":{"body":"","method":"GET","params":{},"query":{},"url":"/api/customer/getAll"},"timestamp":"2023-04-16 19:53:01"}
{"level":"info","message":{"body":"","method":"GET","params":{},"query":{},"url":"/api/user/getAll"},"timestamp":"2023-04-16 19:55:09"}
{"level":"info","message":{"body":"","method":"GET","params":{},"query":{},"url":"/api/customer/getAll"},"timestamp":"2023-04-16 19:55:09"}
{"level":"info","message":{"body":"","method":"GET","params":{},"query":{},"url":"/api/user/getAll"},"timestamp":"2023-04-16 19:55:13"}
{"level":"info","message":{"body":"","method":"GET","params":{},"query":{},"url":"/api/customer/getAll"},"timestamp":"2023-04-16 19:55:13"}
{"level":"info","message":{"body":"","method":"GET","params":{},"query":{},"url":"/api/user/getById/6dda2a71-749c-486c-b5b1-8dbbb57c6068"},"timestamp":"2023-04-16 19:55:14"}
{"level":"info","message":{"body":"","method":"GET","params":{},"query":{},"url":"/api/user/getById/6dda2a71-749c-486c-b5b1-8dbbb57c6068"},"timestamp":"2023-04-16 19:55:14"}
{"level":"info","message":{"body":"","method":"GET","params":{},"query":{},"url":"/api/user/getAll"},"timestamp":"2023-04-16 19:55:24"}
{"level":"info","message":{"body":"","method":"GET","params":{},"query":{},"url":"/api/customer/getAll"},"timestamp":"2023-04-16 19:55:24"}
{"level":"info","message":{"body":"","method":"GET","params":{},"query":{},"url":"/api/user/getAll"},"timestamp":"2023-04-16 19:57:42"}
{"level":"info","message":{"body":"","method":"GET","params":{},"query":{},"url":"/api/customer/getAll"},"timestamp":"2023-04-16 19:57:42"}
{"level":"info","message":{"body":"","method":"GET","params":{},"query":{},"url":"/api/user/getById/6dda2a71-749c-486c-b5b1-8dbbb57c6068"},"timestamp":"2023-04-16 19:57:44"}
{"level":"info","message":{"body":"","method":"GET","params":{},"query":{},"url":"/api/user/getById/6dda2a71-749c-486c-b5b1-8dbbb57c6068"},"timestamp":"2023-04-16 19:57:44"}
{"level":"info","message":{"body":"","method":"GET","params":{},"query":{},"url":"/api/user/getAll"},"timestamp":"2023-04-16 19:58:46"}
{"level":"info","message":{"body":"","method":"GET","params":{},"query":{},"url":"/api/customer/getAll"},"timestamp":"2023-04-16 19:58:46"}
{"level":"info","message":{"body":"","method":"GET","params":{},"query":{},"url":"/api/user/getAll"},"timestamp":"2023-04-16 19:58:49"}
{"level":"info","message":{"body":"","method":"GET","params":{},"query":{},"url":"/api/customer/getAll"},"timestamp":"2023-04-16 19:58:49"}
{"level":"info","message":{"body":{"address":"Santiago","district":"San Joaquin","email":"Jordan@gmail.com","maternalLastName":"Fariñez","name":"Jordan","password":"957902342","paternalLastName":"Quinteros","phone":"123456789","rut":"91627663-k"},"method":"POST","params":"","query":"","url":"/api/user/create"},"timestamp":"2023-04-16 20:00:29"}
{"level":"info","message":{"body":"","method":"GET","params":{},"query":{},"url":"/api/user/getById/user"},"timestamp":"2023-04-16 20:00:29"}
{"level":"error","message":{"error":"invalid input syntax for type uuid: \"user\"","model":"user/getAll"},"timestamp":"2023-04-16 20:00:30"}
{"level":"info","message":{"body":"","method":"GET","params":{},"query":{},"url":"/api/user/getAll"},"timestamp":"2023-04-16 20:01:08"}
{"level":"info","message":{"body":"","method":"GET","params":{},"query":{},"url":"/api/customer/getAll"},"timestamp":"2023-04-16 20:01:08"}
{"level":"info","message":{"body":"","method":"GET","params":{},"query":{},"url":"/api/user/getById/e7b42ec5-3d55-41f4-85aa-c578d5e7ddcd"},"timestamp":"2023-04-16 20:01:13"}
{"level":"info","message":{"body":"","method":"GET","params":{},"query":{},"url":"/api/user/getById/e7b42ec5-3d55-41f4-85aa-c578d5e7ddcd"},"timestamp":"2023-04-16 20:01:13"}
{"level":"info","message":{"body":"","method":"GET","params":{},"query":{},"url":"/api/user/getAll"},"timestamp":"2023-04-16 20:01:36"}
{"level":"info","message":{"body":"","method":"GET","params":{},"query":{},"url":"/api/customer/getAll"},"timestamp":"2023-04-16 20:01:36"}
{"level":"info","message":{"body":{"address":"Santiago","district":"Santiago","email":"Daniel@gmail.com","maternalLastName":"Herrera","name":"Daniel","password":"957902342","paternalLastName":"Herrera","phone":"957902342","rut":"88486842-4"},"method":"POST","params":"","query":"","url":"/api/user/create"},"timestamp":"2023-04-16 20:03:02"}
{"level":"info","message":{"body":"","method":"GET","params":{},"query":{},"url":"/api/user/getById/user"},"timestamp":"2023-04-16 20:03:02"}
{"level":"error","message":{"error":"invalid input syntax for type uuid: \"user\"","model":"user/getAll"},"timestamp":"2023-04-16 20:03:03"}
{"level":"info","message":{"body":"","method":"GET","params":{},"query":{},"url":"/api/user/getAll"},"timestamp":"2023-04-16 20:04:09"}
{"level":"info","message":{"body":"","method":"GET","params":{},"query":{},"url":"/api/customer/getAll"},"timestamp":"2023-04-16 20:04:09"}
{"level":"info","message":{"body":"","method":"GET","params":{},"query":{},"url":"/api/user/getById/d5bdc691-5af4-4332-bb2f-61b119272ac9"},"timestamp":"2023-04-16 20:04:13"}
{"level":"info","message":{"body":"","method":"GET","params":{},"query":{},"url":"/api/user/getById/d5bdc691-5af4-4332-bb2f-61b119272ac9"},"timestamp":"2023-04-16 20:04:13"}
{"level":"info","message":{"body":"","method":"GET","params":{},"query":{},"url":"/api/user/getAll"},"timestamp":"2023-04-16 20:04:19"}
{"level":"info","message":{"body":"","method":"GET","params":{},"query":{},"url":"/api/customer/getAll"},"timestamp":"2023-04-16 20:04:19"}
{"level":"info","message":{"body":{"address":"Santiago","district":"San Lorenzo","email":"Ernesto@gmail.com","maternalLastName":"Marquez","name":"Ernesto","password":"957902342","paternalLastName":"Taco","phone":"+569 4988 5135","rut":"79925507-3"},"method":"POST","params":"","query":"","url":"/api/user/create"},"timestamp":"2023-04-16 20:06:45"}
{"level":"info","message":{"body":"","method":"GET","params":{},"query":{},"url":"/api/user/getAll"},"timestamp":"2023-04-16 20:07:14"}
{"level":"info","message":{"body":"","method":"GET","params":{},"query":{},"url":"/api/customer/getAll"},"timestamp":"2023-04-16 20:07:14"}
{"level":"info","message":{"body":"","method":"GET","params":{},"query":{},"url":"/api/user/getById/2057a55f-26ac-4bd5-a071-8ffb58c153f0"},"timestamp":"2023-04-16 20:07:18"}
{"level":"info","message":{"body":"","method":"GET","params":{},"query":{},"url":"/api/user/getById/2057a55f-26ac-4bd5-a071-8ffb58c153f0"},"timestamp":"2023-04-16 20:07:18"}
{"level":"info","message":{"body":"","method":"GET","params":{},"query":{},"url":"/api/user/getById/d5bdc691-5af4-4332-bb2f-61b119272ac9"},"timestamp":"2023-04-16 20:07:22"}
{"level":"info","message":{"body":"","method":"GET","params":{},"query":{},"url":"/api/user/getById/d5bdc691-5af4-4332-bb2f-61b119272ac9"},"timestamp":"2023-04-16 20:07:22"}
{"level":"info","message":{"body":"","method":"GET","params":{},"query":{},"url":"/api/user/getById/d5bdc691-5af4-4332-bb2f-61b119272ac9"},"timestamp":"2023-04-16 20:07:26"}
{"level":"info","message":{"body":"","method":"GET","params":{},"query":{},"url":"/api/user/getById/d5bdc691-5af4-4332-bb2f-61b119272ac9"},"timestamp":"2023-04-16 20:07:27"}
{"level":"info","message":{"body":"","method":"GET","params":{},"query":{},"url":"/api/user/getById/e7b42ec5-3d55-41f4-85aa-c578d5e7ddcd"},"timestamp":"2023-04-16 20:07:30"}
{"level":"info","message":{"body":"","method":"GET","params":{},"query":{},"url":"/api/user/getById/e7b42ec5-3d55-41f4-85aa-c578d5e7ddcd"},"timestamp":"2023-04-16 20:07:31"}
{"level":"info","message":{"body":{"address":"Santiago","district":"santiago","email":"Videl@gmail.com","maternalLastName":"Garzes","name":"Videl","password":"957902342","paternalLastName":"Ferdan","phone":"957902342","rut":"65381171-3"},"method":"POST","params":"","query":"","url":"/api/user/create"},"timestamp":"2023-04-16 20:09:06"}
{"level":"info","message":{"body":"","method":"GET","params":{},"query":{},"url":"/api/user/getById/user"},"timestamp":"2023-04-16 20:09:06"}
{"level":"error","message":{"error":"invalid input syntax for type uuid: \"user\"","model":"user/getAll"},"timestamp":"2023-04-16 20:09:07"}
{"level":"info","message":{"body":"","method":"GET","params":{},"query":{},"url":"/api/user/getAll"},"timestamp":"2023-04-16 20:10:05"}
{"level":"info","message":{"body":"","method":"GET","params":{},"query":{},"url":"/api/customer/getAll"},"timestamp":"2023-04-16 20:10:05"}
{"level":"info","message":{"body":{"address":"Santiago","district":"San Lorenzo","email":"Marcos@gmail.com","maternalLastName":"Apaza","name":"Marcos","password":"957902342","paternalLastName":"Gomez","phone":"957902342","rut":"51225211-7"},"method":"POST","params":"","query":"","url":"/api/user/create"},"timestamp":"2023-04-16 20:11:28"}
{"level":"info","message":{"body":"","method":"GET","params":{},"query":{},"url":"/api/user/getAll"},"timestamp":"2023-04-16 20:11:35"}
{"level":"info","message":{"body":"","method":"GET","params":{},"query":{},"url":"/api/customer/getAll"},"timestamp":"2023-04-16 20:11:35"}
{"level":"info","message":{"body":"","method":"GET","params":{},"query":{},"url":"/api/user/getAll"},"timestamp":"2023-04-16 20:11:52"}
{"level":"info","message":{"body":"","method":"GET","params":{},"query":{},"url":"/api/customer/getAll"},"timestamp":"2023-04-16 20:11:52"}
{"level":"info","message":{"body":"","method":"GET","params":{},"query":{},"url":"/api/user/getAll"},"timestamp":"2023-04-16 20:11:55"}
{"level":"info","message":{"body":"","method":"GET","params":{},"query":{},"url":"/api/customer/getAll"},"timestamp":"2023-04-16 20:11:55"}
{"level":"info","message":{"body":"","method":"GET","params":{},"query":{},"url":"/api/user/getAll"},"timestamp":"2023-04-16 20:12:17"}
{"level":"info","message":{"body":"","method":"GET","params":{},"query":{},"url":"/api/customer/getAll"},"timestamp":"2023-04-16 20:12:17"}
{"level":"info","message":{"body":"","method":"GET","params":{},"query":{},"url":"/api/user/getById/a4c78d0d-f8aa-4d7a-8505-f4cae2a68e18"},"timestamp":"2023-04-16 20:12:24"}
{"level":"info","message":{"body":"","method":"GET","params":{},"query":{},"url":"/api/user/getById/a4c78d0d-f8aa-4d7a-8505-f4cae2a68e18"},"timestamp":"2023-04-16 20:12:24"}
{"level":"info","message":{"body":"","method":"GET","params":{},"query":{},"url":"/api/user/getAll"},"timestamp":"2023-04-16 20:12:30"}
{"level":"info","message":{"body":"","method":"GET","params":{},"query":{},"url":"/api/customer/getAll"},"timestamp":"2023-04-16 20:12:30"}
{"level":"info","message":{"body":"","method":"GET","params":{},"query":{},"url":"/api/user/getById/e405cdbc-b15a-4876-aaa3-923a0425ade1"},"timestamp":"2023-04-16 20:12:33"}
{"level":"info","message":{"body":"","method":"GET","params":{},"query":{},"url":"/api/user/getById/e405cdbc-b15a-4876-aaa3-923a0425ade1"},"timestamp":"2023-04-16 20:12:33"}
{"level":"info","message":{"body":"","method":"GET","params":{},"query":{},"url":"/api/user/getAll"},"timestamp":"2023-04-16 20:12:36"}
{"level":"info","message":{"body":"","method":"GET","params":{},"query":{},"url":"/api/customer/getAll"},"timestamp":"2023-04-16 20:12:36"}
{"level":"info","message":{"body":"","method":"GET","params":{},"query":{},"url":"/api/user/getById/a4c78d0d-f8aa-4d7a-8505-f4cae2a68e18"},"timestamp":"2023-04-16 20:12:38"}
{"level":"info","message":{"body":"","method":"GET","params":{},"query":{},"url":"/api/user/getById/a4c78d0d-f8aa-4d7a-8505-f4cae2a68e18"},"timestamp":"2023-04-16 20:12:39"}
{"level":"info","message":{"body":"","method":"GET","params":{},"query":{},"url":"/api/user/getAll"},"timestamp":"2023-04-16 20:12:53"}
{"level":"info","message":{"body":"","method":"GET","params":{},"query":{},"url":"/api/customer/getAll"},"timestamp":"2023-04-16 20:12:53"}
{"level":"info","message":{"body":"","method":"GET","params":{},"query":{},"url":"/api/user/getById/a4c78d0d-f8aa-4d7a-8505-f4cae2a68e18"},"timestamp":"2023-04-16 20:12:55"}
{"level":"info","message":{"body":"","method":"GET","params":{},"query":{},"url":"/api/user/getById/a4c78d0d-f8aa-4d7a-8505-f4cae2a68e18"},"timestamp":"2023-04-16 20:12:55"}
{"level":"info","message":{"body":"","method":"GET","params":{},"query":{},"url":"/api/user/getAll"},"timestamp":"2023-04-16 20:13:13"}
{"level":"info","message":{"body":"","method":"GET","params":{},"query":{},"url":"/api/customer/getAll"},"timestamp":"2023-04-16 20:13:13"}
{"level":"info","message":{"body":"","method":"GET","params":{},"query":{},"url":"/api/user/getAll"},"timestamp":"2023-04-16 20:13:26"}
{"level":"info","message":{"body":"","method":"GET","params":{},"query":{},"url":"/api/customer/getAll"},"timestamp":"2023-04-16 20:13:26"}
{"level":"info","message":{"body":"","method":"GET","params":{},"query":{},"url":"/api/user/getAll"},"timestamp":"2023-04-16 20:19:25"}
{"level":"info","message":{"body":"","method":"GET","params":{},"query":{},"url":"/api/customer/getAll"},"timestamp":"2023-04-16 20:19:25"}
{"level":"info","message":{"body":"","method":"GET","params":{},"query":{},"url":"/api/user/getAll"},"timestamp":"2023-04-16 20:19:31"}
{"level":"info","message":{"body":"","method":"GET","params":{},"query":{},"url":"/api/customer/getAll"},"timestamp":"2023-04-16 20:19:31"}
{"level":"info","message":{"body":"","method":"GET","params":{},"query":{},"url":"/api/user/getAll"},"timestamp":"2023-04-16 20:25:54"}
{"level":"info","message":{"body":"","method":"GET","params":{},"query":{},"url":"/api/customer/getAll"},"timestamp":"2023-04-16 20:25:54"}
{"level":"info","message":{"body":"","method":"GET","params":{},"query":{},"url":"/api/user/getAll"},"timestamp":"2023-04-16 20:26:00"}
{"level":"info","message":{"body":"","method":"GET","params":{},"query":{},"url":"/api/customer/getAll"},"timestamp":"2023-04-16 20:26:00"}
{"level":"info","message":{"body":"","method":"DELETE","params":{},"query":"","url":"/api/user/deleteById/e405cdbc-b15a-4876-aaa3-923a0425ade1"},"timestamp":"2023-04-16 20:33:04"}
{"level":"info","message":{"body":"","method":"GET","params":{},"query":{},"url":"/api/user/getAll"},"timestamp":"2023-04-16 20:33:10"}
{"level":"info","message":{"body":"","method":"GET","params":{},"query":{},"url":"/api/customer/getAll"},"timestamp":"2023-04-16 20:33:10"}
{"level":"info","message":{"body":"","method":"GET","params":{},"query":{},"url":"/api/user/getAll"},"timestamp":"2023-04-16 20:33:21"}
{"level":"info","message":{"body":"","method":"GET","params":{},"query":{},"url":"/api/customer/getAll"},"timestamp":"2023-04-16 20:33:21"}
{"level":"info","message":{"body":"","method":"GET","params":{},"query":{},"url":"/api/user/getById/9d951ffc-a550-48ac-9700-d655f0dbce1a"},"timestamp":"2023-04-16 20:33:22"}
{"level":"info","message":{"body":"","method":"GET","params":{},"query":{},"url":"/api/user/getById/9d951ffc-a550-48ac-9700-d655f0dbce1a"},"timestamp":"2023-04-16 20:33:22"}
{"level":"info","message":{"body":"","method":"GET","params":{},"query":{},"url":"/api/user/getAll"},"timestamp":"2023-04-16 20:46:11"}
{"level":"info","message":{"body":"","method":"GET","params":{},"query":{},"url":"/api/customer/getAll"},"timestamp":"2023-04-16 20:46:11"}
{"level":"info","message":{"body":"","method":"GET","params":{},"query":{},"url":"/api/user/getById/a4c78d0d-f8aa-4d7a-8505-f4cae2a68e18"},"timestamp":"2023-04-16 20:46:20"}
{"level":"info","message":{"body":"","method":"GET","params":{},"query":{},"url":"/api/user/getById/a4c78d0d-f8aa-4d7a-8505-f4cae2a68e18"},"timestamp":"2023-04-16 20:46:21"}
{"level":"info","message":{"body":"","method":"GET","params":{},"query":{},"url":"/api/user/getAll"},"timestamp":"2023-04-16 20:47:06"}
{"level":"info","message":{"body":"","method":"GET","params":{},"query":{},"url":"/api/customer/getAll"},"timestamp":"2023-04-16 20:47:06"}
{"level":"info","message":{"body":"","method":"DELETE","params":{},"query":"","url":"/api/user/deleteById/a4c78d0d-f8aa-4d7a-8505-f4cae2a68e18"},"timestamp":"2023-04-16 20:47:09"}
{"level":"info","message":{"body":"","method":"GET","params":{},"query":{},"url":"/api/user/getAll"},"timestamp":"2023-04-16 20:47:15"}
{"level":"info","message":{"body":"","method":"GET","params":{},"query":{},"url":"/api/customer/getAll"},"timestamp":"2023-04-16 20:47:15"}
{"level":"info","message":{"body":"","method":"GET","params":{},"query":{},"url":"/api/user/getById/9d951ffc-a550-48ac-9700-d655f0dbce1a"},"timestamp":"2023-04-16 20:47:18"}
{"level":"info","message":{"body":"","method":"GET","params":{},"query":{},"url":"/api/user/getById/9d951ffc-a550-48ac-9700-d655f0dbce1a"},"timestamp":"2023-04-16 20:47:19"}
{"level":"info","message":{"body":"","method":"GET","params":{},"query":{},"url":"/api/user/getAll"},"timestamp":"2023-04-16 20:49:20"}
{"level":"info","message":{"body":"","method":"GET","params":{},"query":{},"url":"/api/customer/getAll"},"timestamp":"2023-04-16 20:49:20"}
{"level":"info","message":{"body":{"email":"Alexa@gmail.com","password":"957902342"},"method":"POST","params":"","query":"","url":"/api/user/validate"},"timestamp":"2023-04-17 14:00:06"}
{"level":"info","message":{"body":"","method":"GET","params":{},"query":{},"url":"/api/user/getAll"},"timestamp":"2023-04-17 14:00:44"}
{"level":"info","message":{"body":"","method":"GET","params":{},"query":{},"url":"/api/customer/getAll"},"timestamp":"2023-04-17 14:00:44"}
{"level":"info","message":{"body":"","method":"GET","params":{},"query":{},"url":"/api/user/getById/6dda2a71-749c-486c-b5b1-8dbbb57c6068"},"timestamp":"2023-04-17 14:00:58"}
{"level":"info","message":{"body":"","method":"GET","params":{},"query":{},"url":"/api/user/getById/6dda2a71-749c-486c-b5b1-8dbbb57c6068"},"timestamp":"2023-04-17 14:00:59"}
{"level":"info","message":{"body":"","method":"GET","params":{},"query":{},"url":"/api/user/getById/6dda2a71-749c-486c-b5b1-8dbbb57c6068"},"timestamp":"2023-04-17 14:36:07"}
{"level":"info","message":{"body":"","method":"GET","params":{},"query":{},"url":"/api/user/getById/6dda2a71-749c-486c-b5b1-8dbbb57c6068"},"timestamp":"2023-04-17 14:36:08"}
{"level":"info","message":{"body":"","method":"GET","params":{},"query":{},"url":"/api/user/getById/6dda2a71-749c-486c-b5b1-8dbbb57c6068"},"timestamp":"2023-04-17 14:37:43"}
{"level":"info","message":{"body":"","method":"GET","params":{},"query":{},"url":"/api/user/getById/6dda2a71-749c-486c-b5b1-8dbbb57c6068"},"timestamp":"2023-04-17 14:37:44"}
{"level":"info","message":{"body":"","method":"GET","params":{},"query":{},"url":"/api/user/getById/6dda2a71-749c-486c-b5b1-8dbbb57c6068"},"timestamp":"2023-04-17 14:37:44"}
{"level":"info","message":{"body":{"email":"Alexa@gmail.com","password":"957902342"},"method":"POST","params":"","query":"","url":"/api/user/validate"},"timestamp":"2023-04-17 14:47:34"}
{"level":"info","message":{"body":"","method":"GET","params":{},"query":{},"url":"/api/user/getById/6dda2a71-749c-486c-b5b1-8dbbb57c6068"},"timestamp":"2023-04-17 14:48:08"}
{"level":"info","message":{"body":"","method":"GET","params":{},"query":{},"url":"/api/user/getById/6dda2a71-749c-486c-b5b1-8dbbb57c6068"},"timestamp":"2023-04-17 14:48:08"}
{"level":"info","message":{"body":"","method":"GET","params":{},"query":{},"url":"/api/customer/getAll"},"timestamp":"2023-04-17 14:48:16"}
{"level":"info","message":{"body":"","method":"GET","params":{},"query":{},"url":"/api/user/getAll"},"timestamp":"2023-04-17 14:48:16"}
{"level":"info","message":{"body":"","method":"GET","params":{},"query":{},"url":"/api/user/getById/9d951ffc-a550-48ac-9700-d655f0dbce1a"},"timestamp":"2023-04-17 14:48:34"}
{"level":"info","message":{"body":"","method":"GET","params":{},"query":{},"url":"/api/user/getById/9d951ffc-a550-48ac-9700-d655f0dbce1a"},"timestamp":"2023-04-17 14:48:34"}
{"level":"info","message":{"body":"","method":"GET","params":{},"query":{},"url":"/api/user/getById/9d951ffc-a550-48ac-9700-d655f0dbce1a"},"timestamp":"2023-04-17 14:48:50"}
{"level":"info","message":{"body":"","method":"GET","params":{},"query":{},"url":"/api/user/getById/9d951ffc-a550-48ac-9700-d655f0dbce1a"},"timestamp":"2023-04-17 14:48:51"}
{"level":"info","message":{"body":"","method":"GET","params":{},"query":{},"url":"/api/user/getById/9d951ffc-a550-48ac-9700-d655f0dbce1a"},"timestamp":"2023-04-17 14:51:05"}
{"level":"info","message":{"body":"","method":"GET","params":{},"query":{},"url":"/api/user/getById/9d951ffc-a550-48ac-9700-d655f0dbce1a"},"timestamp":"2023-04-17 14:51:05"}
{"level":"info","message":{"body":"","method":"GET","params":{},"query":{},"url":"/api/user/getById/9d951ffc-a550-48ac-9700-d655f0dbce1a"},"timestamp":"2023-04-17 14:51:55"}
{"level":"info","message":{"body":"","method":"GET","params":{},"query":{},"url":"/api/user/getById/9d951ffc-a550-48ac-9700-d655f0dbce1a"},"timestamp":"2023-04-17 14:51:56"}
{"level":"info","message":{"body":"","method":"GET","params":{},"query":{},"url":"/api/user/getById/9d951ffc-a550-48ac-9700-d655f0dbce1a"},"timestamp":"2023-04-17 14:52:06"}
{"level":"info","message":{"body":"","method":"GET","params":{},"query":{},"url":"/api/user/getById/9d951ffc-a550-48ac-9700-d655f0dbce1a"},"timestamp":"2023-04-17 14:52:06"}
{"level":"info","message":{"body":"","method":"GET","params":{},"query":{},"url":"/api/user/getById/2057a55f-26ac-4bd5-a071-8ffb58c153f0"},"timestamp":"2023-04-17 14:53:05"}
{"level":"info","message":{"body":"","method":"GET","params":{},"query":{},"url":"/api/user/getById/2057a55f-26ac-4bd5-a071-8ffb58c153f0"},"timestamp":"2023-04-17 14:53:06"}
{"level":"info","message":{"body":"","method":"GET","params":{},"query":{},"url":"/api/user/getById/9d951ffc-a550-48ac-9700-d655f0dbce1a"},"timestamp":"2023-04-17 14:54:50"}
{"level":"info","message":{"body":"","method":"GET","params":{},"query":{},"url":"/api/user/getById/9d951ffc-a550-48ac-9700-d655f0dbce1a"},"timestamp":"2023-04-17 14:54:51"}
{"level":"info","message":{"body":"","method":"GET","params":{},"query":{},"url":"/api/user/getById/2057a55f-26ac-4bd5-a071-8ffb58c153f0"},"timestamp":"2023-04-17 15:00:56"}
{"level":"info","message":{"body":"","method":"GET","params":{},"query":{},"url":"/api/user/getById/2057a55f-26ac-4bd5-a071-8ffb58c153f0"},"timestamp":"2023-04-17 15:00:57"}
{"level":"info","message":{"body":"","method":"GET","params":{},"query":{},"url":"/api/user/getById/9d951ffc-a550-48ac-9700-d655f0dbce1a"},"timestamp":"2023-04-17 15:03:16"}
{"level":"info","message":{"body":"","method":"GET","params":{},"query":{},"url":"/api/user/getById/9d951ffc-a550-48ac-9700-d655f0dbce1a"},"timestamp":"2023-04-17 15:03:17"}
{"level":"info","message":{"body":"","method":"GET","params":{},"query":{},"url":"/api/user/getById/9d951ffc-a550-48ac-9700-d655f0dbce1a"},"timestamp":"2023-04-17 15:04:18"}
{"level":"info","message":{"body":"","method":"GET","params":{},"query":{},"url":"/api/user/getById/9d951ffc-a550-48ac-9700-d655f0dbce1a"},"timestamp":"2023-04-17 15:04:18"}
{"level":"info","message":{"body":"","method":"GET","params":{},"query":{},"url":"/api/user/getById/2057a55f-26ac-4bd5-a071-8ffb58c153f0"},"timestamp":"2023-04-17 15:04:54"}
{"level":"info","message":{"body":"","method":"GET","params":{},"query":{},"url":"/api/user/getById/2057a55f-26ac-4bd5-a071-8ffb58c153f0"},"timestamp":"2023-04-17 15:04:54"}
{"level":"info","message":{"body":"","method":"GET","params":{},"query":{},"url":"/api/user/getById/2057a55f-26ac-4bd5-a071-8ffb58c153f0"},"timestamp":"2023-04-17 15:04:57"}
{"level":"info","message":{"body":"","method":"GET","params":{},"query":{},"url":"/api/user/getById/2057a55f-26ac-4bd5-a071-8ffb58c153f0"},"timestamp":"2023-04-17 15:04:57"}
{"level":"info","message":{"body":"","method":"GET","params":{},"query":{},"url":"/api/user/getById/d5bdc691-5af4-4332-bb2f-61b119272ac9"},"timestamp":"2023-04-17 15:04:59"}
{"level":"info","message":{"body":"","method":"GET","params":{},"query":{},"url":"/api/user/getById/d5bdc691-5af4-4332-bb2f-61b119272ac9"},"timestamp":"2023-04-17 15:04:59"}
{"level":"info","message":{"body":"","method":"GET","params":{},"query":{},"url":"/api/user/getById/d5bdc691-5af4-4332-bb2f-61b119272ac9"},"timestamp":"2023-04-17 15:05:04"}
{"level":"info","message":{"body":"","method":"GET","params":{},"query":{},"url":"/api/user/getById/d5bdc691-5af4-4332-bb2f-61b119272ac9"},"timestamp":"2023-04-17 15:05:04"}
{"level":"info","message":{"body":"","method":"GET","params":{},"query":{},"url":"/api/user/getById/e7b42ec5-3d55-41f4-85aa-c578d5e7ddcd"},"timestamp":"2023-04-17 15:05:07"}
{"level":"info","message":{"body":"","method":"GET","params":{},"query":{},"url":"/api/user/getById/e7b42ec5-3d55-41f4-85aa-c578d5e7ddcd"},"timestamp":"2023-04-17 15:05:07"}
{"level":"info","message":{"body":"","method":"GET","params":{},"query":{},"url":"/api/user/getById/9d951ffc-a550-48ac-9700-d655f0dbce1a"},"timestamp":"2023-04-17 15:07:03"}
{"level":"info","message":{"body":"","method":"GET","params":{},"query":{},"url":"/api/user/getById/9d951ffc-a550-48ac-9700-d655f0dbce1a"},"timestamp":"2023-04-17 15:07:04"}
{"level":"info","message":{"body":"","method":"GET","params":{},"query":{},"url":"/api/user/getById/e7b42ec5-3d55-41f4-85aa-c578d5e7ddcd"},"timestamp":"2023-04-17 15:10:08"}
{"level":"info","message":{"body":"","method":"GET","params":{},"query":{},"url":"/api/user/getById/e7b42ec5-3d55-41f4-85aa-c578d5e7ddcd"},"timestamp":"2023-04-17 15:10:08"}
{"level":"info","message":{"body":"","method":"GET","params":{},"query":{},"url":"/api/user/getById/6dda2a71-749c-486c-b5b1-8dbbb57c6068"},"timestamp":"2023-04-17 15:10:20"}
{"level":"info","message":{"body":"","method":"GET","params":{},"query":{},"url":"/api/user/getById/6dda2a71-749c-486c-b5b1-8dbbb57c6068"},"timestamp":"2023-04-17 15:10:21"}
{"level":"info","message":{"body":"","method":"GET","params":{},"query":{},"url":"/api/user/getById/6dda2a71-749c-486c-b5b1-8dbbb57c6068"},"timestamp":"2023-04-17 15:10:22"}
{"level":"info","message":{"body":"","method":"GET","params":{},"query":{},"url":"/api/user/getById/6dda2a71-749c-486c-b5b1-8dbbb57c6068"},"timestamp":"2023-04-17 15:10:23"}
{"level":"info","message":{"body":"","method":"GET","params":{},"query":{},"url":"/api/user/getById/9d951ffc-a550-48ac-9700-d655f0dbce1a"},"timestamp":"2023-04-17 15:13:06"}
{"level":"info","message":{"body":"","method":"GET","params":{},"query":{},"url":"/api/user/getById/9d951ffc-a550-48ac-9700-d655f0dbce1a"},"timestamp":"2023-04-17 15:13:06"}
{"level":"info","message":{"body":"","method":"GET","params":{},"query":{},"url":"/api/user/getById/9d951ffc-a550-48ac-9700-d655f0dbce1a"},"timestamp":"2023-04-17 15:13:31"}
{"level":"info","message":{"body":"","method":"GET","params":{},"query":{},"url":"/api/user/getById/9d951ffc-a550-48ac-9700-d655f0dbce1a"},"timestamp":"2023-04-17 15:13:31"}
{"level":"info","message":{"body":"","method":"GET","params":{},"query":{},"url":"/api/user/getById/d5bdc691-5af4-4332-bb2f-61b119272ac9"},"timestamp":"2023-04-17 15:13:34"}
{"level":"info","message":{"body":"","method":"GET","params":{},"query":{},"url":"/api/user/getById/d5bdc691-5af4-4332-bb2f-61b119272ac9"},"timestamp":"2023-04-17 15:13:34"}
{"level":"info","message":{"body":"","method":"GET","params":{},"query":{},"url":"/api/user/getById/9d951ffc-a550-48ac-9700-d655f0dbce1a"},"timestamp":"2023-04-17 15:17:22"}
{"level":"info","message":{"body":"","method":"GET","params":{},"query":{},"url":"/api/user/getById/9d951ffc-a550-48ac-9700-d655f0dbce1a"},"timestamp":"2023-04-17 15:17:22"}
{"level":"info","message":{"body":"","method":"GET","params":{},"query":{},"url":"/api/user/getById/2057a55f-26ac-4bd5-a071-8ffb58c153f0"},"timestamp":"2023-04-17 15:17:27"}
{"level":"info","message":{"body":"","method":"GET","params":{},"query":{},"url":"/api/user/getById/2057a55f-26ac-4bd5-a071-8ffb58c153f0"},"timestamp":"2023-04-17 15:17:27"}
{"level":"info","message":{"body":"","method":"GET","params":{},"query":{},"url":"/api/user/getById/d5bdc691-5af4-4332-bb2f-61b119272ac9"},"timestamp":"2023-04-17 15:17:34"}
{"level":"info","message":{"body":"","method":"GET","params":{},"query":{},"url":"/api/user/getById/d5bdc691-5af4-4332-bb2f-61b119272ac9"},"timestamp":"2023-04-17 15:17:34"}
{"level":"info","message":{"body":"","method":"GET","params":{},"query":{},"url":"/api/user/getById/d5bdc691-5af4-4332-bb2f-61b119272ac9"},"timestamp":"2023-04-17 15:18:44"}
{"level":"info","message":{"body":"","method":"GET","params":{},"query":{},"url":"/api/user/getById/d5bdc691-5af4-4332-bb2f-61b119272ac9"},"timestamp":"2023-04-17 15:18:45"}
{"level":"info","message":{"body":{"email":"Alexa@gmail.com","password":"957902342"},"method":"POST","params":"","query":"","url":"/api/user/validate"},"timestamp":"2023-04-17 15:19:33"}
{"level":"info","message":{"body":"","method":"GET","params":{},"query":{},"url":"/api/user/getById/d5bdc691-5af4-4332-bb2f-61b119272ac9"},"timestamp":"2023-04-17 15:19:48"}
{"level":"info","message":{"body":"","method":"GET","params":{},"query":{},"url":"/api/user/getById/d5bdc691-5af4-4332-bb2f-61b119272ac9"},"timestamp":"2023-04-17 15:19:48"}
{"level":"info","message":{"body":"","method":"GET","params":{},"query":{},"url":"/api/user/getAll"},"timestamp":"2023-04-17 15:21:00"}
{"level":"info","message":{"body":"","method":"GET","params":{},"query":{},"url":"/api/customer/getAll"},"timestamp":"2023-04-17 15:21:00"}
{"level":"info","message":{"body":"","method":"GET","params":{},"query":{},"url":"/api/user/getById/9d951ffc-a550-48ac-9700-d655f0dbce1a"},"timestamp":"2023-04-17 15:21:06"}
{"level":"info","message":{"body":"","method":"GET","params":{},"query":{},"url":"/api/user/getById/9d951ffc-a550-48ac-9700-d655f0dbce1a"},"timestamp":"2023-04-17 15:21:06"}
{"level":"info","message":{"body":"","method":"DELETE","params":{},"query":"","url":"/api/user/deleteById/9d951ffc-a550-48ac-9700-d655f0dbce1a"},"timestamp":"2023-04-17 15:22:26"}
{"level":"info","message":{"body":"","method":"GET","params":{},"query":{},"url":"/api/user/getAll"},"timestamp":"2023-04-17 15:22:41"}
{"level":"info","message":{"body":"","method":"GET","params":{},"query":{},"url":"/api/customer/getAll"},"timestamp":"2023-04-17 15:22:41"}
{"level":"info","message":{"body":"","method":"GET","params":{},"query":{},"url":"/api/user/getById/9d951ffc-a550-48ac-9700-d655f0dbce1a"},"timestamp":"2023-04-17 15:23:06"}
{"level":"info","message":{"body":"","method":"GET","params":{},"query":{},"url":"/api/user/getById/9d951ffc-a550-48ac-9700-d655f0dbce1a"},"timestamp":"2023-04-17 15:23:16"}
{"level":"info","message":{"body":"","method":"GET","params":{},"query":{},"url":"/api/user/getById/d5bdc691-5af4-4332-bb2f-61b119272ac9"},"timestamp":"2023-04-17 15:23:48"}
{"level":"info","message":{"body":"","method":"GET","params":{},"query":{},"url":"/api/user/getById/d5bdc691-5af4-4332-bb2f-61b119272ac9"},"timestamp":"2023-04-17 15:23:49"}
{"level":"info","message":{"body":"","method":"GET","params":{},"query":{},"url":"/api/user/getById/d5bdc691-5af4-4332-bb2f-61b119272ac9"},"timestamp":"2023-04-17 15:24:02"}
{"level":"info","message":{"body":"","method":"GET","params":{},"query":{},"url":"/api/user/getById/d5bdc691-5af4-4332-bb2f-61b119272ac9"},"timestamp":"2023-04-17 15:24:10"}
{"level":"info","message":{"body":"","method":"GET","params":{},"query":{},"url":"/api/user/getById/d5bdc691-5af4-4332-bb2f-61b119272ac9"},"timestamp":"2023-04-17 15:24:10"}
{"level":"info","message":{"body":"","method":"GET","params":{},"query":{},"url":"/api/user/getById/d5bdc691-5af4-4332-bb2f-61b119272ac9"},"timestamp":"2023-04-17 15:26:18"}
{"level":"info","message":{"body":"","method":"GET","params":{},"query":{},"url":"/api/user/getById/d5bdc691-5af4-4332-bb2f-61b119272ac9"},"timestamp":"2023-04-17 15:26:18"}
{"level":"info","message":{"body":"","method":"GET","params":{},"query":{},"url":"/api/user/getById/d5bdc691-5af4-4332-bb2f-61b119272ac9"},"timestamp":"2023-04-17 15:50:22"}
{"level":"info","message":{"body":"","method":"GET","params":{},"query":{},"url":"/api/user/getAll"},"timestamp":"2023-04-17 15:50:26"}
{"level":"info","message":{"body":"","method":"GET","params":{},"query":{},"url":"/api/customer/getAll"},"timestamp":"2023-04-17 15:50:26"}
{"level":"info","message":{"body":"","method":"GET","params":{},"query":{},"url":"/api/user/getById/6dda2a71-749c-486c-b5b1-8dbbb57c6068"},"timestamp":"2023-04-17 15:50:29"}
{"level":"info","message":{"body":"","method":"GET","params":{},"query":{},"url":"/api/user/getById/6dda2a71-749c-486c-b5b1-8dbbb57c6068"},"timestamp":"2023-04-17 15:50:29"}
{"level":"info","message":{"body":"","method":"GET","params":{},"query":{},"url":"/api/user/getById/2057a55f-26ac-4bd5-a071-8ffb58c153f0"},"timestamp":"2023-04-17 15:50:57"}
{"level":"info","message":{"body":"","method":"GET","params":{},"query":{},"url":"/api/user/getById/2057a55f-26ac-4bd5-a071-8ffb58c153f0"},"timestamp":"2023-04-17 15:50:57"}
{"level":"info","message":{"body":"","method":"GET","params":{},"query":{},"url":"/api/user/getById/2057a55f-26ac-4bd5-a071-8ffb58c153f0"},"timestamp":"2023-04-17 15:51:30"}
{"level":"info","message":{"body":{"email":"Ernesto@gmail.com","password":"957902342"},"method":"POST","params":"","query":"","url":"/api/user/validate"},"timestamp":"2023-04-17 15:52:25"}
{"level":"info","message":{"body":"","method":"GET","params":{},"query":{},"url":"/api/user/getById/2057a55f-26ac-4bd5-a071-8ffb58c153f0"},"timestamp":"2023-04-17 15:52:41"}
{"level":"info","message":{"body":"","method":"GET","params":{},"query":{},"url":"/api/user/getById/2057a55f-26ac-4bd5-a071-8ffb58c153f0"},"timestamp":"2023-04-17 15:52:41"}
{"level":"info","message":{"body":"","method":"GET","params":{},"query":{},"url":"/api/user/getById/2057a55f-26ac-4bd5-a071-8ffb58c153f0"},"timestamp":"2023-04-17 15:52:41"}
{"level":"info","message":{"body":"","method":"GET","params":{},"query":{},"url":"/api/user/getById/2057a55f-26ac-4bd5-a071-8ffb58c153f0"},"timestamp":"2023-04-17 15:52:41"}
{"level":"info","message":{"body":"","method":"GET","params":{},"query":{},"url":"/api/user/getAll"},"timestamp":"2023-04-17 15:52:46"}
{"level":"info","message":{"body":"","method":"GET","params":{},"query":{},"url":"/api/customer/getAll"},"timestamp":"2023-04-17 15:52:46"}
{"level":"info","message":{"body":"","method":"GET","params":{},"query":{},"url":"/api/user/getById/2057a55f-26ac-4bd5-a071-8ffb58c153f0"},"timestamp":"2023-04-17 15:52:53"}
{"level":"info","message":{"body":"","method":"GET","params":{},"query":{},"url":"/api/user/getById/2057a55f-26ac-4bd5-a071-8ffb58c153f0"},"timestamp":"2023-04-17 15:52:53"}
{"level":"info","message":{"body":"","method":"GET","params":{},"query":{},"url":"/api/user/getById/2057a55f-26ac-4bd5-a071-8ffb58c153f0"},"timestamp":"2023-04-17 15:52:53"}
{"level":"info","message":{"body":"","method":"GET","params":{},"query":{},"url":"/api/user/getById/2057a55f-26ac-4bd5-a071-8ffb58c153f0"},"timestamp":"2023-04-17 15:52:53"}
{"level":"info","message":{"body":"","method":"GET","params":{},"query":{},"url":"/api/user/getAll"},"timestamp":"2023-04-17 15:53:02"}
{"level":"info","message":{"body":"","method":"GET","params":{},"query":{},"url":"/api/customer/getAll"},"timestamp":"2023-04-17 15:53:02"}
{"level":"info","message":{"body":"","method":"GET","params":{},"query":{},"url":"/api/user/getById/d5bdc691-5af4-4332-bb2f-61b119272ac9"},"timestamp":"2023-04-17 15:53:05"}
